{"C:\\Users\\kamaa\\dev\\cursor\\vratti\\src\\types.ts": {"path":"C:\\Users\\kamaa\\dev\\cursor\\vratti\\src\\types.ts","statementMap":{},"fnMap":{},"branchMap":{},"s":{},"f":{},"b":{}}
,"C:\\Users\\kamaa\\dev\\cursor\\vratti\\src\\components\\Copyright.tsx": {"path":"C:\\Users\\kamaa\\dev\\cursor\\vratti\\src\\components\\Copyright.tsx","statementMap":{"0":{"start":{"line":6,"column":2},"end":{"line":12,"column":4}},"1":{"start":{"line":15,"column":15},"end":{"line":26,"column":2}}},"fnMap":{"0":{"name":"Copyright","decl":{"start":{"line":5,"column":24},"end":{"line":5,"column":33}},"loc":{"start":{"line":5,"column":36},"end":{"line":13,"column":1}},"line":5}},"branchMap":{},"s":{"0":0,"1":1},"f":{"0":0},"b":{},"_coverageSchema":"1a1c01bbd47fc00a2c39e90264f33305004495a9","hash":"891e36481e311698c59893a61d4f73e3e3d3f658"}
,"C:\\Users\\kamaa\\dev\\cursor\\vratti\\src\\config\\firebase.ts": {"path":"C:\\Users\\kamaa\\dev\\cursor\\vratti\\src\\config\\firebase.ts","statementMap":{"0":{"start":{"line":8,"column":0},"end":{"line":8,"column":64}},"1":{"start":{"line":10,"column":23},"end":{"line":21,"column":1}},"2":{"start":{"line":25,"column":0},"end":{"line":31,"column":1}},"3":{"start":{"line":26,"column":4},"end":{"line":26,"column":40}},"4":{"start":{"line":27,"column":4},"end":{"line":27,"column":57}},"5":{"start":{"line":29,"column":4},"end":{"line":29,"column":61}},"6":{"start":{"line":30,"column":4},"end":{"line":30,"column":16}},"7":{"start":{"line":35,"column":0},"end":{"line":47,"column":1}},"8":{"start":{"line":36,"column":4},"end":{"line":42,"column":5}},"9":{"start":{"line":37,"column":8},"end":{"line":37,"column":28}},"10":{"start":{"line":39,"column":8},"end":{"line":41,"column":11}},"11":{"start":{"line":43,"column":4},"end":{"line":43,"column":58}},"12":{"start":{"line":45,"column":4},"end":{"line":45,"column":62}},"13":{"start":{"line":46,"column":4},"end":{"line":46,"column":16}},"14":{"start":{"line":50,"column":11},"end":{"line":50,"column":28}},"15":{"start":{"line":53,"column":0},"end":{"line":53,"column":76}}},"fnMap":{},"branchMap":{"0":{"loc":{"start":{"line":36,"column":4},"end":{"line":42,"column":5}},"type":"if","locations":[{"start":{"line":36,"column":4},"end":{"line":42,"column":5}},{"start":{"line":38,"column":11},"end":{"line":42,"column":5}}],"line":36}},"s":{"0":0,"1":0,"2":0,"3":0,"4":0,"5":0,"6":0,"7":0,"8":0,"9":0,"10":0,"11":0,"12":0,"13":0,"14":0,"15":0},"f":{},"b":{"0":[0,0]}}
,"C:\\Users\\kamaa\\dev\\cursor\\vratti\\src\\contexts\\AuthContext.tsx": {"path":"C:\\Users\\kamaa\\dev\\cursor\\vratti\\src\\contexts\\AuthContext.tsx","statementMap":{"0":{"start":{"line":26,"column":27},"end":{"line":42,"column":2}},"1":{"start":{"line":45,"column":26},"end":{"line":45,"column":57}},"2":{"start":{"line":46,"column":32},"end":{"line":46,"column":46}},"3":{"start":{"line":47,"column":34},"end":{"line":47,"column":48}},"4":{"start":{"line":48,"column":56},"end":{"line":48,"column":85}},"5":{"start":{"line":49,"column":15},"end":{"line":49,"column":24}},"6":{"start":{"line":50,"column":31},"end":{"line":50,"column":44}},"7":{"start":{"line":51,"column":27},"end":{"line":51,"column":40}},"8":{"start":{"line":52,"column":28},"end":{"line":52,"column":63}},"9":{"start":{"line":53,"column":29},"end":{"line":53,"column":62}},"10":{"start":{"line":54,"column":27},"end":{"line":54,"column":53}},"11":{"start":{"line":57,"column":29},"end":{"line":82,"column":3}},"12":{"start":{"line":58,"column":4},"end":{"line":58,"column":22}},"13":{"start":{"line":58,"column":15},"end":{"line":58,"column":22}},"14":{"start":{"line":60,"column":16},"end":{"line":60,"column":26}},"15":{"start":{"line":62,"column":4},"end":{"line":62,"column":54}},"16":{"start":{"line":62,"column":47},"end":{"line":62,"column":54}},"17":{"start":{"line":64,"column":4},"end":{"line":64,"column":35}},"18":{"start":{"line":65,"column":26},"end":{"line":65,"column":57}},"19":{"start":{"line":67,"column":4},"end":{"line":81,"column":5}},"20":{"start":{"line":68,"column":6},"end":{"line":78,"column":9}},"21":{"start":{"line":80,"column":6},"end":{"line":80,"column":60}},"22":{"start":{"line":85,"column":2},"end":{"line":104,"column":13}},"23":{"start":{"line":86,"column":4},"end":{"line":97,"column":5}},"24":{"start":{"line":87,"column":6},"end":{"line":94,"column":9}},"25":{"start":{"line":88,"column":8},"end":{"line":88,"column":48}},"26":{"start":{"line":89,"column":8},"end":{"line":93,"column":9}},"27":{"start":{"line":90,"column":10},"end":{"line":90,"column":35}},"28":{"start":{"line":92,"column":10},"end":{"line":92,"column":36}},"29":{"start":{"line":96,"column":6},"end":{"line":96,"column":65}},"30":{"start":{"line":99,"column":4},"end":{"line":103,"column":6}},"31":{"start":{"line":100,"column":6},"end":{"line":102,"column":7}},"32":{"start":{"line":101,"column":8},"end":{"line":101,"column":37}},"33":{"start":{"line":107,"column":2},"end":{"line":152,"column":23}},"34":{"start":{"line":108,"column":4},"end":{"line":108,"column":22}},"35":{"start":{"line":108,"column":15},"end":{"line":108,"column":22}},"36":{"start":{"line":110,"column":33},"end":{"line":130,"column":5}},"37":{"start":{"line":111,"column":6},"end":{"line":129,"column":7}},"38":{"start":{"line":112,"column":8},"end":{"line":123,"column":9}},"39":{"start":{"line":113,"column":10},"end":{"line":113,"column":41}},"40":{"start":{"line":115,"column":10},"end":{"line":117,"column":11}},"41":{"start":{"line":116,"column":12},"end":{"line":116,"column":53}},"42":{"start":{"line":118,"column":10},"end":{"line":122,"column":20}},"43":{"start":{"line":119,"column":12},"end":{"line":121,"column":13}},"44":{"start":{"line":120,"column":14},"end":{"line":120,"column":45}},"45":{"start":{"line":125,"column":8},"end":{"line":127,"column":9}},"46":{"start":{"line":126,"column":10},"end":{"line":126,"column":51}},"47":{"start":{"line":128,"column":8},"end":{"line":128,"column":40}},"48":{"start":{"line":132,"column":25},"end":{"line":132,"column":82}},"49":{"start":{"line":135,"column":4},"end":{"line":142,"column":5}},"50":{"start":{"line":136,"column":6},"end":{"line":136,"column":31}},"51":{"start":{"line":137,"column":6},"end":{"line":141,"column":16}},"52":{"start":{"line":138,"column":8},"end":{"line":140,"column":9}},"53":{"start":{"line":139,"column":10},"end":{"line":139,"column":41}},"54":{"start":{"line":144,"column":4},"end":{"line":151,"column":6}},"55":{"start":{"line":145,"column":6},"end":{"line":145,"column":28}},"56":{"start":{"line":146,"column":6},"end":{"line":149,"column":7}},"57":{"start":{"line":147,"column":8},"end":{"line":147,"column":49}},"58":{"start":{"line":148,"column":8},"end":{"line":148,"column":41}},"59":{"start":{"line":150,"column":6},"end":{"line":150,"column":53}},"60":{"start":{"line":154,"column":16},"end":{"line":182,"column":3}},"61":{"start":{"line":155,"column":4},"end":{"line":181,"column":5}},"62":{"start":{"line":156,"column":29},"end":{"line":156,"column":84}},"63":{"start":{"line":157,"column":22},"end":{"line":157,"column":77}},"64":{"start":{"line":158,"column":23},"end":{"line":158,"column":37}},"65":{"start":{"line":160,"column":6},"end":{"line":162,"column":7}},"66":{"start":{"line":161,"column":8},"end":{"line":161,"column":46}},"67":{"start":{"line":165,"column":20},"end":{"line":165,"column":61}},"68":{"start":{"line":166,"column":6},"end":{"line":170,"column":7}},"69":{"start":{"line":167,"column":8},"end":{"line":169,"column":11}},"70":{"start":{"line":172,"column":6},"end":{"line":177,"column":9}},"71":{"start":{"line":179,"column":6},"end":{"line":179,"column":43}},"72":{"start":{"line":180,"column":6},"end":{"line":180,"column":18}},"73":{"start":{"line":184,"column":17},"end":{"line":203,"column":3}},"74":{"start":{"line":185,"column":4},"end":{"line":202,"column":5}},"75":{"start":{"line":186,"column":29},"end":{"line":186,"column":88}},"76":{"start":{"line":187,"column":20},"end":{"line":187,"column":61}},"77":{"start":{"line":189,"column":6},"end":{"line":198,"column":9}},"78":{"start":{"line":200,"column":6},"end":{"line":200,"column":44}},"79":{"start":{"line":201,"column":6},"end":{"line":201,"column":18}},"80":{"start":{"line":205,"column":24},"end":{"line":212,"column":3}},"81":{"start":{"line":206,"column":4},"end":{"line":211,"column":5}},"82":{"start":{"line":207,"column":6},"end":{"line":207,"column":48}},"83":{"start":{"line":209,"column":6},"end":{"line":209,"column":52}},"84":{"start":{"line":210,"column":6},"end":{"line":210,"column":18}},"85":{"start":{"line":214,"column":18},"end":{"line":265,"column":3}},"86":{"start":{"line":215,"column":4},"end":{"line":264,"column":5}},"87":{"start":{"line":216,"column":6},"end":{"line":260,"column":7}},"88":{"start":{"line":218,"column":8},"end":{"line":221,"column":9}},"89":{"start":{"line":219,"column":10},"end":{"line":219,"column":51}},"90":{"start":{"line":220,"column":10},"end":{"line":220,"column":43}},"91":{"start":{"line":224,"column":26},"end":{"line":224,"column":53}},"92":{"start":{"line":225,"column":30},"end":{"line":225,"column":61}},"93":{"start":{"line":227,"column":22},"end":{"line":227,"column":36}},"94":{"start":{"line":230,"column":8},"end":{"line":233,"column":11}},"95":{"start":{"line":236,"column":8},"end":{"line":246,"column":11}},"96":{"start":{"line":249,"column":24},"end":{"line":249,"column":50}},"97":{"start":{"line":250,"column":8},"end":{"line":252,"column":11}},"98":{"start":{"line":255,"column":8},"end":{"line":255,"column":29}},"99":{"start":{"line":258,"column":8},"end":{"line":258,"column":36}},"100":{"start":{"line":259,"column":8},"end":{"line":259,"column":22}},"101":{"start":{"line":262,"column":6},"end":{"line":262,"column":44}},"102":{"start":{"line":263,"column":6},"end":{"line":263,"column":18}},"103":{"start":{"line":267,"column":2},"end":{"line":365,"column":13}},"104":{"start":{"line":268,"column":18},"end":{"line":268,"column":22}},"105":{"start":{"line":269,"column":4},"end":{"line":269,"column":21}},"106":{"start":{"line":271,"column":24},"end":{"line":359,"column":6}},"107":{"start":{"line":272,"column":6},"end":{"line":358,"column":7}},"108":{"start":{"line":273,"column":8},"end":{"line":350,"column":9}},"109":{"start":{"line":275,"column":26},"end":{"line":275,"column":66}},"110":{"start":{"line":276,"column":27},"end":{"line":276,"column":41}},"111":{"start":{"line":278,"column":10},"end":{"line":283,"column":11}},"112":{"start":{"line":279,"column":12},"end":{"line":279,"column":65}},"113":{"start":{"line":280,"column":12},"end":{"line":280,"column":26}},"114":{"start":{"line":281,"column":12},"end":{"line":281,"column":30}},"115":{"start":{"line":282,"column":12},"end":{"line":282,"column":19}},"116":{"start":{"line":285,"column":10},"end":{"line":285,"column":53}},"117":{"start":{"line":288,"column":32},"end":{"line":288,"column":63}},"118":{"start":{"line":289,"column":10},"end":{"line":294,"column":13}},"119":{"start":{"line":297,"column":10},"end":{"line":299,"column":11}},"120":{"start":{"line":298,"column":12},"end":{"line":298,"column":53}},"121":{"start":{"line":301,"column":10},"end":{"line":310,"column":20}},"122":{"start":{"line":302,"column":12},"end":{"line":309,"column":13}},"123":{"start":{"line":303,"column":14},"end":{"line":308,"column":17}},"124":{"start":{"line":313,"column":31},"end":{"line":331,"column":12}},"125":{"start":{"line":314,"column":12},"end":{"line":314,"column":33}},"126":{"start":{"line":314,"column":26},"end":{"line":314,"column":33}},"127":{"start":{"line":316,"column":12},"end":{"line":330,"column":13}},"128":{"start":{"line":317,"column":14},"end":{"line":322,"column":17}},"129":{"start":{"line":323,"column":19},"end":{"line":330,"column":13}},"130":{"start":{"line":324,"column":14},"end":{"line":329,"column":17}},"131":{"start":{"line":333,"column":10},"end":{"line":345,"column":12}},"132":{"start":{"line":334,"column":12},"end":{"line":334,"column":28}},"133":{"start":{"line":335,"column":12},"end":{"line":337,"column":13}},"134":{"start":{"line":336,"column":14},"end":{"line":336,"column":55}},"135":{"start":{"line":338,"column":12},"end":{"line":338,"column":34}},"136":{"start":{"line":339,"column":12},"end":{"line":344,"column":15}},"137":{"start":{"line":347,"column":10},"end":{"line":349,"column":11}},"138":{"start":{"line":348,"column":12},"end":{"line":348,"column":26}},"139":{"start":{"line":352,"column":8},"end":{"line":352,"column":60}},"140":{"start":{"line":353,"column":8},"end":{"line":353,"column":115}},"141":{"start":{"line":355,"column":8},"end":{"line":357,"column":9}},"142":{"start":{"line":356,"column":10},"end":{"line":356,"column":28}},"143":{"start":{"line":361,"column":4},"end":{"line":364,"column":6}},"144":{"start":{"line":362,"column":6},"end":{"line":362,"column":22}},"145":{"start":{"line":363,"column":6},"end":{"line":363,"column":20}},"146":{"start":{"line":368,"column":2},"end":{"line":385,"column":9}},"147":{"start":{"line":369,"column":4},"end":{"line":371,"column":7}},"148":{"start":{"line":370,"column":6},"end":{"line":370,"column":58}},"149":{"start":{"line":373,"column":4},"end":{"line":375,"column":7}},"150":{"start":{"line":374,"column":6},"end":{"line":374,"column":54}},"151":{"start":{"line":377,"column":4},"end":{"line":384,"column":6}},"152":{"start":{"line":378,"column":6},"end":{"line":380,"column":7}},"153":{"start":{"line":379,"column":8},"end":{"line":379,"column":83}},"154":{"start":{"line":381,"column":6},"end":{"line":383,"column":7}},"155":{"start":{"line":382,"column":8},"end":{"line":382,"column":79}},"156":{"start":{"line":387,"column":2},"end":{"line":393,"column":3}},"157":{"start":{"line":388,"column":4},"end":{"line":392,"column":6}},"158":{"start":{"line":395,"column":2},"end":{"line":409,"column":3}},"159":{"start":{"line":396,"column":4},"end":{"line":408,"column":6}},"160":{"start":{"line":403,"column":25},"end":{"line":403,"column":53}},"161":{"start":{"line":411,"column":16},"end":{"line":419,"column":3}},"162":{"start":{"line":421,"column":2},"end":{"line":425,"column":4}},"163":{"start":{"line":428,"column":23},"end":{"line":430,"column":1}},"164":{"start":{"line":429,"column":2},"end":{"line":429,"column":33}}},"fnMap":{"0":{"name":"(anonymous_0)","decl":{"start":{"line":36,"column":9},"end":{"line":36,"column":10}},"loc":{"start":{"line":36,"column":21},"end":{"line":36,"column":23}},"line":36},"1":{"name":"(anonymous_1)","decl":{"start":{"line":37,"column":11},"end":{"line":37,"column":12}},"loc":{"start":{"line":37,"column":23},"end":{"line":37,"column":25}},"line":37},"2":{"name":"(anonymous_2)","decl":{"start":{"line":38,"column":10},"end":{"line":38,"column":11}},"loc":{"start":{"line":38,"column":22},"end":{"line":38,"column":24}},"line":38},"3":{"name":"(anonymous_3)","decl":{"start":{"line":39,"column":17},"end":{"line":39,"column":18}},"loc":{"start":{"line":39,"column":29},"end":{"line":39,"column":31}},"line":39},"4":{"name":"AuthProvider","decl":{"start":{"line":44,"column":16},"end":{"line":44,"column":28}},"loc":{"start":{"line":44,"column":74},"end":{"line":426,"column":1}},"line":44},"5":{"name":"(anonymous_5)","decl":{"start":{"line":57,"column":29},"end":{"line":57,"column":30}},"loc":{"start":{"line":57,"column":58},"end":{"line":82,"column":3}},"line":57},"6":{"name":"(anonymous_6)","decl":{"start":{"line":85,"column":12},"end":{"line":85,"column":13}},"loc":{"start":{"line":85,"column":18},"end":{"line":104,"column":3}},"line":85},"7":{"name":"(anonymous_7)","decl":{"start":{"line":87,"column":60},"end":{"line":87,"column":61}},"loc":{"start":{"line":87,"column":69},"end":{"line":94,"column":7}},"line":87},"8":{"name":"(anonymous_8)","decl":{"start":{"line":99,"column":11},"end":{"line":99,"column":12}},"loc":{"start":{"line":99,"column":17},"end":{"line":103,"column":5}},"line":99},"9":{"name":"(anonymous_9)","decl":{"start":{"line":107,"column":12},"end":{"line":107,"column":13}},"loc":{"start":{"line":107,"column":18},"end":{"line":152,"column":3}},"line":107},"10":{"name":"(anonymous_10)","decl":{"start":{"line":110,"column":33},"end":{"line":110,"column":34}},"loc":{"start":{"line":110,"column":65},"end":{"line":130,"column":5}},"line":110},"11":{"name":"(anonymous_11)","decl":{"start":{"line":118,"column":50},"end":{"line":118,"column":51}},"loc":{"start":{"line":118,"column":62},"end":{"line":122,"column":11}},"line":118},"12":{"name":"(anonymous_12)","decl":{"start":{"line":137,"column":46},"end":{"line":137,"column":47}},"loc":{"start":{"line":137,"column":58},"end":{"line":141,"column":7}},"line":137},"13":{"name":"(anonymous_13)","decl":{"start":{"line":144,"column":11},"end":{"line":144,"column":12}},"loc":{"start":{"line":144,"column":17},"end":{"line":151,"column":5}},"line":144},"14":{"name":"(anonymous_14)","decl":{"start":{"line":154,"column":16},"end":{"line":154,"column":17}},"loc":{"start":{"line":154,"column":59},"end":{"line":182,"column":3}},"line":154},"15":{"name":"(anonymous_15)","decl":{"start":{"line":184,"column":17},"end":{"line":184,"column":18}},"loc":{"start":{"line":184,"column":122},"end":{"line":203,"column":3}},"line":184},"16":{"name":"(anonymous_16)","decl":{"start":{"line":205,"column":24},"end":{"line":205,"column":25}},"loc":{"start":{"line":205,"column":49},"end":{"line":212,"column":3}},"line":205},"17":{"name":"(anonymous_17)","decl":{"start":{"line":214,"column":18},"end":{"line":214,"column":19}},"loc":{"start":{"line":214,"column":30},"end":{"line":265,"column":3}},"line":214},"18":{"name":"(anonymous_18)","decl":{"start":{"line":267,"column":12},"end":{"line":267,"column":13}},"loc":{"start":{"line":267,"column":18},"end":{"line":365,"column":3}},"line":267},"19":{"name":"(anonymous_19)","decl":{"start":{"line":271,"column":49},"end":{"line":271,"column":50}},"loc":{"start":{"line":271,"column":65},"end":{"line":359,"column":5}},"line":271},"20":{"name":"(anonymous_20)","decl":{"start":{"line":301,"column":50},"end":{"line":301,"column":51}},"loc":{"start":{"line":301,"column":56},"end":{"line":310,"column":11}},"line":301},"21":{"name":"(anonymous_21)","decl":{"start":{"line":313,"column":67},"end":{"line":313,"column":68}},"loc":{"start":{"line":313,"column":85},"end":{"line":331,"column":11}},"line":313},"22":{"name":"(anonymous_22)","decl":{"start":{"line":333,"column":17},"end":{"line":333,"column":18}},"loc":{"start":{"line":333,"column":23},"end":{"line":345,"column":11}},"line":333},"23":{"name":"(anonymous_23)","decl":{"start":{"line":361,"column":11},"end":{"line":361,"column":12}},"loc":{"start":{"line":361,"column":17},"end":{"line":364,"column":5}},"line":361},"24":{"name":"(anonymous_24)","decl":{"start":{"line":368,"column":12},"end":{"line":368,"column":13}},"loc":{"start":{"line":368,"column":18},"end":{"line":385,"column":3}},"line":368},"25":{"name":"(anonymous_25)","decl":{"start":{"line":369,"column":81},"end":{"line":369,"column":82}},"loc":{"start":{"line":369,"column":97},"end":{"line":371,"column":5}},"line":369},"26":{"name":"(anonymous_26)","decl":{"start":{"line":373,"column":85},"end":{"line":373,"column":86}},"loc":{"start":{"line":373,"column":97},"end":{"line":375,"column":5}},"line":373},"27":{"name":"(anonymous_27)","decl":{"start":{"line":377,"column":11},"end":{"line":377,"column":12}},"loc":{"start":{"line":377,"column":17},"end":{"line":384,"column":5}},"line":377},"28":{"name":"(anonymous_28)","decl":{"start":{"line":403,"column":19},"end":{"line":403,"column":20}},"loc":{"start":{"line":403,"column":25},"end":{"line":403,"column":53}},"line":403},"29":{"name":"(anonymous_29)","decl":{"start":{"line":428,"column":23},"end":{"line":428,"column":24}},"loc":{"start":{"line":428,"column":29},"end":{"line":430,"column":1}},"line":428}},"branchMap":{"0":{"loc":{"start":{"line":58,"column":4},"end":{"line":58,"column":22}},"type":"if","locations":[{"start":{"line":58,"column":4},"end":{"line":58,"column":22}},{"start":{},"end":{}}],"line":58},"1":{"loc":{"start":{"line":62,"column":4},"end":{"line":62,"column":54}},"type":"if","locations":[{"start":{"line":62,"column":4},"end":{"line":62,"column":54}},{"start":{},"end":{}}],"line":62},"2":{"loc":{"start":{"line":88,"column":20},"end":{"line":88,"column":46}},"type":"binary-expr","locations":[{"start":{"line":88,"column":20},"end":{"line":88,"column":37}},{"start":{"line":88,"column":41},"end":{"line":88,"column":46}}],"line":88},"3":{"loc":{"start":{"line":89,"column":8},"end":{"line":93,"column":9}},"type":"if","locations":[{"start":{"line":89,"column":8},"end":{"line":93,"column":9}},{"start":{"line":91,"column":15},"end":{"line":93,"column":9}}],"line":89},"4":{"loc":{"start":{"line":100,"column":6},"end":{"line":102,"column":7}},"type":"if","locations":[{"start":{"line":100,"column":6},"end":{"line":102,"column":7}},{"start":{},"end":{}}],"line":100},"5":{"loc":{"start":{"line":108,"column":4},"end":{"line":108,"column":22}},"type":"if","locations":[{"start":{"line":108,"column":4},"end":{"line":108,"column":22}},{"start":{},"end":{}}],"line":108},"6":{"loc":{"start":{"line":111,"column":6},"end":{"line":129,"column":7}},"type":"if","locations":[{"start":{"line":111,"column":6},"end":{"line":129,"column":7}},{"start":{"line":124,"column":13},"end":{"line":129,"column":7}}],"line":111},"7":{"loc":{"start":{"line":112,"column":8},"end":{"line":123,"column":9}},"type":"if","locations":[{"start":{"line":112,"column":8},"end":{"line":123,"column":9}},{"start":{},"end":{}}],"line":112},"8":{"loc":{"start":{"line":115,"column":10},"end":{"line":117,"column":11}},"type":"if","locations":[{"start":{"line":115,"column":10},"end":{"line":117,"column":11}},{"start":{},"end":{}}],"line":115},"9":{"loc":{"start":{"line":119,"column":12},"end":{"line":121,"column":13}},"type":"if","locations":[{"start":{"line":119,"column":12},"end":{"line":121,"column":13}},{"start":{},"end":{}}],"line":119},"10":{"loc":{"start":{"line":125,"column":8},"end":{"line":127,"column":9}},"type":"if","locations":[{"start":{"line":125,"column":8},"end":{"line":127,"column":9}},{"start":{},"end":{}}],"line":125},"11":{"loc":{"start":{"line":135,"column":4},"end":{"line":142,"column":5}},"type":"if","locations":[{"start":{"line":135,"column":4},"end":{"line":142,"column":5}},{"start":{},"end":{}}],"line":135},"12":{"loc":{"start":{"line":138,"column":8},"end":{"line":140,"column":9}},"type":"if","locations":[{"start":{"line":138,"column":8},"end":{"line":140,"column":9}},{"start":{},"end":{}}],"line":138},"13":{"loc":{"start":{"line":146,"column":6},"end":{"line":149,"column":7}},"type":"if","locations":[{"start":{"line":146,"column":6},"end":{"line":149,"column":7}},{"start":{},"end":{}}],"line":146},"14":{"loc":{"start":{"line":160,"column":6},"end":{"line":162,"column":7}},"type":"if","locations":[{"start":{"line":160,"column":6},"end":{"line":162,"column":7}},{"start":{},"end":{}}],"line":160},"15":{"loc":{"start":{"line":166,"column":6},"end":{"line":170,"column":7}},"type":"if","locations":[{"start":{"line":166,"column":6},"end":{"line":170,"column":7}},{"start":{},"end":{}}],"line":166},"16":{"loc":{"start":{"line":193,"column":21},"end":{"line":193,"column":38}},"type":"binary-expr","locations":[{"start":{"line":193,"column":21},"end":{"line":193,"column":32}},{"start":{"line":193,"column":36},"end":{"line":193,"column":38}}],"line":193},"17":{"loc":{"start":{"line":216,"column":6},"end":{"line":260,"column":7}},"type":"if","locations":[{"start":{"line":216,"column":6},"end":{"line":260,"column":7}},{"start":{},"end":{}}],"line":216},"18":{"loc":{"start":{"line":218,"column":8},"end":{"line":221,"column":9}},"type":"if","locations":[{"start":{"line":218,"column":8},"end":{"line":221,"column":9}},{"start":{},"end":{}}],"line":218},"19":{"loc":{"start":{"line":273,"column":8},"end":{"line":350,"column":9}},"type":"if","locations":[{"start":{"line":273,"column":8},"end":{"line":350,"column":9}},{"start":{"line":346,"column":15},"end":{"line":350,"column":9}}],"line":273},"20":{"loc":{"start":{"line":273,"column":12},"end":{"line":273,"column":27}},"type":"binary-expr","locations":[{"start":{"line":273,"column":12},"end":{"line":273,"column":16}},{"start":{"line":273,"column":20},"end":{"line":273,"column":27}}],"line":273},"21":{"loc":{"start":{"line":278,"column":10},"end":{"line":283,"column":11}},"type":"if","locations":[{"start":{"line":278,"column":10},"end":{"line":283,"column":11}},{"start":{},"end":{}}],"line":278},"22":{"loc":{"start":{"line":297,"column":10},"end":{"line":299,"column":11}},"type":"if","locations":[{"start":{"line":297,"column":10},"end":{"line":299,"column":11}},{"start":{},"end":{}}],"line":297},"23":{"loc":{"start":{"line":302,"column":12},"end":{"line":309,"column":13}},"type":"if","locations":[{"start":{"line":302,"column":12},"end":{"line":309,"column":13}},{"start":{},"end":{}}],"line":302},"24":{"loc":{"start":{"line":314,"column":12},"end":{"line":314,"column":33}},"type":"if","locations":[{"start":{"line":314,"column":12},"end":{"line":314,"column":33}},{"start":{},"end":{}}],"line":314},"25":{"loc":{"start":{"line":316,"column":12},"end":{"line":330,"column":13}},"type":"if","locations":[{"start":{"line":316,"column":12},"end":{"line":330,"column":13}},{"start":{"line":323,"column":19},"end":{"line":330,"column":13}}],"line":316},"26":{"loc":{"start":{"line":323,"column":19},"end":{"line":330,"column":13}},"type":"if","locations":[{"start":{"line":323,"column":19},"end":{"line":330,"column":13}},{"start":{},"end":{}}],"line":323},"27":{"loc":{"start":{"line":323,"column":23},"end":{"line":323,"column":83}},"type":"binary-expr","locations":[{"start":{"line":323,"column":23},"end":{"line":323,"column":52}},{"start":{"line":323,"column":56},"end":{"line":323,"column":83}}],"line":323},"28":{"loc":{"start":{"line":335,"column":12},"end":{"line":337,"column":13}},"type":"if","locations":[{"start":{"line":335,"column":12},"end":{"line":337,"column":13}},{"start":{},"end":{}}],"line":335},"29":{"loc":{"start":{"line":347,"column":10},"end":{"line":349,"column":11}},"type":"if","locations":[{"start":{"line":347,"column":10},"end":{"line":349,"column":11}},{"start":{},"end":{}}],"line":347},"30":{"loc":{"start":{"line":353,"column":31},"end":{"line":353,"column":113}},"type":"cond-expr","locations":[{"start":{"line":353,"column":56},"end":{"line":353,"column":69}},{"start":{"line":353,"column":72},"end":{"line":353,"column":113}}],"line":353},"31":{"loc":{"start":{"line":355,"column":8},"end":{"line":357,"column":9}},"type":"if","locations":[{"start":{"line":355,"column":8},"end":{"line":357,"column":9}},{"start":{},"end":{}}],"line":355},"32":{"loc":{"start":{"line":378,"column":6},"end":{"line":380,"column":7}},"type":"if","locations":[{"start":{"line":378,"column":6},"end":{"line":380,"column":7}},{"start":{},"end":{}}],"line":378},"33":{"loc":{"start":{"line":381,"column":6},"end":{"line":383,"column":7}},"type":"if","locations":[{"start":{"line":381,"column":6},"end":{"line":383,"column":7}},{"start":{},"end":{}}],"line":381},"34":{"loc":{"start":{"line":387,"column":2},"end":{"line":393,"column":3}},"type":"if","locations":[{"start":{"line":387,"column":2},"end":{"line":393,"column":3}},{"start":{},"end":{}}],"line":387},"35":{"loc":{"start":{"line":395,"column":2},"end":{"line":409,"column":3}},"type":"if","locations":[{"start":{"line":395,"column":2},"end":{"line":409,"column":3}},{"start":{},"end":{}}],"line":395}},"s":{"0":1,"1":5,"2":5,"3":5,"4":5,"5":5,"6":5,"7":5,"8":5,"9":5,"10":5,"11":5,"12":0,"13":0,"14":0,"15":0,"16":0,"17":0,"18":0,"19":0,"20":0,"21":0,"22":5,"23":5,"24":5,"25":0,"26":0,"27":0,"28":0,"29":0,"30":5,"31":5,"32":5,"33":5,"34":5,"35":5,"36":0,"37":0,"38":0,"39":0,"40":0,"41":0,"42":0,"43":0,"44":0,"45":0,"46":0,"47":0,"48":0,"49":0,"50":0,"51":0,"52":0,"53":0,"54":0,"55":0,"56":0,"57":0,"58":0,"59":0,"60":5,"61":0,"62":0,"63":0,"64":0,"65":0,"66":0,"67":0,"68":0,"69":0,"70":0,"71":0,"72":0,"73":5,"74":0,"75":0,"76":0,"77":0,"78":0,"79":0,"80":5,"81":0,"82":0,"83":0,"84":0,"85":5,"86":0,"87":0,"88":0,"89":0,"90":0,"91":0,"92":0,"93":0,"94":0,"95":0,"96":0,"97":0,"98":0,"99":0,"100":0,"101":0,"102":0,"103":5,"104":5,"105":5,"106":5,"107":5,"108":5,"109":5,"110":5,"111":5,"112":0,"113":0,"114":0,"115":0,"116":5,"117":5,"118":5,"119":5,"120":0,"121":5,"122":0,"123":0,"124":5,"125":0,"126":0,"127":0,"128":0,"129":0,"130":0,"131":5,"132":0,"133":0,"134":0,"135":0,"136":0,"137":0,"138":0,"139":0,"140":0,"141":5,"142":5,"143":5,"144":5,"145":5,"146":5,"147":5,"148":0,"149":5,"150":0,"151":5,"152":5,"153":5,"154":0,"155":0,"156":5,"157":5,"158":0,"159":0,"160":0,"161":0,"162":0,"163":1,"164":0},"f":{"0":0,"1":0,"2":0,"3":0,"4":5,"5":0,"6":5,"7":0,"8":5,"9":5,"10":0,"11":0,"12":0,"13":0,"14":0,"15":0,"16":0,"17":0,"18":5,"19":5,"20":0,"21":0,"22":0,"23":5,"24":5,"25":0,"26":0,"27":5,"28":0,"29":0},"b":{"0":[0,0],"1":[0,0],"2":[0,0],"3":[0,0],"4":[5,0],"5":[5,0],"6":[0,0],"7":[0,0],"8":[0,0],"9":[0,0],"10":[0,0],"11":[0,0],"12":[0,0],"13":[0,0],"14":[0,0],"15":[0,0],"16":[0,0],"17":[0,0],"18":[0,0],"19":[5,0],"20":[5,5],"21":[0,5],"22":[0,5],"23":[0,0],"24":[0,0],"25":[0,0],"26":[0,0],"27":[0,0],"28":[0,0],"29":[0,0],"30":[0,0],"31":[5,0],"32":[5,0],"33":[0,0],"34":[5,0],"35":[0,0]},"_coverageSchema":"1a1c01bbd47fc00a2c39e90264f33305004495a9","hash":"19748eb9e2106adb770f6fbc25db0fd8a3394b78"}
,"C:\\Users\\kamaa\\dev\\cursor\\vratti\\src\\contexts\\ChatContext.tsx": {"path":"C:\\Users\\kamaa\\dev\\cursor\\vratti\\src\\contexts\\ChatContext.tsx","statementMap":{"0":{"start":{"line":48,"column":20},"end":{"line":48,"column":73}},"1":{"start":{"line":50,"column":69},"end":{"line":275,"column":1}},"2":{"start":{"line":51,"column":19},"end":{"line":51,"column":28}},"3":{"start":{"line":52,"column":40},"end":{"line":52,"column":67}},"4":{"start":{"line":53,"column":34},"end":{"line":53,"column":57}},"5":{"start":{"line":54,"column":32},"end":{"line":54,"column":47}},"6":{"start":{"line":55,"column":28},"end":{"line":55,"column":57}},"7":{"start":{"line":56,"column":48},"end":{"line":56,"column":63}},"8":{"start":{"line":57,"column":48},"end":{"line":57,"column":63}},"9":{"start":{"line":58,"column":31},"end":{"line":58,"column":54}},"10":{"start":{"line":59,"column":29},"end":{"line":59,"column":62}},"11":{"start":{"line":60,"column":35},"end":{"line":60,"column":39}},"12":{"start":{"line":63,"column":26},"end":{"line":99,"column":3}},"13":{"start":{"line":64,"column":4},"end":{"line":64,"column":56}},"14":{"start":{"line":64,"column":15},"end":{"line":64,"column":56}},"15":{"start":{"line":66,"column":21},"end":{"line":66,"column":44}},"16":{"start":{"line":68,"column":14},"end":{"line":72,"column":5}},"17":{"start":{"line":73,"column":34},"end":{"line":73,"column":50}},"18":{"start":{"line":75,"column":4},"end":{"line":79,"column":5}},"19":{"start":{"line":76,"column":21},"end":{"line":76,"column":53}},"20":{"start":{"line":77,"column":6},"end":{"line":77,"column":86}},"21":{"start":{"line":78,"column":6},"end":{"line":78,"column":20}},"22":{"start":{"line":81,"column":21},"end":{"line":89,"column":5}},"23":{"start":{"line":91,"column":23},"end":{"line":91,"column":55}},"24":{"start":{"line":93,"column":4},"end":{"line":96,"column":7}},"25":{"start":{"line":98,"column":4},"end":{"line":98,"column":25}},"26":{"start":{"line":102,"column":22},"end":{"line":135,"column":3}},"27":{"start":{"line":103,"column":4},"end":{"line":103,"column":38}},"28":{"start":{"line":103,"column":31},"end":{"line":103,"column":38}},"29":{"start":{"line":105,"column":29},"end":{"line":109,"column":5}},"30":{"start":{"line":111,"column":4},"end":{"line":113,"column":5}},"31":{"start":{"line":112,"column":6},"end":{"line":112,"column":38}},"32":{"start":{"line":115,"column":4},"end":{"line":134,"column":5}},"33":{"start":{"line":116,"column":22},"end":{"line":116,"column":54}},"34":{"start":{"line":117,"column":20},"end":{"line":117,"column":34}},"35":{"start":{"line":119,"column":26},"end":{"line":119,"column":57}},"36":{"start":{"line":120,"column":28},"end":{"line":120,"column":44}},"37":{"start":{"line":122,"column":6},"end":{"line":122,"column":44}},"38":{"start":{"line":124,"column":6},"end":{"line":127,"column":9}},"39":{"start":{"line":129,"column":6},"end":{"line":129,"column":27}},"40":{"start":{"line":131,"column":6},"end":{"line":133,"column":7}},"41":{"start":{"line":132,"column":8},"end":{"line":132,"column":32}},"42":{"start":{"line":138,"column":26},"end":{"line":146,"column":3}},"43":{"start":{"line":139,"column":4},"end":{"line":139,"column":38}},"44":{"start":{"line":139,"column":31},"end":{"line":139,"column":38}},"45":{"start":{"line":141,"column":22},"end":{"line":141,"column":74}},"46":{"start":{"line":142,"column":4},"end":{"line":145,"column":7}},"47":{"start":{"line":149,"column":2},"end":{"line":207,"column":26}},"48":{"start":{"line":150,"column":4},"end":{"line":150,"column":38}},"49":{"start":{"line":150,"column":31},"end":{"line":150,"column":38}},"50":{"start":{"line":152,"column":24},"end":{"line":152,"column":75}},"51":{"start":{"line":153,"column":14},"end":{"line":156,"column":5}},"52":{"start":{"line":158,"column":24},"end":{"line":204,"column":6}},"53":{"start":{"line":159,"column":22},"end":{"line":159,"column":43}},"54":{"start":{"line":160,"column":18},"end":{"line":160,"column":28}},"55":{"start":{"line":162,"column":6},"end":{"line":189,"column":7}},"56":{"start":{"line":163,"column":8},"end":{"line":188,"column":11}},"57":{"start":{"line":164,"column":10},"end":{"line":187,"column":11}},"58":{"start":{"line":165,"column":28},"end":{"line":165,"column":45}},"59":{"start":{"line":166,"column":30},"end":{"line":166,"column":43}},"60":{"start":{"line":173,"column":12},"end":{"line":186,"column":13}},"61":{"start":{"line":178,"column":14},"end":{"line":178,"column":49}},"62":{"start":{"line":179,"column":14},"end":{"line":179,"column":53}},"63":{"start":{"line":181,"column":14},"end":{"line":185,"column":17}},"64":{"start":{"line":182,"column":16},"end":{"line":184,"column":17}},"65":{"start":{"line":183,"column":18},"end":{"line":183,"column":42}},"66":{"start":{"line":192,"column":26},"end":{"line":201,"column":83}},"67":{"start":{"line":194,"column":23},"end":{"line":194,"column":33}},"68":{"start":{"line":195,"column":10},"end":{"line":199,"column":12}},"69":{"start":{"line":201,"column":24},"end":{"line":201,"column":69}},"70":{"start":{"line":203,"column":6},"end":{"line":203,"column":31}},"71":{"start":{"line":206,"column":4},"end":{"line":206,"column":31}},"72":{"start":{"line":206,"column":17},"end":{"line":206,"column":30}},"73":{"start":{"line":210,"column":2},"end":{"line":223,"column":26}},"74":{"start":{"line":211,"column":4},"end":{"line":211,"column":38}},"75":{"start":{"line":211,"column":31},"end":{"line":211,"column":38}},"76":{"start":{"line":213,"column":24},"end":{"line":213,"column":89}},"77":{"start":{"line":213,"column":73},"end":{"line":213,"column":88}},"78":{"start":{"line":214,"column":4},"end":{"line":214,"column":29}},"79":{"start":{"line":214,"column":22},"end":{"line":214,"column":29}},"80":{"start":{"line":216,"column":22},"end":{"line":216,"column":77}},"81":{"start":{"line":217,"column":24},"end":{"line":220,"column":6}},"82":{"start":{"line":218,"column":25},"end":{"line":218,"column":35}},"83":{"start":{"line":219,"column":6},"end":{"line":219,"column":56}},"84":{"start":{"line":222,"column":4},"end":{"line":222,"column":31}},"85":{"start":{"line":222,"column":17},"end":{"line":222,"column":30}},"86":{"start":{"line":226,"column":2},"end":{"line":239,"column":26}},"87":{"start":{"line":227,"column":4},"end":{"line":227,"column":38}},"88":{"start":{"line":227,"column":31},"end":{"line":227,"column":38}},"89":{"start":{"line":229,"column":24},"end":{"line":229,"column":89}},"90":{"start":{"line":229,"column":73},"end":{"line":229,"column":88}},"91":{"start":{"line":230,"column":4},"end":{"line":230,"column":29}},"92":{"start":{"line":230,"column":22},"end":{"line":230,"column":29}},"93":{"start":{"line":232,"column":22},"end":{"line":232,"column":52}},"94":{"start":{"line":233,"column":24},"end":{"line":236,"column":6}},"95":{"start":{"line":234,"column":25},"end":{"line":234,"column":35}},"96":{"start":{"line":235,"column":6},"end":{"line":235,"column":54}},"97":{"start":{"line":238,"column":4},"end":{"line":238,"column":31}},"98":{"start":{"line":238,"column":17},"end":{"line":238,"column":30}},"99":{"start":{"line":242,"column":2},"end":{"line":260,"column":13}},"100":{"start":{"line":243,"column":4},"end":{"line":243,"column":22}},"101":{"start":{"line":243,"column":15},"end":{"line":243,"column":22}},"102":{"start":{"line":245,"column":22},"end":{"line":245,"column":49}},"103":{"start":{"line":248,"column":4},"end":{"line":251,"column":7}},"104":{"start":{"line":254,"column":4},"end":{"line":259,"column":6}},"105":{"start":{"line":255,"column":6},"end":{"line":258,"column":9}},"106":{"start":{"line":262,"column":16},"end":{"line":272,"column":3}},"107":{"start":{"line":274,"column":2},"end":{"line":274,"column":79}},"108":{"start":{"line":277,"column":23},"end":{"line":283,"column":1}},"109":{"start":{"line":278,"column":18},"end":{"line":278,"column":41}},"110":{"start":{"line":279,"column":2},"end":{"line":281,"column":3}},"111":{"start":{"line":280,"column":4},"end":{"line":280,"column":66}},"112":{"start":{"line":282,"column":2},"end":{"line":282,"column":17}}},"fnMap":{"0":{"name":"(anonymous_0)","decl":{"start":{"line":50,"column":69},"end":{"line":50,"column":70}},"loc":{"start":{"line":50,"column":87},"end":{"line":275,"column":1}},"line":50},"1":{"name":"(anonymous_1)","decl":{"start":{"line":63,"column":26},"end":{"line":63,"column":27}},"loc":{"start":{"line":63,"column":71},"end":{"line":99,"column":3}},"line":63},"2":{"name":"(anonymous_2)","decl":{"start":{"line":102,"column":22},"end":{"line":102,"column":23}},"loc":{"start":{"line":102,"column":65},"end":{"line":135,"column":3}},"line":102},"3":{"name":"(anonymous_3)","decl":{"start":{"line":138,"column":26},"end":{"line":138,"column":27}},"loc":{"start":{"line":138,"column":55},"end":{"line":146,"column":3}},"line":138},"4":{"name":"(anonymous_4)","decl":{"start":{"line":149,"column":12},"end":{"line":149,"column":13}},"loc":{"start":{"line":149,"column":18},"end":{"line":207,"column":3}},"line":149},"5":{"name":"(anonymous_5)","decl":{"start":{"line":158,"column":38},"end":{"line":158,"column":39}},"loc":{"start":{"line":158,"column":50},"end":{"line":204,"column":5}},"line":158},"6":{"name":"(anonymous_6)","decl":{"start":{"line":163,"column":24},"end":{"line":163,"column":25}},"loc":{"start":{"line":163,"column":34},"end":{"line":188,"column":9}},"line":163},"7":{"name":"(anonymous_7)","decl":{"start":{"line":181,"column":71},"end":{"line":181,"column":72}},"loc":{"start":{"line":181,"column":80},"end":{"line":185,"column":15}},"line":181},"8":{"name":"(anonymous_8)","decl":{"start":{"line":193,"column":13},"end":{"line":193,"column":14}},"loc":{"start":{"line":193,"column":20},"end":{"line":200,"column":9}},"line":193},"9":{"name":"(anonymous_9)","decl":{"start":{"line":201,"column":14},"end":{"line":201,"column":15}},"loc":{"start":{"line":201,"column":24},"end":{"line":201,"column":69}},"line":201},"10":{"name":"(anonymous_10)","decl":{"start":{"line":206,"column":11},"end":{"line":206,"column":12}},"loc":{"start":{"line":206,"column":17},"end":{"line":206,"column":30}},"line":206},"11":{"name":"(anonymous_11)","decl":{"start":{"line":210,"column":12},"end":{"line":210,"column":13}},"loc":{"start":{"line":210,"column":18},"end":{"line":223,"column":3}},"line":210},"12":{"name":"(anonymous_12)","decl":{"start":{"line":213,"column":67},"end":{"line":213,"column":68}},"loc":{"start":{"line":213,"column":73},"end":{"line":213,"column":88}},"line":213},"13":{"name":"(anonymous_13)","decl":{"start":{"line":217,"column":46},"end":{"line":217,"column":47}},"loc":{"start":{"line":217,"column":53},"end":{"line":220,"column":5}},"line":217},"14":{"name":"(anonymous_14)","decl":{"start":{"line":222,"column":11},"end":{"line":222,"column":12}},"loc":{"start":{"line":222,"column":17},"end":{"line":222,"column":30}},"line":222},"15":{"name":"(anonymous_15)","decl":{"start":{"line":226,"column":12},"end":{"line":226,"column":13}},"loc":{"start":{"line":226,"column":18},"end":{"line":239,"column":3}},"line":226},"16":{"name":"(anonymous_16)","decl":{"start":{"line":229,"column":67},"end":{"line":229,"column":68}},"loc":{"start":{"line":229,"column":73},"end":{"line":229,"column":88}},"line":229},"17":{"name":"(anonymous_17)","decl":{"start":{"line":233,"column":46},"end":{"line":233,"column":47}},"loc":{"start":{"line":233,"column":53},"end":{"line":236,"column":5}},"line":233},"18":{"name":"(anonymous_18)","decl":{"start":{"line":238,"column":11},"end":{"line":238,"column":12}},"loc":{"start":{"line":238,"column":17},"end":{"line":238,"column":30}},"line":238},"19":{"name":"(anonymous_19)","decl":{"start":{"line":242,"column":12},"end":{"line":242,"column":13}},"loc":{"start":{"line":242,"column":18},"end":{"line":260,"column":3}},"line":242},"20":{"name":"(anonymous_20)","decl":{"start":{"line":254,"column":11},"end":{"line":254,"column":12}},"loc":{"start":{"line":254,"column":17},"end":{"line":259,"column":5}},"line":254},"21":{"name":"(anonymous_21)","decl":{"start":{"line":277,"column":23},"end":{"line":277,"column":24}},"loc":{"start":{"line":277,"column":29},"end":{"line":283,"column":1}},"line":277}},"branchMap":{"0":{"loc":{"start":{"line":64,"column":4},"end":{"line":64,"column":56}},"type":"if","locations":[{"start":{"line":64,"column":4},"end":{"line":64,"column":56}},{"start":{},"end":{}}],"line":64},"1":{"loc":{"start":{"line":75,"column":4},"end":{"line":79,"column":5}},"type":"if","locations":[{"start":{"line":75,"column":4},"end":{"line":79,"column":5}},{"start":{},"end":{}}],"line":75},"2":{"loc":{"start":{"line":103,"column":4},"end":{"line":103,"column":38}},"type":"if","locations":[{"start":{"line":103,"column":4},"end":{"line":103,"column":38}},{"start":{},"end":{}}],"line":103},"3":{"loc":{"start":{"line":103,"column":8},"end":{"line":103,"column":29}},"type":"binary-expr","locations":[{"start":{"line":103,"column":8},"end":{"line":103,"column":13}},{"start":{"line":103,"column":17},"end":{"line":103,"column":29}}],"line":103},"4":{"loc":{"start":{"line":111,"column":4},"end":{"line":113,"column":5}},"type":"if","locations":[{"start":{"line":111,"column":4},"end":{"line":113,"column":5}},{"start":{},"end":{}}],"line":111},"5":{"loc":{"start":{"line":131,"column":6},"end":{"line":133,"column":7}},"type":"if","locations":[{"start":{"line":131,"column":6},"end":{"line":133,"column":7}},{"start":{},"end":{}}],"line":131},"6":{"loc":{"start":{"line":139,"column":4},"end":{"line":139,"column":38}},"type":"if","locations":[{"start":{"line":139,"column":4},"end":{"line":139,"column":38}},{"start":{},"end":{}}],"line":139},"7":{"loc":{"start":{"line":139,"column":8},"end":{"line":139,"column":29}},"type":"binary-expr","locations":[{"start":{"line":139,"column":8},"end":{"line":139,"column":13}},{"start":{"line":139,"column":17},"end":{"line":139,"column":29}}],"line":139},"8":{"loc":{"start":{"line":150,"column":4},"end":{"line":150,"column":38}},"type":"if","locations":[{"start":{"line":150,"column":4},"end":{"line":150,"column":38}},{"start":{},"end":{}}],"line":150},"9":{"loc":{"start":{"line":150,"column":8},"end":{"line":150,"column":29}},"type":"binary-expr","locations":[{"start":{"line":150,"column":8},"end":{"line":150,"column":20}},{"start":{"line":150,"column":24},"end":{"line":150,"column":29}}],"line":150},"10":{"loc":{"start":{"line":162,"column":6},"end":{"line":189,"column":7}},"type":"if","locations":[{"start":{"line":162,"column":6},"end":{"line":189,"column":7}},{"start":{},"end":{}}],"line":162},"11":{"loc":{"start":{"line":164,"column":10},"end":{"line":187,"column":11}},"type":"if","locations":[{"start":{"line":164,"column":10},"end":{"line":187,"column":11}},{"start":{},"end":{}}],"line":164},"12":{"loc":{"start":{"line":173,"column":12},"end":{"line":186,"column":13}},"type":"if","locations":[{"start":{"line":173,"column":12},"end":{"line":186,"column":13}},{"start":{},"end":{}}],"line":173},"13":{"loc":{"start":{"line":173,"column":16},"end":{"line":176,"column":56}},"type":"binary-expr","locations":[{"start":{"line":173,"column":16},"end":{"line":173,"column":45}},{"start":{"line":174,"column":16},"end":{"line":174,"column":77}},{"start":{"line":175,"column":16},"end":{"line":175,"column":79}},{"start":{"line":176,"column":16},"end":{"line":176,"column":56}}],"line":173},"14":{"loc":{"start":{"line":175,"column":23},"end":{"line":175,"column":70}},"type":"binary-expr","locations":[{"start":{"line":175,"column":23},"end":{"line":175,"column":63}},{"start":{"line":175,"column":67},"end":{"line":175,"column":70}}],"line":175},"15":{"loc":{"start":{"line":182,"column":16},"end":{"line":184,"column":17}},"type":"if","locations":[{"start":{"line":182,"column":16},"end":{"line":184,"column":17}},{"start":{},"end":{}}],"line":182},"16":{"loc":{"start":{"line":198,"column":23},"end":{"line":198,"column":63}},"type":"binary-expr","locations":[{"start":{"line":198,"column":23},"end":{"line":198,"column":49}},{"start":{"line":198,"column":53},"end":{"line":198,"column":63}}],"line":198},"17":{"loc":{"start":{"line":211,"column":4},"end":{"line":211,"column":38}},"type":"if","locations":[{"start":{"line":211,"column":4},"end":{"line":211,"column":38}},{"start":{},"end":{}}],"line":211},"18":{"loc":{"start":{"line":211,"column":8},"end":{"line":211,"column":29}},"type":"binary-expr","locations":[{"start":{"line":211,"column":8},"end":{"line":211,"column":20}},{"start":{"line":211,"column":24},"end":{"line":211,"column":29}}],"line":211},"19":{"loc":{"start":{"line":214,"column":4},"end":{"line":214,"column":29}},"type":"if","locations":[{"start":{"line":214,"column":4},"end":{"line":214,"column":29}},{"start":{},"end":{}}],"line":214},"20":{"loc":{"start":{"line":219,"column":25},"end":{"line":219,"column":54}},"type":"binary-expr","locations":[{"start":{"line":219,"column":25},"end":{"line":219,"column":45}},{"start":{"line":219,"column":49},"end":{"line":219,"column":54}}],"line":219},"21":{"loc":{"start":{"line":227,"column":4},"end":{"line":227,"column":38}},"type":"if","locations":[{"start":{"line":227,"column":4},"end":{"line":227,"column":38}},{"start":{},"end":{}}],"line":227},"22":{"loc":{"start":{"line":227,"column":8},"end":{"line":227,"column":29}},"type":"binary-expr","locations":[{"start":{"line":227,"column":8},"end":{"line":227,"column":20}},{"start":{"line":227,"column":24},"end":{"line":227,"column":29}}],"line":227},"23":{"loc":{"start":{"line":230,"column":4},"end":{"line":230,"column":29}},"type":"if","locations":[{"start":{"line":230,"column":4},"end":{"line":230,"column":29}},{"start":{},"end":{}}],"line":230},"24":{"loc":{"start":{"line":235,"column":25},"end":{"line":235,"column":52}},"type":"binary-expr","locations":[{"start":{"line":235,"column":25},"end":{"line":235,"column":43}},{"start":{"line":235,"column":47},"end":{"line":235,"column":52}}],"line":235},"25":{"loc":{"start":{"line":243,"column":4},"end":{"line":243,"column":22}},"type":"if","locations":[{"start":{"line":243,"column":4},"end":{"line":243,"column":22}},{"start":{},"end":{}}],"line":243},"26":{"loc":{"start":{"line":279,"column":2},"end":{"line":281,"column":3}},"type":"if","locations":[{"start":{"line":279,"column":2},"end":{"line":281,"column":3}},{"start":{},"end":{}}],"line":279}},"s":{"0":0,"1":0,"2":0,"3":0,"4":0,"5":0,"6":0,"7":0,"8":0,"9":0,"10":0,"11":0,"12":0,"13":0,"14":0,"15":0,"16":0,"17":0,"18":0,"19":0,"20":0,"21":0,"22":0,"23":0,"24":0,"25":0,"26":0,"27":0,"28":0,"29":0,"30":0,"31":0,"32":0,"33":0,"34":0,"35":0,"36":0,"37":0,"38":0,"39":0,"40":0,"41":0,"42":0,"43":0,"44":0,"45":0,"46":0,"47":0,"48":0,"49":0,"50":0,"51":0,"52":0,"53":0,"54":0,"55":0,"56":0,"57":0,"58":0,"59":0,"60":0,"61":0,"62":0,"63":0,"64":0,"65":0,"66":0,"67":0,"68":0,"69":0,"70":0,"71":0,"72":0,"73":0,"74":0,"75":0,"76":0,"77":0,"78":0,"79":0,"80":0,"81":0,"82":0,"83":0,"84":0,"85":0,"86":0,"87":0,"88":0,"89":0,"90":0,"91":0,"92":0,"93":0,"94":0,"95":0,"96":0,"97":0,"98":0,"99":0,"100":0,"101":0,"102":0,"103":0,"104":0,"105":0,"106":0,"107":0,"108":0,"109":0,"110":0,"111":0,"112":0},"f":{"0":0,"1":0,"2":0,"3":0,"4":0,"5":0,"6":0,"7":0,"8":0,"9":0,"10":0,"11":0,"12":0,"13":0,"14":0,"15":0,"16":0,"17":0,"18":0,"19":0,"20":0,"21":0},"b":{"0":[0,0],"1":[0,0],"2":[0,0],"3":[0,0],"4":[0,0],"5":[0,0],"6":[0,0],"7":[0,0],"8":[0,0],"9":[0,0],"10":[0,0],"11":[0,0],"12":[0,0],"13":[0,0,0,0],"14":[0,0],"15":[0,0],"16":[0,0],"17":[0,0],"18":[0,0],"19":[0,0],"20":[0,0],"21":[0,0],"22":[0,0],"23":[0,0],"24":[0,0],"25":[0,0],"26":[0,0]}}
,"C:\\Users\\kamaa\\dev\\cursor\\vratti\\src\\contexts\\LanguageContext.tsx": {"path":"C:\\Users\\kamaa\\dev\\cursor\\vratti\\src\\contexts\\LanguageContext.tsx","statementMap":{"0":{"start":{"line":12,"column":21},"end":{"line":99,"column":1}},"1":{"start":{"line":101,"column":31},"end":{"line":105,"column":2}},"2":{"start":{"line":104,"column":11},"end":{"line":104,"column":13}},"3":{"start":{"line":107,"column":27},"end":{"line":107,"column":60}},"4":{"start":{"line":107,"column":33},"end":{"line":107,"column":60}},"5":{"start":{"line":109,"column":73},"end":{"line":145,"column":1}},"6":{"start":{"line":110,"column":39},"end":{"line":110,"column":63}},"7":{"start":{"line":112,"column":22},"end":{"line":119,"column":3}},"8":{"start":{"line":113,"column":4},"end":{"line":118,"column":5}},"9":{"start":{"line":114,"column":6},"end":{"line":114,"column":51}},"10":{"start":{"line":115,"column":6},"end":{"line":115,"column":29}},"11":{"start":{"line":117,"column":6},"end":{"line":117,"column":64}},"12":{"start":{"line":121,"column":12},"end":{"line":123,"column":3}},"13":{"start":{"line":122,"column":4},"end":{"line":122,"column":46}},"14":{"start":{"line":126,"column":2},"end":{"line":138,"column":9}},"15":{"start":{"line":127,"column":25},"end":{"line":136,"column":5}},"16":{"start":{"line":128,"column":6},"end":{"line":135,"column":7}},"17":{"start":{"line":129,"column":30},"end":{"line":129,"column":68}},"18":{"start":{"line":130,"column":8},"end":{"line":132,"column":9}},"19":{"start":{"line":131,"column":10},"end":{"line":131,"column":42}},"20":{"start":{"line":134,"column":8},"end":{"line":134,"column":67}},"21":{"start":{"line":137,"column":4},"end":{"line":137,"column":19}},"22":{"start":{"line":140,"column":2},"end":{"line":144,"column":4}}},"fnMap":{"0":{"name":"(anonymous_0)","decl":{"start":{"line":103,"column":15},"end":{"line":103,"column":16}},"loc":{"start":{"line":103,"column":21},"end":{"line":103,"column":23}},"line":103},"1":{"name":"(anonymous_1)","decl":{"start":{"line":104,"column":5},"end":{"line":104,"column":6}},"loc":{"start":{"line":104,"column":11},"end":{"line":104,"column":13}},"line":104},"2":{"name":"(anonymous_2)","decl":{"start":{"line":107,"column":27},"end":{"line":107,"column":28}},"loc":{"start":{"line":107,"column":33},"end":{"line":107,"column":60}},"line":107},"3":{"name":"(anonymous_3)","decl":{"start":{"line":109,"column":73},"end":{"line":109,"column":74}},"loc":{"start":{"line":109,"column":91},"end":{"line":145,"column":1}},"line":109},"4":{"name":"(anonymous_4)","decl":{"start":{"line":112,"column":22},"end":{"line":112,"column":23}},"loc":{"start":{"line":112,"column":48},"end":{"line":119,"column":3}},"line":112},"5":{"name":"(anonymous_5)","decl":{"start":{"line":121,"column":12},"end":{"line":121,"column":13}},"loc":{"start":{"line":121,"column":37},"end":{"line":123,"column":3}},"line":121},"6":{"name":"(anonymous_6)","decl":{"start":{"line":126,"column":18},"end":{"line":126,"column":19}},"loc":{"start":{"line":126,"column":24},"end":{"line":138,"column":3}},"line":126},"7":{"name":"(anonymous_7)","decl":{"start":{"line":127,"column":25},"end":{"line":127,"column":26}},"loc":{"start":{"line":127,"column":37},"end":{"line":136,"column":5}},"line":127}},"branchMap":{"0":{"loc":{"start":{"line":122,"column":11},"end":{"line":122,"column":45}},"type":"binary-expr","locations":[{"start":{"line":122,"column":11},"end":{"line":122,"column":38}},{"start":{"line":122,"column":42},"end":{"line":122,"column":45}}],"line":122},"1":{"loc":{"start":{"line":130,"column":8},"end":{"line":132,"column":9}},"type":"if","locations":[{"start":{"line":130,"column":8},"end":{"line":132,"column":9}},{"start":{},"end":{}}],"line":130},"2":{"loc":{"start":{"line":130,"column":12},"end":{"line":130,"column":60}},"type":"binary-expr","locations":[{"start":{"line":130,"column":12},"end":{"line":130,"column":34}},{"start":{"line":130,"column":38},"end":{"line":130,"column":60}}],"line":130}},"s":{"0":0,"1":0,"2":0,"3":0,"4":0,"5":0,"6":0,"7":0,"8":0,"9":0,"10":0,"11":0,"12":0,"13":0,"14":0,"15":0,"16":0,"17":0,"18":0,"19":0,"20":0,"21":0,"22":0},"f":{"0":0,"1":0,"2":0,"3":0,"4":0,"5":0,"6":0,"7":0},"b":{"0":[0,0],"1":[0,0],"2":[0,0]}}
,"C:\\Users\\kamaa\\dev\\cursor\\vratti\\src\\contexts\\ThemeContext.tsx": {"path":"C:\\Users\\kamaa\\dev\\cursor\\vratti\\src\\contexts\\ThemeContext.tsx","statementMap":{"0":{"start":{"line":11,"column":28},"end":{"line":15,"column":2}},"1":{"start":{"line":17,"column":24},"end":{"line":17,"column":54}},"2":{"start":{"line":17,"column":30},"end":{"line":17,"column":54}},"3":{"start":{"line":19,"column":70},"end":{"line":54,"column":1}},"4":{"start":{"line":20,"column":38},"end":{"line":20,"column":53}},"5":{"start":{"line":22,"column":2},"end":{"line":24,"column":9}},"6":{"start":{"line":23,"column":4},"end":{"line":23,"column":26}},"7":{"start":{"line":26,"column":30},"end":{"line":35,"column":3}},"8":{"start":{"line":27,"column":4},"end":{"line":34,"column":5}},"9":{"start":{"line":28,"column":25},"end":{"line":28,"column":60}},"10":{"start":{"line":29,"column":6},"end":{"line":31,"column":7}},"11":{"start":{"line":30,"column":8},"end":{"line":30,"column":45}},"12":{"start":{"line":33,"column":6},"end":{"line":33,"column":62}},"13":{"start":{"line":37,"column":22},"end":{"line":45,"column":3}},"14":{"start":{"line":38,"column":4},"end":{"line":44,"column":5}},"15":{"start":{"line":39,"column":28},"end":{"line":39,"column":39}},"16":{"start":{"line":40,"column":6},"end":{"line":40,"column":76}},"17":{"start":{"line":41,"column":6},"end":{"line":41,"column":35}},"18":{"start":{"line":43,"column":6},"end":{"line":43,"column":61}},"19":{"start":{"line":47,"column":16},"end":{"line":47,"column":57}},"20":{"start":{"line":49,"column":2},"end":{"line":53,"column":4}}},"fnMap":{"0":{"name":"(anonymous_0)","decl":{"start":{"line":13,"column":15},"end":{"line":13,"column":16}},"loc":{"start":{"line":13,"column":21},"end":{"line":13,"column":23}},"line":13},"1":{"name":"(anonymous_1)","decl":{"start":{"line":17,"column":24},"end":{"line":17,"column":25}},"loc":{"start":{"line":17,"column":30},"end":{"line":17,"column":54}},"line":17},"2":{"name":"(anonymous_2)","decl":{"start":{"line":19,"column":70},"end":{"line":19,"column":71}},"loc":{"start":{"line":19,"column":88},"end":{"line":54,"column":1}},"line":19},"3":{"name":"(anonymous_3)","decl":{"start":{"line":22,"column":12},"end":{"line":22,"column":13}},"loc":{"start":{"line":22,"column":18},"end":{"line":24,"column":3}},"line":22},"4":{"name":"(anonymous_4)","decl":{"start":{"line":26,"column":30},"end":{"line":26,"column":31}},"loc":{"start":{"line":26,"column":42},"end":{"line":35,"column":3}},"line":26},"5":{"name":"(anonymous_5)","decl":{"start":{"line":37,"column":22},"end":{"line":37,"column":23}},"loc":{"start":{"line":37,"column":34},"end":{"line":45,"column":3}},"line":37}},"branchMap":{"0":{"loc":{"start":{"line":29,"column":6},"end":{"line":31,"column":7}},"type":"if","locations":[{"start":{"line":29,"column":6},"end":{"line":31,"column":7}},{"start":{},"end":{}}],"line":29},"1":{"loc":{"start":{"line":40,"column":42},"end":{"line":40,"column":74}},"type":"cond-expr","locations":[{"start":{"line":40,"column":58},"end":{"line":40,"column":64}},{"start":{"line":40,"column":67},"end":{"line":40,"column":74}}],"line":40},"2":{"loc":{"start":{"line":47,"column":16},"end":{"line":47,"column":57}},"type":"cond-expr","locations":[{"start":{"line":47,"column":29},"end":{"line":47,"column":41}},{"start":{"line":47,"column":44},"end":{"line":47,"column":57}}],"line":47}},"s":{"0":0,"1":0,"2":0,"3":0,"4":0,"5":0,"6":0,"7":0,"8":0,"9":0,"10":0,"11":0,"12":0,"13":0,"14":0,"15":0,"16":0,"17":0,"18":0,"19":0,"20":0},"f":{"0":0,"1":0,"2":0,"3":0,"4":0,"5":0},"b":{"0":[0,0],"1":[0,0],"2":[0,0]}}
,"C:\\Users\\kamaa\\dev\\cursor\\vratti\\src\\navigation\\AppNavigator.tsx": {"path":"C:\\Users\\kamaa\\dev\\cursor\\vratti\\src\\navigation\\AppNavigator.tsx","statementMap":{"0":{"start":{"line":17,"column":14},"end":{"line":17,"column":62}},"1":{"start":{"line":20,"column":19},"end":{"line":20,"column":28}},"2":{"start":{"line":22,"column":2},"end":{"line":24,"column":3}},"3":{"start":{"line":23,"column":4},"end":{"line":23,"column":16}},"4":{"start":{"line":26,"column":2},"end":{"line":56,"column":4}},"5":{"start":{"line":50,"column":35},"end":{"line":52,"column":11}}},"fnMap":{"0":{"name":"AppNavigator","decl":{"start":{"line":19,"column":24},"end":{"line":19,"column":36}},"loc":{"start":{"line":19,"column":39},"end":{"line":57,"column":1}},"line":19},"1":{"name":"(anonymous_1)","decl":{"start":{"line":50,"column":19},"end":{"line":50,"column":20}},"loc":{"start":{"line":50,"column":35},"end":{"line":52,"column":11}},"line":50}},"branchMap":{"0":{"loc":{"start":{"line":22,"column":2},"end":{"line":24,"column":3}},"type":"if","locations":[{"start":{"line":22,"column":2},"end":{"line":24,"column":3}},{"start":{},"end":{}}],"line":22}},"s":{"0":0,"1":0,"2":0,"3":0,"4":0,"5":0},"f":{"0":0,"1":0},"b":{"0":[0,0]}}
,"C:\\Users\\kamaa\\dev\\cursor\\vratti\\src\\navigation\\DriverTabs.tsx": {"path":"C:\\Users\\kamaa\\dev\\cursor\\vratti\\src\\navigation\\DriverTabs.tsx","statementMap":{"0":{"start":{"line":53,"column":12},"end":{"line":53,"column":58}},"1":{"start":{"line":56,"column":21},"end":{"line":56,"column":52}},"2":{"start":{"line":57,"column":15},"end":{"line":57,"column":24}},"3":{"start":{"line":58,"column":40},"end":{"line":58,"column":51}},"4":{"start":{"line":59,"column":25},"end":{"line":59,"column":42}},"5":{"start":{"line":60,"column":23},"end":{"line":60,"column":49}},"6":{"start":{"line":62,"column":2},"end":{"line":145,"column":25}},"7":{"start":{"line":63,"column":4},"end":{"line":63,"column":34}},"8":{"start":{"line":63,"column":27},"end":{"line":63,"column":34}},"9":{"start":{"line":66,"column":29},"end":{"line":85,"column":5}},"10":{"start":{"line":72,"column":26},"end":{"line":72,"column":27}},"11":{"start":{"line":73,"column":8},"end":{"line":78,"column":11}},"12":{"start":{"line":74,"column":23},"end":{"line":74,"column":33}},"13":{"start":{"line":75,"column":10},"end":{"line":77,"column":11}},"14":{"start":{"line":76,"column":12},"end":{"line":76,"column":70}},"15":{"start":{"line":79,"column":8},"end":{"line":79,"column":45}},"16":{"start":{"line":80,"column":8},"end":{"line":80,"column":36}},"17":{"start":{"line":83,"column":8},"end":{"line":83,"column":66}},"18":{"start":{"line":88,"column":32},"end":{"line":133,"column":5}},"19":{"start":{"line":89,"column":6},"end":{"line":132,"column":7}},"20":{"start":{"line":90,"column":20},"end":{"line":90,"column":30}},"21":{"start":{"line":92,"column":8},"end":{"line":92,"column":63}},"22":{"start":{"line":92,"column":56},"end":{"line":92,"column":63}},"23":{"start":{"line":94,"column":8},"end":{"line":94,"column":35}},"24":{"start":{"line":97,"column":27},"end":{"line":100,"column":9}},"25":{"start":{"line":101,"column":25},"end":{"line":101,"column":50}},"26":{"start":{"line":103,"column":32},"end":{"line":103,"column":33}},"27":{"start":{"line":106,"column":8},"end":{"line":123,"column":12}},"28":{"start":{"line":107,"column":32},"end":{"line":111,"column":11}},"29":{"start":{"line":112,"column":29},"end":{"line":112,"column":57}},"30":{"start":{"line":113,"column":10},"end":{"line":113,"column":47}},"31":{"start":{"line":116,"column":27},"end":{"line":116,"column":41}},"32":{"start":{"line":117,"column":30},"end":{"line":117,"column":83}},"33":{"start":{"line":118,"column":10},"end":{"line":122,"column":11}},"34":{"start":{"line":119,"column":12},"end":{"line":121,"column":15}},"35":{"start":{"line":126,"column":8},"end":{"line":129,"column":9}},"36":{"start":{"line":127,"column":10},"end":{"line":127,"column":53}},"37":{"start":{"line":128,"column":10},"end":{"line":128,"column":44}},"38":{"start":{"line":131,"column":8},"end":{"line":131,"column":63}},"39":{"start":{"line":136,"column":4},"end":{"line":136,"column":26}},"40":{"start":{"line":139,"column":21},"end":{"line":139,"column":68}},"41":{"start":{"line":141,"column":4},"end":{"line":144,"column":6}},"42":{"start":{"line":142,"column":6},"end":{"line":142,"column":25}},"43":{"start":{"line":143,"column":6},"end":{"line":143,"column":30}},"44":{"start":{"line":147,"column":23},"end":{"line":167,"column":3}},"45":{"start":{"line":148,"column":4},"end":{"line":166,"column":5}},"46":{"start":{"line":149,"column":6},"end":{"line":149,"column":27}},"47":{"start":{"line":150,"column":6},"end":{"line":156,"column":9}},"48":{"start":{"line":158,"column":6},"end":{"line":158,"column":49}},"49":{"start":{"line":159,"column":6},"end":{"line":165,"column":9}},"50":{"start":{"line":169,"column":2},"end":{"line":257,"column":4}},"51":{"start":{"line":171,"column":49},"end":{"line":208,"column":7}},"52":{"start":{"line":175,"column":10},"end":{"line":196,"column":11}},"53":{"start":{"line":177,"column":14},"end":{"line":177,"column":59}},"54":{"start":{"line":178,"column":14},"end":{"line":178,"column":20}},"55":{"start":{"line":180,"column":14},"end":{"line":180,"column":77}},"56":{"start":{"line":181,"column":14},"end":{"line":181,"column":20}},"57":{"start":{"line":183,"column":14},"end":{"line":183,"column":63}},"58":{"start":{"line":184,"column":14},"end":{"line":184,"column":20}},"59":{"start":{"line":186,"column":14},"end":{"line":186,"column":67}},"60":{"start":{"line":187,"column":14},"end":{"line":187,"column":20}},"61":{"start":{"line":189,"column":14},"end":{"line":189,"column":65}},"62":{"start":{"line":190,"column":14},"end":{"line":190,"column":20}},"63":{"start":{"line":192,"column":14},"end":{"line":192,"column":73}},"64":{"start":{"line":193,"column":14},"end":{"line":193,"column":20}},"65":{"start":{"line":195,"column":14},"end":{"line":195,"column":32}},"66":{"start":{"line":198,"column":10},"end":{"line":198,"column":79}},"67":{"start":{"line":235,"column":12},"end":{"line":235,"column":31}},"68":{"start":{"line":236,"column":12},"end":{"line":236,"column":27}},"69":{"start":{"line":247,"column":12},"end":{"line":251,"column":14}},"70":{"start":{"line":260,"column":23},"end":{"line":260,"column":37}},"71":{"start":{"line":260,"column":29},"end":{"line":260,"column":37}}},"fnMap":{"0":{"name":"DriverTabs","decl":{"start":{"line":55,"column":24},"end":{"line":55,"column":34}},"loc":{"start":{"line":55,"column":37},"end":{"line":258,"column":1}},"line":55},"1":{"name":"(anonymous_1)","decl":{"start":{"line":62,"column":12},"end":{"line":62,"column":13}},"loc":{"start":{"line":62,"column":18},"end":{"line":145,"column":3}},"line":62},"2":{"name":"(anonymous_2)","decl":{"start":{"line":71,"column":6},"end":{"line":71,"column":7}},"loc":{"start":{"line":71,"column":20},"end":{"line":81,"column":7}},"line":71},"3":{"name":"(anonymous_3)","decl":{"start":{"line":73,"column":25},"end":{"line":73,"column":26}},"loc":{"start":{"line":73,"column":34},"end":{"line":78,"column":9}},"line":73},"4":{"name":"(anonymous_4)","decl":{"start":{"line":82,"column":6},"end":{"line":82,"column":7}},"loc":{"start":{"line":82,"column":17},"end":{"line":84,"column":7}},"line":82},"5":{"name":"(anonymous_5)","decl":{"start":{"line":88,"column":32},"end":{"line":88,"column":33}},"loc":{"start":{"line":88,"column":44},"end":{"line":133,"column":5}},"line":88},"6":{"name":"(anonymous_6)","decl":{"start":{"line":106,"column":44},"end":{"line":106,"column":45}},"loc":{"start":{"line":106,"column":63},"end":{"line":123,"column":9}},"line":106},"7":{"name":"(anonymous_7)","decl":{"start":{"line":141,"column":11},"end":{"line":141,"column":12}},"loc":{"start":{"line":141,"column":17},"end":{"line":144,"column":5}},"line":141},"8":{"name":"(anonymous_8)","decl":{"start":{"line":147,"column":23},"end":{"line":147,"column":24}},"loc":{"start":{"line":147,"column":35},"end":{"line":167,"column":3}},"line":147},"9":{"name":"(anonymous_9)","decl":{"start":{"line":171,"column":21},"end":{"line":171,"column":22}},"loc":{"start":{"line":171,"column":49},"end":{"line":208,"column":7}},"line":171},"10":{"name":"(anonymous_10)","decl":{"start":{"line":172,"column":20},"end":{"line":172,"column":21}},"loc":{"start":{"line":172,"column":67},"end":{"line":199,"column":9}},"line":172},"11":{"name":"(anonymous_11)","decl":{"start":{"line":234,"column":20},"end":{"line":234,"column":21}},"loc":{"start":{"line":234,"column":42},"end":{"line":237,"column":11}},"line":234},"12":{"name":"(anonymous_12)","decl":{"start":{"line":246,"column":22},"end":{"line":246,"column":23}},"loc":{"start":{"line":247,"column":12},"end":{"line":251,"column":14}},"line":247},"13":{"name":"(anonymous_13)","decl":{"start":{"line":260,"column":23},"end":{"line":260,"column":24}},"loc":{"start":{"line":260,"column":29},"end":{"line":260,"column":37}},"line":260}},"branchMap":{"0":{"loc":{"start":{"line":63,"column":4},"end":{"line":63,"column":34}},"type":"if","locations":[{"start":{"line":63,"column":4},"end":{"line":63,"column":34}},{"start":{},"end":{}}],"line":63},"1":{"loc":{"start":{"line":75,"column":10},"end":{"line":77,"column":11}},"type":"if","locations":[{"start":{"line":75,"column":10},"end":{"line":77,"column":11}},{"start":{},"end":{}}],"line":75},"2":{"loc":{"start":{"line":75,"column":14},"end":{"line":75,"column":79}},"type":"binary-expr","locations":[{"start":{"line":75,"column":14},"end":{"line":75,"column":33}},{"start":{"line":75,"column":37},"end":{"line":75,"column":79}}],"line":75},"3":{"loc":{"start":{"line":92,"column":8},"end":{"line":92,"column":63}},"type":"if","locations":[{"start":{"line":92,"column":8},"end":{"line":92,"column":63}},{"start":{},"end":{}}],"line":92},"4":{"loc":{"start":{"line":117,"column":30},"end":{"line":117,"column":83}},"type":"binary-expr","locations":[{"start":{"line":117,"column":30},"end":{"line":117,"column":78}},{"start":{"line":117,"column":82},"end":{"line":117,"column":83}}],"line":117},"5":{"loc":{"start":{"line":118,"column":10},"end":{"line":122,"column":11}},"type":"if","locations":[{"start":{"line":118,"column":10},"end":{"line":122,"column":11}},{"start":{},"end":{}}],"line":118},"6":{"loc":{"start":{"line":126,"column":8},"end":{"line":129,"column":9}},"type":"if","locations":[{"start":{"line":126,"column":8},"end":{"line":129,"column":9}},{"start":{},"end":{}}],"line":126},"7":{"loc":{"start":{"line":175,"column":10},"end":{"line":196,"column":11}},"type":"switch","locations":[{"start":{"line":176,"column":12},"end":{"line":178,"column":20}},{"start":{"line":179,"column":12},"end":{"line":181,"column":20}},{"start":{"line":182,"column":12},"end":{"line":184,"column":20}},{"start":{"line":185,"column":12},"end":{"line":187,"column":20}},{"start":{"line":188,"column":12},"end":{"line":190,"column":20}},{"start":{"line":191,"column":12},"end":{"line":193,"column":20}},{"start":{"line":194,"column":12},"end":{"line":195,"column":32}}],"line":175},"8":{"loc":{"start":{"line":177,"column":25},"end":{"line":177,"column":58}},"type":"cond-expr","locations":[{"start":{"line":177,"column":35},"end":{"line":177,"column":41}},{"start":{"line":177,"column":44},"end":{"line":177,"column":58}}],"line":177},"9":{"loc":{"start":{"line":180,"column":25},"end":{"line":180,"column":76}},"type":"cond-expr","locations":[{"start":{"line":180,"column":35},"end":{"line":180,"column":50}},{"start":{"line":180,"column":53},"end":{"line":180,"column":76}}],"line":180},"10":{"loc":{"start":{"line":183,"column":25},"end":{"line":183,"column":62}},"type":"cond-expr","locations":[{"start":{"line":183,"column":35},"end":{"line":183,"column":43}},{"start":{"line":183,"column":46},"end":{"line":183,"column":62}}],"line":183},"11":{"loc":{"start":{"line":186,"column":25},"end":{"line":186,"column":66}},"type":"cond-expr","locations":[{"start":{"line":186,"column":35},"end":{"line":186,"column":45}},{"start":{"line":186,"column":48},"end":{"line":186,"column":66}}],"line":186},"12":{"loc":{"start":{"line":189,"column":25},"end":{"line":189,"column":64}},"type":"cond-expr","locations":[{"start":{"line":189,"column":35},"end":{"line":189,"column":44}},{"start":{"line":189,"column":47},"end":{"line":189,"column":64}}],"line":189},"13":{"loc":{"start":{"line":192,"column":25},"end":{"line":192,"column":72}},"type":"cond-expr","locations":[{"start":{"line":192,"column":35},"end":{"line":192,"column":48}},{"start":{"line":192,"column":51},"end":{"line":192,"column":72}}],"line":192},"14":{"loc":{"start":{"line":248,"column":20},"end":{"line":248,"column":67}},"type":"cond-expr","locations":[{"start":{"line":248,"column":30},"end":{"line":248,"column":43}},{"start":{"line":248,"column":46},"end":{"line":248,"column":67}}],"line":248},"15":{"loc":{"start":{"line":253,"column":23},"end":{"line":253,"column":64}},"type":"cond-expr","locations":[{"start":{"line":253,"column":41},"end":{"line":253,"column":52}},{"start":{"line":253,"column":55},"end":{"line":253,"column":64}}],"line":253}},"s":{"0":0,"1":0,"2":0,"3":0,"4":0,"5":0,"6":0,"7":0,"8":0,"9":0,"10":0,"11":0,"12":0,"13":0,"14":0,"15":0,"16":0,"17":0,"18":0,"19":0,"20":0,"21":0,"22":0,"23":0,"24":0,"25":0,"26":0,"27":0,"28":0,"29":0,"30":0,"31":0,"32":0,"33":0,"34":0,"35":0,"36":0,"37":0,"38":0,"39":0,"40":0,"41":0,"42":0,"43":0,"44":0,"45":0,"46":0,"47":0,"48":0,"49":0,"50":0,"51":0,"52":0,"53":0,"54":0,"55":0,"56":0,"57":0,"58":0,"59":0,"60":0,"61":0,"62":0,"63":0,"64":0,"65":0,"66":0,"67":0,"68":0,"69":0,"70":0,"71":0},"f":{"0":0,"1":0,"2":0,"3":0,"4":0,"5":0,"6":0,"7":0,"8":0,"9":0,"10":0,"11":0,"12":0,"13":0},"b":{"0":[0,0],"1":[0,0],"2":[0,0],"3":[0,0],"4":[0,0],"5":[0,0],"6":[0,0],"7":[0,0,0,0,0,0,0],"8":[0,0],"9":[0,0],"10":[0,0],"11":[0,0],"12":[0,0],"13":[0,0],"14":[0,0],"15":[0,0]}}
,"C:\\Users\\kamaa\\dev\\cursor\\vratti\\src\\screens\\AddJobScreen.tsx": {"path":"C:\\Users\\kamaa\\dev\\cursor\\vratti\\src\\screens\\AddJobScreen.tsx","statementMap":{"0":{"start":{"line":19,"column":0},"end":{"line":19,"column":30}},"1":{"start":{"line":20,"column":0},"end":{"line":20,"column":35}},"2":{"start":{"line":24,"column":26},"end":{"line":33,"column":1}},"3":{"start":{"line":35,"column":55},"end":{"line":35,"column":79}},"4":{"start":{"line":36,"column":21},"end":{"line":36,"column":49}},"5":{"start":{"line":37,"column":21},"end":{"line":37,"column":40}},"6":{"start":{"line":38,"column":26},"end":{"line":38,"column":46}},"7":{"start":{"line":40,"column":19},"end":{"line":43,"column":1}},"8":{"start":{"line":41,"column":2},"end":{"line":41,"column":23}},"9":{"start":{"line":41,"column":13},"end":{"line":41,"column":23}},"10":{"start":{"line":42,"column":2},"end":{"line":42,"column":132}},"11":{"start":{"line":46,"column":21},"end":{"line":46,"column":64}},"12":{"start":{"line":47,"column":32},"end":{"line":47,"column":47}},"13":{"start":{"line":48,"column":44},"end":{"line":48,"column":74}},"14":{"start":{"line":49,"column":36},"end":{"line":49,"column":73}},"15":{"start":{"line":50,"column":34},"end":{"line":58,"column":4}},"16":{"start":{"line":59,"column":30},"end":{"line":59,"column":66}},"17":{"start":{"line":61,"column":23},"end":{"line":85,"column":3}},"18":{"start":{"line":62,"column":46},"end":{"line":62,"column":48}},"19":{"start":{"line":64,"column":4},"end":{"line":66,"column":5}},"20":{"start":{"line":65,"column":6},"end":{"line":65,"column":44}},"21":{"start":{"line":67,"column":4},"end":{"line":69,"column":5}},"22":{"start":{"line":68,"column":6},"end":{"line":68,"column":56}},"23":{"start":{"line":70,"column":4},"end":{"line":72,"column":5}},"24":{"start":{"line":71,"column":6},"end":{"line":71,"column":50}},"25":{"start":{"line":73,"column":4},"end":{"line":75,"column":5}},"26":{"start":{"line":74,"column":6},"end":{"line":74,"column":42}},"27":{"start":{"line":76,"column":4},"end":{"line":78,"column":5}},"28":{"start":{"line":77,"column":6},"end":{"line":77,"column":42}},"29":{"start":{"line":79,"column":4},"end":{"line":81,"column":5}},"30":{"start":{"line":80,"column":6},"end":{"line":80,"column":50}},"31":{"start":{"line":83,"column":4},"end":{"line":83,"column":25}},"32":{"start":{"line":84,"column":4},"end":{"line":84,"column":47}},"33":{"start":{"line":87,"column":29},"end":{"line":108,"column":3}},"34":{"start":{"line":88,"column":20},"end":{"line":88,"column":32}},"35":{"start":{"line":89,"column":28},"end":{"line":89,"column":74}},"36":{"start":{"line":91,"column":4},"end":{"line":107,"column":5}},"37":{"start":{"line":93,"column":6},"end":{"line":93,"column":51}},"38":{"start":{"line":95,"column":6},"end":{"line":106,"column":7}},"39":{"start":{"line":97,"column":29},"end":{"line":97,"column":58}},"40":{"start":{"line":98,"column":25},"end":{"line":98,"column":80}},"41":{"start":{"line":99,"column":21},"end":{"line":99,"column":42}},"42":{"start":{"line":100,"column":8},"end":{"line":100,"column":49}},"43":{"start":{"line":101,"column":8},"end":{"line":101,"column":53}},"44":{"start":{"line":103,"column":8},"end":{"line":103,"column":69}},"45":{"start":{"line":105,"column":8},"end":{"line":105,"column":130}},"46":{"start":{"line":110,"column":23},"end":{"line":163,"column":3}},"47":{"start":{"line":111,"column":4},"end":{"line":119,"column":5}},"48":{"start":{"line":112,"column":6},"end":{"line":117,"column":9}},"49":{"start":{"line":118,"column":6},"end":{"line":118,"column":13}},"50":{"start":{"line":121,"column":4},"end":{"line":162,"column":5}},"51":{"start":{"line":122,"column":6},"end":{"line":122,"column":23}},"52":{"start":{"line":125,"column":28},"end":{"line":127,"column":12}},"53":{"start":{"line":130,"column":23},"end":{"line":130,"column":70}},"54":{"start":{"line":132,"column":36},"end":{"line":140,"column":7}},"55":{"start":{"line":142,"column":6},"end":{"line":142,"column":52}},"56":{"start":{"line":144,"column":6},"end":{"line":149,"column":9}},"57":{"start":{"line":151,"column":6},"end":{"line":151,"column":26}},"58":{"start":{"line":153,"column":6},"end":{"line":153,"column":50}},"59":{"start":{"line":154,"column":6},"end":{"line":159,"column":9}},"60":{"start":{"line":161,"column":6},"end":{"line":161,"column":24}},"61":{"start":{"line":165,"column":25},"end":{"line":170,"column":3}},"62":{"start":{"line":166,"column":4},"end":{"line":166,"column":55}},"63":{"start":{"line":166,"column":25},"end":{"line":166,"column":52}},"64":{"start":{"line":167,"column":4},"end":{"line":169,"column":5}},"65":{"start":{"line":168,"column":6},"end":{"line":168,"column":52}},"66":{"start":{"line":168,"column":25},"end":{"line":168,"column":49}},"67":{"start":{"line":172,"column":2},"end":{"line":339,"column":4}},"68":{"start":{"line":191,"column":16},"end":{"line":201,"column":35}},"69":{"start":{"line":193,"column":33},"end":{"line":193,"column":56}},"70":{"start":{"line":212,"column":43},"end":{"line":212,"column":73}},"71":{"start":{"line":226,"column":43},"end":{"line":226,"column":79}},"72":{"start":{"line":242,"column":43},"end":{"line":242,"column":76}},"73":{"start":{"line":257,"column":53},"end":{"line":257,"column":68}},"74":{"start":{"line":277,"column":43},"end":{"line":277,"column":72}},"75":{"start":{"line":292,"column":43},"end":{"line":292,"column":76}},"76":{"start":{"line":306,"column":43},"end":{"line":306,"column":76}},"77":{"start":{"line":317,"column":33},"end":{"line":317,"column":52}},"78":{"start":{"line":342,"column":15},"end":{"line":482,"column":2}}},"fnMap":{"0":{"name":"(anonymous_0)","decl":{"start":{"line":40,"column":19},"end":{"line":40,"column":20}},"loc":{"start":{"line":40,"column":47},"end":{"line":43,"column":1}},"line":40},"1":{"name":"AddJobScreen","decl":{"start":{"line":45,"column":24},"end":{"line":45,"column":36}},"loc":{"start":{"line":45,"column":39},"end":{"line":340,"column":1}},"line":45},"2":{"name":"(anonymous_2)","decl":{"start":{"line":61,"column":23},"end":{"line":61,"column":24}},"loc":{"start":{"line":61,"column":29},"end":{"line":85,"column":3}},"line":61},"3":{"name":"(anonymous_3)","decl":{"start":{"line":87,"column":29},"end":{"line":87,"column":30}},"loc":{"start":{"line":87,"column":41},"end":{"line":108,"column":3}},"line":87},"4":{"name":"(anonymous_4)","decl":{"start":{"line":110,"column":23},"end":{"line":110,"column":24}},"loc":{"start":{"line":110,"column":35},"end":{"line":163,"column":3}},"line":110},"5":{"name":"(anonymous_5)","decl":{"start":{"line":165,"column":25},"end":{"line":165,"column":26}},"loc":{"start":{"line":165,"column":59},"end":{"line":170,"column":3}},"line":165},"6":{"name":"(anonymous_6)","decl":{"start":{"line":166,"column":16},"end":{"line":166,"column":17}},"loc":{"start":{"line":166,"column":25},"end":{"line":166,"column":52}},"line":166},"7":{"name":"(anonymous_7)","decl":{"start":{"line":168,"column":16},"end":{"line":168,"column":17}},"loc":{"start":{"line":168,"column":25},"end":{"line":168,"column":49}},"line":168},"8":{"name":"(anonymous_8)","decl":{"start":{"line":190,"column":37},"end":{"line":190,"column":38}},"loc":{"start":{"line":191,"column":16},"end":{"line":201,"column":35}},"line":191},"9":{"name":"(anonymous_9)","decl":{"start":{"line":193,"column":27},"end":{"line":193,"column":28}},"loc":{"start":{"line":193,"column":33},"end":{"line":193,"column":56}},"line":193},"10":{"name":"(anonymous_10)","decl":{"start":{"line":212,"column":32},"end":{"line":212,"column":33}},"loc":{"start":{"line":212,"column":43},"end":{"line":212,"column":73}},"line":212},"11":{"name":"(anonymous_11)","decl":{"start":{"line":226,"column":32},"end":{"line":226,"column":33}},"loc":{"start":{"line":226,"column":43},"end":{"line":226,"column":79}},"line":226},"12":{"name":"(anonymous_12)","decl":{"start":{"line":242,"column":32},"end":{"line":242,"column":33}},"loc":{"start":{"line":242,"column":43},"end":{"line":242,"column":76}},"line":242},"13":{"name":"(anonymous_13)","decl":{"start":{"line":257,"column":28},"end":{"line":257,"column":29}},"loc":{"start":{"line":257,"column":53},"end":{"line":257,"column":68}},"line":257},"14":{"name":"(anonymous_14)","decl":{"start":{"line":277,"column":32},"end":{"line":277,"column":33}},"loc":{"start":{"line":277,"column":43},"end":{"line":277,"column":72}},"line":277},"15":{"name":"(anonymous_15)","decl":{"start":{"line":292,"column":32},"end":{"line":292,"column":33}},"loc":{"start":{"line":292,"column":43},"end":{"line":292,"column":76}},"line":292},"16":{"name":"(anonymous_16)","decl":{"start":{"line":306,"column":32},"end":{"line":306,"column":33}},"loc":{"start":{"line":306,"column":43},"end":{"line":306,"column":76}},"line":306},"17":{"name":"(anonymous_17)","decl":{"start":{"line":317,"column":27},"end":{"line":317,"column":28}},"loc":{"start":{"line":317,"column":33},"end":{"line":317,"column":52}},"line":317}},"branchMap":{"0":{"loc":{"start":{"line":36,"column":21},"end":{"line":36,"column":49}},"type":"cond-expr","locations":[{"start":{"line":36,"column":42},"end":{"line":36,"column":44}},{"start":{"line":36,"column":47},"end":{"line":36,"column":49}}],"line":36},"1":{"loc":{"start":{"line":41,"column":2},"end":{"line":41,"column":23}},"type":"if","locations":[{"start":{"line":41,"column":2},"end":{"line":41,"column":23}},{"start":
[...]
,"C:\\Users\\kamaa\\dev\\cursor\\vratti\\src\\styles\\common.ts": {"path":"C:\\Users\\kamaa\\dev\\cursor\\vratti\\src\\styles\\common.ts","statementMap":{"0":{"start":{"line":3,"column":22},"end":{"line":12,"column":1}},"1":{"start":{"line":14,"column":28},"end":{"line":43,"column":2}}},"fnMap":{},"branchMap":{},"s":{"0":0,"1":0},"f":{},"b":{}}
,"C:\\Users\\kamaa\\dev\\cursor\\vratti\\src\\types\\index.ts": {"path":"C:\\Users\\kamaa\\dev\\cursor\\vratti\\src\\types\\index.ts","statementMap":{},"fnMap":{},"branchMap":{},"s":{},"f":{},"b":{}}
,"C:\\Users\\kamaa\\dev\\cursor\\vratti\\src\\utils\\dimensions.ts": {"path":"C:\\Users\\kamaa\\dev\\cursor\\vratti\\src\\utils\\dimensions.ts","statementMap":{"0":{"start":{"line":3,"column":26},"end":{"line":3,"column":50}},"1":{"start":{"line":6,"column":27},"end":{"line":6,"column":30}},"2":{"start":{"line":7,"column":28},"end":{"line":7,"column":31}},"3":{"start":{"line":10,"column":14},"end":{"line":10,"column":67}},"4":{"start":{"line":10,"column":32},"end":{"line":10,"column":67}},"5":{"start":{"line":11,"column":22},"end":{"line":11,"column":77}},"6":{"start":{"line":11,"column":40},"end":{"line":11,"column":77}},"7":{"start":{"line":12,"column":22},"end":{"line":12,"column":90}},"8":{"start":{"line":12,"column":54},"end":{"line":12,"column":90}},"9":{"start":{"line":13,"column":30},"end":{"line":13,"column":106}},"10":{"start":{"line":13,"column":62},"end":{"line":13,"column":106}},"11":{"start":{"line":16,"column":17},"end":{"line":16,"column":22}},"12":{"start":{"line":17,"column":18},"end":{"line":17,"column":31}},"13":{"start":{"line":18,"column":18},"end":{"line":18,"column":31}},"14":{"start":{"line":19,"column":19},"end":{"line":19,"column":40}},"15":{"start":{"line":22,"column":27},"end":{"line":22,"column":32}},"16":{"start":{"line":23,"column":28},"end":{"line":23,"column":34}}},"fnMap":{"0":{"name":"(anonymous_0)","decl":{"start":{"line":10,"column":14},"end":{"line":10,"column":15}},"loc":{"start":{"line":10,"column":32},"end":{"line":10,"column":67}},"line":10},"1":{"name":"(anonymous_1)","decl":{"start":{"line":11,"column":22},"end":{"line":11,"column":23}},"loc":{"start":{"line":11,"column":40},"end":{"line":11,"column":77}},"line":11},"2":{"name":"(anonymous_2)","decl":{"start":{"line":12,"column":22},"end":{"line":12,"column":23}},"loc":{"start":{"line":12,"column":54},"end":{"line":12,"column":90}},"line":12},"3":{"name":"(anonymous_3)","decl":{"start":{"line":13,"column":30},"end":{"line":13,"column":31}},"loc":{"start":{"line":13,"column":62},"end":{"line":13,"column":106}},"line":13}},"branchMap":{"0":{"loc":{"start":{"line":12,"column":37},"end":{"line":12,"column":49}},"type":"default-arg","locations":[{"start":{"line":12,"column":46},"end":{"line":12,"column":49}}],"line":12},"1":{"loc":{"start":{"line":13,"column":45},"end":{"line":13,"column":57}},"type":"default-arg","locations":[{"start":{"line":13,"column":54},"end":{"line":13,"column":57}}],"line":13}},"s":{"0":0,"1":0,"2":0,"3":0,"4":0,"5":0,"6":0,"7":0,"8":0,"9":0,"10":0,"11":0,"12":0,"13":0,"14":0,"15":0,"16":0},"f":{"0":0,"1":0,"2":0,"3":0},"b":{"0":[0],"1":[0]}}
,"C:\\Users\\kamaa\\dev\\cursor\\vratti\\src\\utils\\jobs.ts": {"path":"C:\\Users\\kamaa\\dev\\cursor\\vratti\\src\\utils\\jobs.ts","statementMap":{"0":{"start":{"line":5,"column":23},"end":{"line":21,"column":1}},"1":{"start":{"line":6,"column":4},"end":{"line":20,"column":5}},"2":{"start":{"line":7,"column":24},"end":{"line":7,"column":46}},"3":{"start":{"line":8,"column":18},"end":{"line":8,"column":62}},"4":{"start":{"line":9,"column":25},"end":{"line":9,"column":41}},"5":{"start":{"line":11,"column":8},"end":{"line":16,"column":21}},"6":{"start":{"line":11,"column":41},"end":{"line":16,"column":9}},"7":{"start":{"line":18,"column":8},"end":{"line":18,"column":53}},"8":{"start":{"line":19,"column":8},"end":{"line":19,"column":58}},"9":{"start":{"line":23,"column":31},"end":{"line":43,"column":1}},"10":{"start":{"line":24,"column":4},"end":{"line":42,"column":5}},"11":{"start":{"line":25,"column":24},"end":{"line":25,"column":46}},"12":{"start":{"line":26,"column":18},"end":{"line":30,"column":9}},"13":{"start":{"line":31,"column":25},"end":{"line":31,"column":41}},"14":{"start":{"line":33,"column":8},"end":{"line":38,"column":21}},"15":{"start":{"line":33,"column":41},"end":{"line":38,"column":9}},"16":{"start":{"line":40,"column":8},"end":{"line":40,"column":63}},"17":{"start":{"line":41,"column":8},"end":{"line":41,"column":68}},"18":{"start":{"line":45,"column":36},"end":{"line":72,"column":1}},"19":{"start":{"line":46,"column":4},"end":{"line":71,"column":5}},"20":{"start":{"line":47,"column":24},"end":{"line":47,"column":46}},"21":{"start":{"line":50,"column":8},"end":{"line":58,"column":9}},"22":{"start":{"line":51,"column":12},"end":{"line":55,"column":14}},"23":{"start":{"line":57,"column":12},"end":{"line":57,"column":61}},"24":{"start":{"line":60,"column":25},"end":{"line":60,"column":41}},"25":{"start":{"line":62,"column":8},"end":{"line":67,"column":21}},"26":{"start":{"line":62,"column":41},"end":{"line":67,"column":9}},"27":{"start":{"line":69,"column":8},"end":{"line":69,"column":63}},"28":{"start":{"line":70,"column":8},"end":{"line":70,"column":68}}},"fnMap":{"0":{"name":"(anonymous_0)","decl":{"start":{"line":5,"column":23},"end":{"line":5,"column":24}},"loc":{"start":{"line":5,"column":51},"end":{"line":21,"column":1}},"line":5},"1":{"name":"(anonymous_1)","decl":{"start":{"line":11,"column":33},"end":{"line":11,"column":34}},"loc":{"start":{"line":11,"column":41},"end":{"line":16,"column":9}},"line":11},"2":{"name":"(anonymous_2)","decl":{"start":{"line":23,"column":31},"end":{"line":23,"column":32}},"loc":{"start":{"line":23,"column":80},"end":{"line":43,"column":1}},"line":23},"3":{"name":"(anonymous_3)","decl":{"start":{"line":33,"column":33},"end":{"line":33,"column":34}},"loc":{"start":{"line":33,"column":41},"end":{"line":38,"column":9}},"line":33},"4":{"name":"(anonymous_4)","decl":{"start":{"line":45,"column":36},"end":{"line":45,"column":37}},"loc":{"start":{"line":45,"column":107},"end":{"line":72,"column":1}},"line":45},"5":{"name":"(anonymous_5)","decl":{"start":{"line":62,"column":33},"end":{"line":62,"column":34}},"loc":{"start":{"line":62,"column":41},"end":{"line":67,"column":9}},"line":62}},"branchMap":{"0":{"loc":{"start":{"line":14,"column":23},"end":{"line":14,"column":63}},"type":"binary-expr","locations":[{"start":{"line":14,"column":23},"end":{"line":14,"column":55}},{"start":{"line":14,"column":59},"end":{"line":14,"column":63}}],"line":14},"1":{"loc":{"start":{"line":15,"column":23},"end":{"line":15,"column":63}},"type":"binary-expr","locations":[{"start":{"line":15,"column":23},"end":{"line":15,"column":55}},{"start":{"line":15,"column":59},"end":{"line":15,"column":63}}],"line":15},"2":{"loc":{"start":{"line":36,"column":23},"end":{"line":36,"column":63}},"type":"binary-expr","locations":[{"start":{"line":36,"column":23},"end":{"line":36,"column":55}},{"start":{"line":36,"column":59},"end":{"line":36,"column":63}}],"line":36},"3":{"loc":{"start":{"line":37,"column":23},"end":{"line":37,"column":63}},"type":"binary-expr","locations":[{"start":{"line":37,"column":23},"end":{"line":37,"column":55}},{"start":{"line":37,"column":59},"end":{"line":37,"column":63}}],"line":37},"4":{"loc":{"start":{"line":50,"column":8},"end":{"line":58,"column":9}},"type":"if","locations":[{"start":{"line":50,"column":8},"end":{"line":58,"column":9}},{"start":{"line":56,"column":15},"end":{"line":58,"column":9}}],"line":50},"5":{"loc":{"start":{"line":65,"column":23},"end":{"line":65,"column":63}},"type":"binary-expr","locations":[{"start":{"line":65,"column":23},"end":{"line":65,"column":55}},{"start":{"line":65,"column":59},"end":{"line":65,"column":63}}],"line":65},"6":{"loc":{"start":{"line":66,"column":23},"end":{"line":66,"column":63}},"type":"binary-expr","locations":[{"start":{"line":66,"column":23},"end":{"line":66,"column":55}},{"start":{"line":66,"column":59},"end":{"line":66,"column":63}}],"line":66}},"s":{"0":0,"1":0,"2":0,"3":0,"4":0,"5":0,"6":0,"7":0,"8":0,"9":0,"10":0,"11":0,"12":0,"13":0,"14":0,"15":0,"16":0,"17":0,"18":0,"19":0,"20":0,"21":0,"22":0,"23":0,"24":0,"25":0,"26":0,"27":0,"28":0},"f":{"0":0,"1":0,"2":0,"3":0,"4":0,"5":0},"b":{"0":[0,0],"1":[0,0],"2":[0,0],"3":[0,0],"4":[0,0],"5":[0,0],"6":[0,0]}}
,"C:\\Users\\kamaa\\dev\\cursor\\vratti\\src\\utils\\maps.ts": {"path":"C:\\Users\\kamaa\\dev\\cursor\\vratti\\src\\utils\\maps.ts","statementMap":{"0":{"start":{"line":3,"column":24},"end":{"line":38,"column":1}},"1":{"start":{"line":4,"column":4},"end":{"line":37,"column":5}},"2":{"start":{"line":5,"column":32},"end":{"line":5,"column":60}},"3":{"start":{"line":6,"column":24},"end":{"line":10,"column":10}},"4":{"start":{"line":12,"column":24},"end":{"line":12,"column":57}},"5":{"start":{"line":14,"column":8},"end":{"line":20,"column":9}},"6":{"start":{"line":15,"column":12},"end":{"line":15,"column":43}},"7":{"start":{"line":18,"column":31},"end":{"line":18,"column":99}},"8":{"start":{"line":19,"column":12},"end":{"line":19,"column":46}},"9":{"start":{"line":22,"column":8},"end":{"line":22,"column":52}},"10":{"start":{"line":23,"column":8},"end":{"line":36,"column":10}},"11":{"start":{"line":30,"column":24},"end":{"line":30,"column":54}},"12":{"start":{"line":31,"column":24},"end":{"line":31,"column":79}}},"fnMap":{"0":{"name":"(anonymous_0)","decl":{"start":{"line":3,"column":24},"end":{"line":3,"column":25}},"loc":{"start":{"line":3,"column":52},"end":{"line":38,"column":1}},"line":3},"1":{"name":"(anonymous_1)","decl":{"start":{"line":29,"column":29},"end":{"line":29,"column":30}},"loc":{"start":{"line":29,"column":35},"end":{"line":32,"column":21}},"line":29}},"branchMap":{"0":{"loc":{"start":{"line":14,"column":8},"end":{"line":20,"column":9}},"type":"if","locations":[{"start":{"line":14,"column":8},"end":{"line":20,"column":9}},{"start":{"line":16,"column":15},"end":{"line":20,"column":9}}],"line":14}},"s":{"0":1,"1":0,"2":0,"3":0,"4":0,"5":0,"6":0,"7":0,"8":0,"9":0,"10":0,"11":0,"12":0},"f":{"0":0,"1":0},"b":{"0":[0,0]},"_coverageSchema":"1a1c01bbd47fc00a2c39e90264f33305004495a9","hash":"527b55206cf0101bf077a98ca6fb9630417e712a"}
,"C:\\Users\\kamaa\\dev\\cursor\\vratti\\src\\utils\\notifications.ts": {"path":"C:\\Users\\kamaa\\dev\\cursor\\vratti\\src\\utils\\notifications.ts","statementMap":{"0":{"start":{"line":6,"column":0},"end":{"line":13,"column":3}},"1":{"start":{"line":7,"column":37},"end":{"line":12,"column":5}},"2":{"start":{"line":15,"column":49},"end":{"line":72,"column":1}},"3":{"start":{"line":17,"column":4},"end":{"line":17,"column":62}},"4":{"start":{"line":19,"column":4},"end":{"line":30,"column":5}},"5":{"start":{"line":20,"column":8},"end":{"line":20,"column":66}},"6":{"start":{"line":21,"column":8},"end":{"line":29,"column":11}},"7":{"start":{"line":32,"column":39},"end":{"line":32,"column":80}},"8":{"start":{"line":33,"column":22},"end":{"line":33,"column":36}},"9":{"start":{"line":34,"column":4},"end":{"line":34,"column":75}},"10":{"start":{"line":36,"column":4},"end":{"line":41,"column":5}},"11":{"start":{"line":37,"column":8},"end":{"line":37,"column":62}},"12":{"start":{"line":38,"column":27},"end":{"line":38,"column":72}},"13":{"start":{"line":39,"column":8},"end":{"line":39,"column":29}},"14":{"start":{"line":40,"column":8},"end":{"line":40,"column":54}},"15":{"start":{"line":43,"column":4},"end":{"line":47,"column":5}},"16":{"start":{"line":44,"column":8},"end":{"line":44,"column":62}},"17":{"start":{"line":45,"column":8},"end":{"line":45,"column":65}},"18":{"start":{"line":46,"column":8},"end":{"line":46,"column":20}},"19":{"start":{"line":49,"column":4},"end":{"line":69,"column":5}},"20":{"start":{"line":50,"column":8},"end":{"line":50,"column":50}},"21":{"start":{"line":51,"column":26},"end":{"line":51,"column":69}},"22":{"start":{"line":52,"column":8},"end":{"line":54,"column":9}},"23":{"start":{"line":53,"column":12},"end":{"line":53,"column":72}},"24":{"start":{"line":55,"column":8},"end":{"line":57,"column":17}},"25":{"start":{"line":58,"column":8},"end":{"line":58,"column":59}},"26":{"start":{"line":60,"column":8},"end":{"line":60,"column":58}},"27":{"start":{"line":61,"column":8},"end":{"line":67,"column":9}},"28":{"start":{"line":62,"column":12},"end":{"line":66,"column":15}},"29":{"start":{"line":68,"column":8},"end":{"line":68,"column":20}},"30":{"start":{"line":71,"column":4},"end":{"line":71,"column":17}},"31":{"start":{"line":75,"column":37},"end":{"line":91,"column":1}},"32":{"start":{"line":76,"column":4},"end":{"line":90,"column":5}},"33":{"start":{"line":77,"column":8},"end":{"line":86,"column":11}},"34":{"start":{"line":87,"column":8},"end":{"line":87,"column":65}},"35":{"start":{"line":89,"column":8},"end":{"line":89,"column":66}},"36":{"start":{"line":93,"column":36},"end":{"line":153,"column":1}},"37":{"start":{"line":94,"column":4},"end":{"line":94,"column":82}},"38":{"start":{"line":97,"column":4},"end":{"line":97,"column":45}},"39":{"start":{"line":99,"column":20},"end":{"line":121,"column":5}},"40":{"start":{"line":123,"column":4},"end":{"line":152,"column":5}},"41":{"start":{"line":124,"column":25},"end":{"line":132,"column":10}},"42":{"start":{"line":134,"column":8},"end":{"line":138,"column":9}},"43":{"start":{"line":135,"column":30},"end":{"line":135,"column":51}},"44":{"start":{"line":136,"column":12},"end":{"line":136,"column":74}},"45":{"start":{"line":137,"column":12},"end":{"line":137,"column":70}},"46":{"start":{"line":140,"column":29},"end":{"line":140,"column":50}},"47":{"start":{"line":141,"column":8},"end":{"line":141,"column":74}},"48":{"start":{"line":143,"column":8},"end":{"line":143,"column":65}},"49":{"start":{"line":144,"column":8},"end":{"line":150,"column":9}},"50":{"start":{"line":145,"column":12},"end":{"line":149,"column":15}}},"fnMap":{"0":{"name":"(anonymous_0)","decl":{"start":{"line":7,"column":24},"end":{"line":7,"column":25}},"loc":{"start":{"line":7,"column":37},"end":{"line":12,"column":5}},"line":7},"1":{"name":"(anonymous_1)","decl":{"start":{"line":15,"column":49},"end":{"line":15,"column":50}},"loc":{"start":{"line":15,"column":61},"end":{"line":72,"column":1}},"line":15},"2":{"name":"(anonymous_2)","decl":{"start":{"line":75,"column":37},"end":{"line":75,"column":38}},"loc":{"start":{"line":75,"column":76},"end":{"line":91,"column":1}},"line":75},"3":{"name":"(anonymous_3)","decl":{"start":{"line":93,"column":36},"end":{"line":93,"column":37}},"loc":{"start":{"line":93,"column":98},"end":{"line":153,"column":1}},"line":93}},"branchMap":{"0":{"loc":{"start":{"line":19,"column":4},"end":{"line":30,"column":5}},"type":"if","locations":[{"start":{"line":19,"column":4},"end":{"line":30,"column":5}},{"start":{},"end":{}}],"line":19},"1":{"loc":{"start":{"line":36,"column":4},"end":{"line":41,"column":5}},"type":"if","locations":[{"start":{"line":36,"column":4},"end":{"line":41,"column":5}},{"start":{},"end":{}}],"line":36},"2":{"loc":{"start":{"line":43,"column":4},"end":{"line":47,"column":5}},"type":"if","locations":[{"start":{"line":43,"column":4},"end":{"line":47,"column":5}},{"start":{},"end":{}}],"line":43},"3":{"loc":{"start":{"line":52,"column":8},"end":{"line":54,"column":9}},"type":"if","locations":[{"start":{"line":52,"column":8},"end":{"line":54,"column":9}},{"start":{},"end":{}}],"line":52},"4":{"loc":{"start":{"line":61,"column":8},"end":{"line":67,"column":9}},"type":"if","locations":[{"start":{"line":61,"column":8},"end":{"line":67,"column":9}},{"start":{},"end":{}}],"line":61},"5":{"loc":{"start":{"line":134,"column":8},"end":{"line":138,"column":9}},"type":"if","locations":[{"start":{"line":134,"column":8},"end":{"line":138,"column":9}},{"start":{},"end":{}}],"line":134},"6":{"loc":{"start":{"line":144,"column":8},"end":{"line":150,"column":9}},"type":"if","locations":[{"start":{"line":144,"column":8},"end":{"line":150,"column":9}},{"start":{},"end":{}}],"line":144}},"s":{"0":1,"1":0,"2":1,"3":0,"4":0,"5":0,"6":0,"7":0,"8":0,"9":0,"10":0,"11":0,"12":0,"13":0,"14":0,"15":0,"16":0,"17":0,"18":0,"19":0,"20":0,"21":0,"22":0,"23":0,"24":0,"25":0,"26":0,"27":0,"28":0,"29":0,"30":0,"31":1,"32":0,"33":0,"34":0,"35":0,"36":1,"37":0,"38":0,"39":0,"40":0,"41":0,"42":0,"43":0,"44":0,"45":0,"46":0,"47":0,"48":0,"49":0,"50":0},"f":{"0":0,"1":0,"2":0,"3":0},"b":{"0":[0,0],"1":[0,0],"2":[0,0],"3":[0,0],"4":[0,0],"5":[0,0],"6":[0,0]},"_coverageSchema":"1a1c01bbd47fc00a2c39e90264f33305004495a9","hash":"522a38b1c6c03bfdfc11da8a70683a3559749154"}
,"C:\\Users\\kamaa\\dev\\cursor\\vratti\\src\\utils\\onlineStatus.ts": {"path":"C:\\Users\\kamaa\\dev\\cursor\\vratti\\src\\utils\\onlineStatus.ts","statementMap":{"0":{"start":{"line":4,"column":34},"end":{"line":16,"column":1}},"1":{"start":{"line":5,"column":4},"end":{"line":5,"column":24}},"2":{"start":{"line":5,"column":17},"end":{"line":5,"column":24}},"3":{"start":{"line":7,"column":4},"end":{"line":15,"column":5}},"4":{"start":{"line":8,"column":26},"end":{"line":8,"column":51}},"5":{"start":{"line":9,"column":8},"end":{"line":12,"column":28}},"6":{"start":{"line":18,"column":41},"end":{"line":34,"column":1}},"7":{"start":{"line":19,"column":4},"end":{"line":19,"column":34}},"8":{"start":{"line":19,"column":17},"end":{"line":19,"column":34}},"9":{"start":{"line":22,"column":4},"end":{"line":22,"column":37}},"10":{"start":{"line":25,"column":21},"end":{"line":27,"column":13}},"11":{"start":{"line":26,"column":8},"end":{"line":26,"column":41}},"12":{"start":{"line":30,"column":4},"end":{"line":33,"column":6}},"13":{"start":{"line":31,"column":8},"end":{"line":31,"column":32}},"14":{"start":{"line":32,"column":8},"end":{"line":32,"column":42}}},"fnMap":{"0":{"name":"(anonymous_0)","decl":{"start":{"line":4,"column":34},"end":{"line":4,"column":35}},"loc":{"start":{"line":4,"column":79},"end":{"line":16,"column":1}},"line":4},"1":{"name":"(anonymous_1)","decl":{"start":{"line":18,"column":41},"end":{"line":18,"column":42}},"loc":{"start":{"line":18,"column":61},"end":{"line":34,"column":1}},"line":18},"2":{"name":"(anonymous_2)","decl":{"start":{"line":19,"column":24},"end":{"line":19,"column":25}},"loc":{"start":{"line":19,"column":30},"end":{"line":19,"column":33}},"line":19},"3":{"name":"(anonymous_3)","decl":{"start":{"line":25,"column":33},"end":{"line":25,"column":34}},"loc":{"start":{"line":25,"column":39},"end":{"line":27,"column":5}},"line":25},"4":{"name":"(anonymous_4)","decl":{"start":{"line":30,"column":11},"end":{"line":30,"column":12}},"loc":{"start":{"line":30,"column":17},"end":{"line":33,"column":5}},"line":30}},"branchMap":{"0":{"loc":{"start":{"line":5,"column":4},"end":{"line":5,"column":24}},"type":"if","locations":[{"start":{"line":5,"column":4},"end":{"line":5,"column":24}},{"start":{},"end":{}}],"line":5},"1":{"loc":{"start":{"line":19,"column":4},"end":{"line":19,"column":34}},"type":"if","locations":[{"start":{"line":19,"column":4},"end":{"line":19,"column":34}},{"start":{},"end":{}}],"line":19}},"s":{"0":0,"1":0,"2":0,"3":0,"4":0,"5":0,"6":0,"7":0,"8":0,"9":0,"10":0,"11":0,"12":0,"13":0,"14":0},"f":{"0":0,"1":0,"2":0,"3":0,"4":0},"b":{"0":[0,0],"1":[0,0]}}
}
