TN:
SF:src\types.ts
FNF:0
FNH:0
LF:0
LH:0
BRF:0
BRH:0
end_of_record
TN:
SF:src\components\Copyright.tsx
FN:5,Copyright
FNF:1
FNH:0
FNDA:0,Copyright
DA:6,0
DA:15,1
LF:2
LH:1
BRF:0
BRH:0
end_of_record
TN:
SF:src\config\firebase.ts
FNF:0
FNH:0
DA:8,0
DA:10,0
DA:25,0
DA:26,0
DA:27,0
DA:29,0
DA:30,0
DA:35,0
DA:36,0
DA:37,0
DA:39,0
DA:43,0
DA:45,0
DA:46,0
DA:50,0
DA:53,0
LF:16
LH:0
BRDA:36,0,0,0
BRDA:36,0,1,0
BRF:2
BRH:0
end_of_record
TN:
SF:src\contexts\AuthContext.tsx
FN:36,(anonymous_0)
FN:37,(anonymous_1)
FN:38,(anonymous_2)
FN:39,(anonymous_3)
FN:44,AuthProvider
FN:57,(anonymous_5)
FN:85,(anonymous_6)
FN:87,(anonymous_7)
FN:99,(anonymous_8)
FN:107,(anonymous_9)
FN:110,(anonymous_10)
FN:118,(anonymous_11)
FN:137,(anonymous_12)
FN:144,(anonymous_13)
FN:154,(anonymous_14)
FN:184,(anonymous_15)
FN:205,(anonymous_16)
FN:214,(anonymous_17)
FN:267,(anonymous_18)
FN:271,(anonymous_19)
FN:301,(anonymous_20)
FN:313,(anonymous_21)
FN:333,(anonymous_22)
FN:361,(anonymous_23)
FN:368,(anonymous_24)
FN:369,(anonymous_25)
FN:373,(anonymous_26)
FN:377,(anonymous_27)
FN:403,(anonymous_28)
FN:428,(anonymous_29)
FNF:30
FNH:9
FNDA:0,(anonymous_0)
FNDA:0,(anonymous_1)
FNDA:0,(anonymous_2)
FNDA:0,(anonymous_3)
FNDA:5,AuthProvider
FNDA:0,(anonymous_5)
FNDA:5,(anonymous_6)
FNDA:0,(anonymous_7)
FNDA:5,(anonymous_8)
FNDA:5,(anonymous_9)
FNDA:0,(anonymous_10)
FNDA:0,(anonymous_11)
FNDA:0,(anonymous_12)
FNDA:0,(anonymous_13)
FNDA:0,(anonymous_14)
FNDA:0,(anonymous_15)
FNDA:0,(anonymous_16)
FNDA:0,(anonymous_17)
FNDA:5,(anonymous_18)
FNDA:5,(anonymous_19)
FNDA:0,(anonymous_20)
FNDA:0,(anonymous_21)
FNDA:0,(anonymous_22)
FNDA:5,(anonymous_23)
FNDA:5,(anonymous_24)
FNDA:0,(anonymous_25)
FNDA:0,(anonymous_26)
FNDA:5,(anonymous_27)
FNDA:0,(anonymous_28)
FNDA:0,(anonymous_29)
DA:26,1
DA:45,5
DA:46,5
DA:47,5
DA:48,5
DA:49,5
DA:50,5
DA:51,5
DA:52,5
DA:53,5
DA:54,5
DA:57,5
DA:58,0
DA:60,0
DA:62,0
DA:64,0
DA:65,0
DA:67,0
DA:68,0
DA:80,0
DA:85,5
DA:86,5
DA:87,5
DA:88,0
DA:89,0
DA:90,0
DA:92,0
DA:96,0
DA:99,5
DA:100,5
DA:101,5
DA:107,5
DA:108,5
DA:110,0
DA:111,0
DA:112,0
DA:113,0
DA:115,0
DA:116,0
DA:118,0
DA:119,0
DA:120,0
DA:125,0
DA:126,0
DA:128,0
DA:132,0
DA:135,0
DA:136,0
DA:137,0
DA:138,0
DA:139,0
DA:144,0
DA:145,0
DA:146,0
DA:147,0
DA:148,0
DA:150,0
DA:154,5
DA:155,0
DA:156,0
DA:157,0
DA:158,0
DA:160,0
DA:161,0
DA:165,0
DA:166,0
DA:167,0
DA:172,0
DA:179,0
DA:180,0
DA:184,5
DA:185,0
DA:186,0
DA:187,0
DA:189,0
DA:200,0
DA:201,0
DA:205,5
DA:206,0
DA:207,0
DA:209,0
DA:210,0
DA:214,5
DA:215,0
DA:216,0
DA:218,0
DA:219,0
DA:220,0
DA:224,0
DA:225,0
DA:227,0
DA:230,0
DA:236,0
DA:249,0
DA:250,0
DA:255,0
DA:258,0
DA:259,0
DA:262,0
DA:263,0
DA:267,5
DA:268,5
DA:269,5
DA:271,5
DA:272,5
DA:273,5
DA:275,5
DA:276,5
DA:278,5
DA:279,0
DA:280,0
DA:281,0
DA:282,0
DA:285,5
DA:288,5
DA:289,5
DA:297,5
DA:298,0
DA:301,5
DA:302,0
DA:303,0
DA:313,5
DA:314,0
DA:316,0
DA:317,0
DA:323,0
DA:324,0
DA:333,5
DA:334,0
DA:335,0
DA:336,0
DA:338,0
DA:339,0
DA:347,0
DA:348,0
DA:352,0
DA:353,0
DA:355,5
DA:356,5
DA:361,5
DA:362,5
DA:363,5
DA:368,5
DA:369,5
DA:370,0
DA:373,5
DA:374,0
DA:377,5
DA:378,5
DA:379,5
DA:381,0
DA:382,0
DA:387,5
DA:388,5
DA:395,0
DA:396,0
DA:403,0
DA:411,0
DA:421,0
DA:428,1
DA:429,0
LF:161
LH:54
BRDA:58,0,0,0
BRDA:58,0,1,0
BRDA:62,1,0,0
BRDA:62,1,1,0
BRDA:88,2,0,0
BRDA:88,2,1,0
BRDA:89,3,0,0
BRDA:89,3,1,0
BRDA:100,4,0,5
BRDA:100,4,1,0
BRDA:108,5,0,5
BRDA:108,5,1,0
BRDA:111,6,0,0
BRDA:111,6,1,0
BRDA:112,7,0,0
BRDA:112,7,1,0
BRDA:115,8,0,0
BRDA:115,8,1,0
BRDA:119,9,0,0
BRDA:119,9,1,0
BRDA:125,10,0,0
BRDA:125,10,1,0
BRDA:135,11,0,0
BRDA:135,11,1,0
BRDA:138,12,0,0
BRDA:138,12,1,0
BRDA:146,13,0,0
BRDA:146,13,1,0
BRDA:160,14,0,0
BRDA:160,14,1,0
BRDA:166,15,0,0
BRDA:166,15,1,0
BRDA:193,16,0,0
BRDA:193,16,1,0
BRDA:216,17,0,0
BRDA:216,17,1,0
BRDA:218,18,0,0
BRDA:218,18,1,0
BRDA:273,19,0,5
BRDA:273,19,1,0
BRDA:273,20,0,5
BRDA:273,20,1,5
BRDA:278,21,0,0
BRDA:278,21,1,5
BRDA:297,22,0,0
BRDA:297,22,1,5
BRDA:302,23,0,0
BRDA:302,23,1,0
BRDA:314,24,0,0
BRDA:314,24,1,0
BRDA:316,25,0,0
BRDA:316,25,1,0
BRDA:323,26,0,0
BRDA:323,26,1,0
BRDA:323,27,0,0
BRDA:323,27,1,0
BRDA:335,28,0,0
BRDA:335,28,1,0
BRDA:347,29,0,0
BRDA:347,29,1,0
BRDA:353,30,0,0
BRDA:353,30,1,0
BRDA:355,31,0,5
BRDA:355,31,1,0
BRDA:378,32,0,5
BRDA:378,32,1,0
BRDA:381,33,0,0
BRDA:381,33,1,0
BRDA:387,34,0,5
BRDA:387,34,1,0
BRDA:395,35,0,0
BRDA:395,35,1,0
BRF:72
BRH:10
end_of_record
TN:
SF:src\contexts\ChatContext.tsx
FN:50,(anonymous_0)
FN:63,(anonymous_1)
FN:102,(anonymous_2)
FN:138,(anonymous_3)
FN:149,(anonymous_4)
FN:158,(anonymous_5)
FN:163,(anonymous_6)
FN:181,(anonymous_7)
FN:193,(anonymous_8)
FN:201,(anonymous_9)
FN:206,(anonymous_10)
FN:210,(anonymous_11)
FN:213,(anonymous_12)
FN:217,(anonymous_13)
FN:222,(anonymous_14)
FN:226,(anonymous_15)
FN:229,(anonymous_16)
FN:233,(anonymous_17)
FN:238,(anonymous_18)
FN:242,(anonymous_19)
FN:254,(anonymous_20)
FN:277,(anonymous_21)
FNF:22
FNH:0
FNDA:0,(anonymous_0)
FNDA:0,(anonymous_1)
FNDA:0,(anonymous_2)
FNDA:0,(anonymous_3)
FNDA:0,(anonymous_4)
FNDA:0,(anonymous_5)
FNDA:0,(anonymous_6)
FNDA:0,(anonymous_7)
FNDA:0,(anonymous_8)
FNDA:0,(anonymous_9)
FNDA:0,(anonymous_10)
FNDA:0,(anonymous_11)
FNDA:0,(anonymous_12)
FNDA:0,(anonymous_13)
FNDA:0,(anonymous_14)
FNDA:0,(anonymous_15)
FNDA:0,(anonymous_16)
FNDA:0,(anonymous_17)
FNDA:0,(anonymous_18)
FNDA:0,(anonymous_19)
FNDA:0,(anonymous_20)
FNDA:0,(anonymous_21)
DA:48,0
DA:50,0
DA:51,0
DA:52,0
DA:53,0
DA:54,0
DA:55,0
DA:56,0
DA:57,0
DA:58,0
DA:59,0
DA:60,0
DA:63,0
DA:64,0
DA:66,0
DA:68,0
DA:73,0
DA:75,0
DA:76,0
DA:77,0
DA:78,0
DA:81,0
DA:91,0
DA:93,0
DA:98,0
DA:102,0
DA:103,0
DA:105,0
DA:111,0
DA:112,0
DA:115,0
DA:116,0
DA:117,0
DA:119,0
DA:120,0
DA:122,0
DA:124,0
DA:129,0
DA:131,0
DA:132,0
DA:138,0
DA:139,0
DA:141,0
DA:142,0
DA:149,0
DA:150,0
DA:152,0
DA:153,0
DA:158,0
DA:159,0
DA:160,0
DA:162,0
DA:163,0
DA:164,0
DA:165,0
DA:166,0
DA:173,0
DA:178,0
DA:179,0
DA:181,0
DA:182,0
DA:183,0
DA:192,0
DA:194,0
DA:195,0
DA:201,0
DA:203,0
DA:206,0
DA:210,0
DA:211,0
DA:213,0
DA:214,0
DA:216,0
DA:217,0
DA:218,0
DA:219,0
DA:222,0
DA:226,0
DA:227,0
DA:229,0
DA:230,0
DA:232,0
DA:233,0
DA:234,0
DA:235,0
DA:238,0
DA:242,0
DA:243,0
DA:245,0
DA:248,0
DA:254,0
DA:255,0
DA:262,0
DA:274,0
DA:277,0
DA:278,0
DA:279,0
DA:280,0
DA:282,0
LF:99
LH:0
BRDA:64,0,0,0
BRDA:64,0,1,0
BRDA:75,1,0,0
BRDA:75,1,1,0
BRDA:103,2,0,0
BRDA:103,2,1,0
BRDA:103,3,0,0
BRDA:103,3,1,0
BRDA:111,4,0,0
BRDA:111,4,1,0
BRDA:131,5,0,0
BRDA:131,5,1,0
BRDA:139,6,0,0
BRDA:139,6,1,0
BRDA:139,7,0,0
BRDA:139,7,1,0
BRDA:150,8,0,0
BRDA:150,8,1,0
BRDA:150,9,0,0
BRDA:150,9,1,0
BRDA:162,10,0,0
BRDA:162,10,1,0
BRDA:164,11,0,0
BRDA:164,11,1,0
BRDA:173,12,0,0
BRDA:173,12,1,0
BRDA:173,13,0,0
BRDA:173,13,1,0
BRDA:173,13,2,0
BRDA:173,13,3,0
BRDA:175,14,0,0
BRDA:175,14,1,0
BRDA:182,15,0,0
BRDA:182,15,1,0
BRDA:198,16,0,0
BRDA:198,16,1,0
BRDA:211,17,0,0
BRDA:211,17,1,0
BRDA:211,18,0,0
BRDA:211,18,1,0
BRDA:214,19,0,0
BRDA:214,19,1,0
BRDA:219,20,0,0
BRDA:219,20,1,0
BRDA:227,21,0,0
BRDA:227,21,1,0
BRDA:227,22,0,0
BRDA:227,22,1,0
BRDA:230,23,0,0
BRDA:230,23,1,0
BRDA:235,24,0,0
BRDA:235,24,1,0
BRDA:243,25,0,0
BRDA:243,25,1,0
BRDA:279,26,0,0
BRDA:279,26,1,0
BRF:56
BRH:0
end_of_record
TN:
SF:src\contexts\LanguageContext.tsx
FN:103,(anonymous_0)
FN:104,(anonymous_1)
FN:107,(anonymous_2)
FN:109,(anonymous_3)
FN:112,(anonymous_4)
FN:121,(anonymous_5)
FN:126,(anonymous_6)
FN:127,(anonymous_7)
FNF:8
FNH:0
FNDA:0,(anonymous_0)
FNDA:0,(anonymous_1)
FNDA:0,(anonymous_2)
FNDA:0,(anonymous_3)
FNDA:0,(anonymous_4)
FNDA:0,(anonymous_5)
FNDA:0,(anonymous_6)
FNDA:0,(anonymous_7)
DA:12,0
DA:101,0
DA:104,0
DA:107,0
DA:109,0
DA:110,0
DA:112,0
DA:113,0
DA:114,0
DA:115,0
DA:117,0
DA:121,0
DA:122,0
DA:126,0
DA:127,0
DA:128,0
DA:129,0
DA:130,0
DA:131,0
DA:134,0
DA:137,0
DA:140,0
LF:22
LH:0
BRDA:122,0,0,0
BRDA:122,0,1,0
BRDA:130,1,0,0
BRDA:130,1,1,0
BRDA:130,2,0,0
BRDA:130,2,1,0
BRF:6
BRH:0
end_of_record
TN:
SF:src\contexts\ThemeContext.tsx
FN:13,(anonymous_0)
FN:17,(anonymous_1)
FN:19,(anonymous_2)
FN:22,(anonymous_3)
FN:26,(anonymous_4)
FN:37,(anonymous_5)
FNF:6
FNH:0
FNDA:0,(anonymous_0)
FNDA:0,(anonymous_1)
FNDA:0,(anonymous_2)
FNDA:0,(anonymous_3)
FNDA:0,(anonymous_4)
FNDA:0,(anonymous_5)
DA:11,0
DA:17,0
DA:19,0
DA:20,0
DA:22,0
DA:23,0
DA:26,0
DA:27,0
DA:28,0
DA:29,0
DA:30,0
DA:33,0
DA:37,0
DA:38,0
DA:39,0
DA:40,0
DA:41,0
DA:43,0
DA:47,0
DA:49,0
LF:20
LH:0
BRDA:29,0,0,0
BRDA:29,0,1,0
BRDA:40,1,0,0
BRDA:40,1,1,0
BRDA:47,2,0,0
BRDA:47,2,1,0
BRF:6
BRH:0
end_of_record
TN:
SF:src\navigation\AppNavigator.tsx
FN:19,AppNavigator
FN:50,(anonymous_1)
FNF:2
FNH:0
FNDA:0,AppNavigator
FNDA:0,(anonymous_1)
DA:17,0
DA:20,0
DA:22,0
DA:23,0
DA:26,0
DA:50,0
LF:6
LH:0
BRDA:22,0,0,0
BRDA:22,0,1,0
BRF:2
BRH:0
end_of_record
TN:
SF:src\navigation\DriverTabs.tsx
FN:55,DriverTabs
FN:62,(anonymous_1)
FN:71,(anonymous_2)
FN:73,(anonymous_3)
FN:82,(anonymous_4)
FN:88,(anonymous_5)
FN:106,(anonymous_6)
FN:141,(anonymous_7)
FN:147,(anonymous_8)
FN:171,(anonymous_9)
FN:172,(anonymous_10)
FN:234,(anonymous_11)
FN:246,(anonymous_12)
FN:260,(anonymous_13)
FNF:14
FNH:0
FNDA:0,DriverTabs
FNDA:0,(anonymous_1)
FNDA:0,(anonymous_2)
FNDA:0,(anonymous_3)
FNDA:0,(anonymous_4)
FNDA:0,(anonymous_5)
FNDA:0,(anonymous_6)
FNDA:0,(anonymous_7)
FNDA:0,(anonymous_8)
FNDA:0,(anonymous_9)
FNDA:0,(anonymous_10)
FNDA:0,(anonymous_11)
FNDA:0,(anonymous_12)
FNDA:0,(anonymous_13)
DA:53,0
DA:56,0
DA:57,0
DA:58,0
DA:59,0
DA:60,0
DA:62,0
DA:63,0
DA:66,0
DA:72,0
DA:73,0
DA:74,0
DA:75,0
DA:76,0
DA:79,0
DA:80,0
DA:83,0
DA:88,0
DA:89,0
DA:90,0
DA:92,0
DA:94,0
DA:97,0
DA:101,0
DA:103,0
DA:106,0
DA:107,0
DA:112,0
DA:113,0
DA:116,0
DA:117,0
DA:118,0
DA:119,0
DA:126,0
DA:127,0
DA:128,0
DA:131,0
DA:136,0
DA:139,0
DA:141,0
DA:142,0
DA:143,0
DA:147,0
DA:148,0
DA:149,0
DA:150,0
DA:158,0
DA:159,0
DA:169,0
DA:171,0
DA:175,0
DA:177,0
DA:178,0
DA:180,0
DA:181,0
DA:183,0
DA:184,0
DA:186,0
DA:187,0
DA:189,0
DA:190,0
DA:192,0
DA:193,0
DA:195,0
DA:198,0
DA:235,0
DA:236,0
DA:247,0
DA:260,0
LF:69
LH:0
BRDA:63,0,0,0
BRDA:63,0,1,0
BRDA:75,1,0,0
BRDA:75,1,1,0
BRDA:75,2,0,0
BRDA:75,2,1,0
BRDA:92,3,0,0
BRDA:92,3,1,0
BRDA:117,4,0,0
BRDA:117,4,1,0
BRDA:118,5,0,0
BRDA:118,5,1,0
BRDA:126,6,0,0
BRDA:126,6,1,0
BRDA:175,7,0,0
BRDA:175,7,1,0
BRDA:175,7,2,0
BRDA:175,7,3,0
BRDA:175,7,4,0
BRDA:175,7,5,0
BRDA:175,7,6,0
BRDA:177,8,0,0
BRDA:177,8,1,0
BRDA:180,9,0,0
BRDA:180,9,1,0
BRDA:183,10,0,0
BRDA:183,10,1,0
BRDA:186,11,0,0
BRDA:186,11,1,0
BRDA:189,12,0,0
BRDA:189,12,1,0
BRDA:192,13,0,0
BRDA:192,13,1,0
BRDA:248,14,0,0
BRDA:248,14,1,0
BRDA:253,15,0,0
BRDA:253,15,1,0
BRF:37
BRH:0
end_of_record
TN:
SF:src\screens\AddJobScreen.tsx
FN:40,(anonymous_0)
FN:45,AddJobScreen
FN:61,(anonymous_2)
FN:87,(anonymous_3)
FN:110,(anonymous_4)
FN:165,(anonymous_5)
FN:166,(anonymous_6)
FN:168,(anonymous_7)
FN:190,(anonymous_8)
FN:193,(anonymous_9)
FN:212,(anonymous_10)
FN:226,(anonymous_11)
FN:242,(anonymous_12)
FN:257,(anonymous_13)
FN:277,(anonymous_14)
FN:292,(anonymous_15)
FN:306,(anonymous_16)
FN:317,(anonymous_17)
FNF:18
FNH:0
FNDA:0,(anonymous_0)
FNDA:0,AddJobScreen
FNDA:0,(anonymous_2)
FNDA:0,(anonymous_3)
FNDA:0,(anonymous_4)
FNDA:0,(anonymous_5)
FNDA:0,(anonymous_6)
FNDA:0,(anonymous_7)
FNDA:0,(anonymous_8)
FNDA:0,(anonymous_9)
FNDA:0,(anonymous_10)
FNDA:0,(anonymous_11)
FNDA:0,(anonymous_12)
FNDA:0,(anonymous_13)
FNDA:0,(anonymous_14)
FNDA:0,(anonymous_15)
FNDA:0,(anonymous_16)
FNDA:0,(anonymous_17)
DA:19,0
DA:20,0
DA:24,0
DA:35,0
DA:36,0
DA:37,0
DA:38,0
DA:40,0
DA:41,0
DA:42,0
DA:46,0
DA:47,0
DA:48,0
DA:49,0
DA:50,0
DA:59,0
DA:61,0
DA:62,0
DA:64,0
DA:65,0
DA:67,0
DA:68,0
DA:70,0
DA:71,0
DA:73,0
DA:74,0
DA:76,0
DA:77,0
DA:79,0
DA:80,0
DA:83,0
DA:84,0
DA:87,0
DA:88,0
DA:89,0
DA:91,0
DA:93,0
DA:95,0
DA:97,0
DA:98,0
DA:99,0
DA:100,0
DA:101,0
DA:103,0
DA:105,0
DA:110,0
DA:111,0
DA:112,0
DA:118,0
DA:121,0
DA:122,0
DA:125,0
DA:130,0
DA:132,0
DA:142,0
DA:144,0
DA:151,0
DA:153,0
DA:154,0
DA:161,0
DA:165,0
DA:166,0
DA:167,0
DA:168,0
DA:172,0
DA:191,0
DA:193,0
DA:212,0
DA:226,0
DA:242,0
DA:257,0
DA:277,0
DA:292,0
DA:306,0
DA:317,0
DA:342,0
LF:76
LH:0
BRDA:36,0,0,0
BRDA:36,0,1,0
BRDA:41,1,0,0
BRDA:41,1,1,0
BRDA:64,2,0,0
BRDA:64,2,1,0
BRDA:67,3,0,0
BRDA:67,3,1,0
BRDA:70,4,0,0
BRDA:70,4,1,0
BRDA:73,5,0,0
BRDA:73,5,1,0
BRDA:76,6,0,0
BRDA:76,6,1,0
BRDA:79,7,0,0
BRDA:79,7,1,0
BRDA:111,8,0,0
BRDA:111,8,1,0
BRDA:125,9,0,0
BRDA:125,9,1,0
BRDA:130,10,0,0
BRDA:130,10,1,0
BRDA:167,11,0,0
BRDA:167,11,1,0
BRDA:196,12,0,0
BRDA:196,12,1,0
BRDA:219,13,0,0
BRDA:219,13,1,0
BRDA:235,14,0,0
BRDA:235,14,1,0
BRDA:249,15,0,0
BRDA:249,15,1,0
BRDA:270,16,0,0
BRDA:270,16,1,0
BRDA:285,17,0,0
BRDA:285,17,1,0
BRDA:299,18,0,0
BRDA:299,18,1,0
BRDA:376,19,0,0
BRDA:376,19,1,0
BRDA:461,20,0,0
BRDA:461,20,1,0
BRF:42
BRH:0
end_of_record
TN:
SF:src\screens\AdminHomeScreen.tsx
FN:18,AdminHomeScreen
FN:28,(anonymous_1)
FN:30,(anonymous_2)
FN:41,(anonymous_3)
FN:45,(anonymous_4)
FN:64,(anonymous_5)
FN:76,(anonymous_6)
FN:85,(anonymous_7)
FN:89,(anonymous_8)
FN:131,(anonymous_9)
FN:169,(anonymous_10)
FN:176,(anonymous_11)
FN:181,(anonymous_12)
FN:183,(anonymous_13)
FN:189,(anonymous_14)
FN:195,(anonymous_15)
FN:201,(anonymous_16)
FN:220,(anonymous_17)
FN:229,(anonymous_18)
FN:243,(anonymous_19)
FNF:20
FNH:0
FNDA:0,AdminHomeScreen
FNDA:0,(anonymous_1)
FNDA:0,(anonymous_2)
FNDA:0,(anonymous_3)
FNDA:0,(anonymous_4)
FNDA:0,(anonymous_5)
FNDA:0,(anonymous_6)
FNDA:0,(anonymous_7)
FNDA:0,(anonymous_8)
FNDA:0,(anonymous_9)
FNDA:0,(anonymous_10)
FNDA:0,(anonymous_11)
FNDA:0,(anonymous_12)
FNDA:0,(anonymous_13)
FNDA:0,(anonymous_14)
FNDA:0,(anonymous_15)
FNDA:0,(anonymous_16)
FNDA:0,(anonymous_17)
FNDA:0,(anonymous_18)
FNDA:0,(anonymous_19)
DA:19,0
DA:20,0
DA:21,0
DA:22,0
DA:23,0
DA:24,0
DA:25,0
DA:26,0
DA:28,0
DA:29,0
DA:30,0
DA:31,0
DA:32,0
DA:33,0
DA:35,0
DA:37,0
DA:41,0
DA:42,0
DA:45,0
DA:46,0
DA:47,0
DA:50,0
DA:51,0
DA:53,0
DA:56,0
DA:58,0
DA:60,0
DA:64,0
DA:65,0
DA:66,0
DA:67,0
DA:72,0
DA:76,0
DA:77,0
DA:78,0
DA:79,0
DA:80,0
DA:81,0
DA:85,0
DA:89,0
DA:90,0
DA:131,0
DA:141,0
DA:169,0
DA:176,0
DA:181,0
DA:183,0
DA:189,0
DA:195,0
DA:201,0
DA:220,0
DA:229,0
DA:243,0
DA:267,0
LF:54
LH:0
BRDA:29,0,0,0
BRDA:29,0,1,0
BRDA:32,1,0,0
BRDA:32,1,1,0
BRDA:50,2,0,0
BRDA:50,2,1,0
BRDA:77,3,0,0
BRDA:77,3,1,0
BRDA:77,3,2,0
BRDA:77,3,3,0
BRDA:92,4,0,0
BRDA:92,4,1,0
BRDA:118,5,0,0
BRDA:118,5,1,0
BRDA:151,6,0,0
BRDA:151,6,1,0
BRDA:161,7,0,0
BRDA:161,7,1,0
BRDA:171,8,0,0
BRDA:171,8,1,0
BRDA:181,9,0,0
BRDA:181,9,1,0
BRF:22
BRH:0
end_of_record
TN:
SF:src\screens\ChatListScreen.tsx
FN:34,ChatListScreen
FN:41,(anonymous_1)
FN:47,(anonymous_2)
FN:51,(anonymous_3)
FN:76,(anonymous_4)
FN:79,(anonymous_5)
FN:81,(anonymous_6)
FN:102,(anonymous_7)
FN:109,(anonymous_8)
FN:110,(anonymous_9)
FN:112,(anonymous_10)
FN:114,(anonymous_11)
FN:124,(anonymous_12)
FN:127,(anonymous_13)
FN:130,(anonymous_14)
FN:140,(anonymous_15)
FN:196,(anonymous_16)
FNF:17
FNH:0
FNDA:0,ChatListScreen
FNDA:0,(anonymous_1)
FNDA:0,(anonymous_2)
FNDA:0,(anonymous_3)
FNDA:0,(anonymous_4)
FNDA:0,(anonymous_5)
FNDA:0,(anonymous_6)
FNDA:0,(anonymous_7)
FNDA:0,(anonymous_8)
FNDA:0,(anonymous_9)
FNDA:0,(anonymous_10)
FNDA:0,(anonymous_11)
FNDA:0,(anonymous_12)
FNDA:0,(anonymous_13)
FNDA:0,(anonymous_14)
FNDA:0,(anonymous_15)
FNDA:0,(anonymous_16)
DA:35,0
DA:36,0
DA:37,0
DA:38,0
DA:39,0
DA:41,0
DA:42,0
DA:45,0
DA:47,0
DA:48,0
DA:49,0
DA:51,0
DA:52,0
DA:54,0
DA:55,0
DA:56,0
DA:58,0
DA:59,0
DA:61,0
DA:65,0
DA:69,0
DA:70,0
DA:76,0
DA:77,0
DA:79,0
DA:80,0
DA:81,0
DA:83,0
DA:84,0
DA:98,0
DA:99,0
DA:102,0
DA:103,0
DA:104,0
DA:109,0
DA:110,0
DA:111,0
DA:112,0
DA:113,0
DA:114,0
DA:116,0
DA:117,0
DA:120,0
DA:124,0
DA:127,0
DA:128,0
DA:130,0
DA:140,0
DA:183,0
DA:196,0
DA:214,0
LF:51
LH:0
BRDA:42,0,0,0
BRDA:42,0,1,0
BRDA:54,1,0,0
BRDA:54,1,1,0
BRDA:54,2,0,0
BRDA:54,2,1,0
BRDA:58,3,0,0
BRDA:58,3,1,0
BRDA:83,4,0,0
BRDA:83,4,1,0
BRDA:86,5,0,0
BRDA:86,5,1,0
BRDA:87,6,0,0
BRDA:87,6,1,0
BRDA:88,7,0,0
BRDA:88,7,1,0
BRDA:91,8,0,0
BRDA:91,8,1,0
BRDA:91,9,0,0
BRDA:91,9,1,0
BRDA:91,10,0,0
BRDA:91,10,1,0
BRDA:92,11,0,0
BRDA:92,11,1,0
BRDA:116,12,0,0
BRDA:116,12,1,0
BRDA:175,13,0,0
BRDA:175,13,1,0
BRF:28
BRH:0
end_of_record
TN:
SF:src\screens\ChatScreen.tsx
FN:98,ChatScreen
FN:105,(anonymous_1)
FN:106,(anonymous_2)
FN:109,(anonymous_3)
FN:109,(anonymous_4)
FN:123,(anonymous_5)
FN:126,(anonymous_6)
FN:192,(anonymous_7)
FN:197,(anonymous_8)
FN:202,(anonymous_9)
FN:215,(anonymous_10)
FN:222,(anonymous_11)
FN:232,(anonymous_12)
FN:233,(anonymous_13)
FN:236,(anonymous_14)
FN:295,(anonymous_15)
FN:303,(anonymous_16)
FN:308,(anonymous_17)
FN:360,(anonymous_18)
FN:362,(anonymous_19)
FN:394,(anonymous_20)
FN:396,(anonymous_21)
FN:397,(anonymous_22)
FN:406,(anonymous_23)
FN:440,(anonymous_24)
FN:467,(anonymous_25)
FNF:26
FNH:0
FNDA:0,ChatScreen
FNDA:0,(anonymous_1)
FNDA:0,(anonymous_2)
FNDA:0,(anonymous_3)
FNDA:0,(anonymous_4)
FNDA:0,(anonymous_5)
FNDA:0,(anonymous_6)
FNDA:0,(anonymous_7)
FNDA:0,(anonymous_8)
FNDA:0,(anonymous_9)
FNDA:0,(anonymous_10)
FNDA:0,(anonymous_11)
FNDA:0,(anonymous_12)
FNDA:0,(anonymous_13)
FNDA:0,(anonymous_14)
FNDA:0,(anonymous_15)
FNDA:0,(anonymous_16)
FNDA:0,(anonymous_17)
FNDA:0,(anonymous_18)
FNDA:0,(anonymous_19)
FNDA:0,(anonymous_20)
FNDA:0,(anonymous_21)
FNDA:0,(anonymous_22)
FNDA:0,(anonymous_23)
FNDA:0,(anonymous_24)
FNDA:0,(anonymous_25)
DA:99,0
DA:100,0
DA:101,0
DA:109,0
DA:110,0
DA:113,0
DA:115,0
DA:117,0
DA:118,0
DA:119,0
DA:120,0
DA:121,0
DA:123,0
DA:124,0
DA:126,0
DA:127,0
DA:128,0
DA:129,0
DA:131,0
DA:132,0
DA:133,0
DA:136,0
DA:137,0
DA:139,0
DA:140,0
DA:141,0
DA:144,0
DA:145,0
DA:148,0
DA:149,0
DA:152,0
DA:156,0
DA:158,0
DA:159,0
DA:163,0
DA:164,0
DA:165,0
DA:166,0
DA:167,0
DA:169,0
DA:170,0
DA:174,0
DA:181,0
DA:182,0
DA:190,0
DA:192,0
DA:193,0
DA:197,0
DA:198,0
DA:202,0
DA:203,0
DA:204,0
DA:205,0
DA:206,0
DA:209,0
DA:213,0
DA:215,0
DA:216,0
DA:217,0
DA:222,0
DA:223,0
DA:225,0
DA:226,0
DA:227,0
DA:228,0
DA:229,0
DA:232,0
DA:233,0
DA:236,0
DA:237,0
DA:238,0
DA:245,0
DA:246,0
DA:247,0
DA:249,0
DA:251,0
DA:252,0
DA:253,0
DA:256,0
DA:257,0
DA:260,0
DA:261,0
DA:264,0
DA:266,0
DA:273,0
DA:274,0
DA:283,0
DA:284,0
DA:291,0
DA:295,0
DA:296,0
DA:298,0
DA:299,0
DA:302,0
DA:303,0
DA:304,0
DA:308,0
DA:309,0
DA:311,0
DA:343,0
DA:361,0
DA:362,0
DA:394,0
DA:396,0
DA:397,0
DA:407,0
DA:408,0
DA:440,0
DA:467,0
DA:483,0
LF:110
LH:0
BRDA:104,0,0,0
BRDA:105,1,0,0
BRDA:106,2,0,0
BRDA:107,3,0,0
BRDA:108,4,0,0
BRDA:109,5,0,0
BRDA:110,6,0,0
BRDA:110,6,1,0
BRDA:129,7,0,0
BRDA:129,7,1,0
BRDA:131,8,0,0
BRDA:131,8,1,0
BRDA:133,9,0,0
BRDA:133,9,1,0
BRDA:133,9,2,0
BRDA:133,9,3,0
BRDA:133,9,4,0
BRDA:133,9,5,0
BRDA:136,10,0,0
BRDA:136,10,1,0
BRDA:136,11,0,0
BRDA:136,11,1,0
BRDA:163,12,0,0
BRDA:163,12,1,0
BRDA:166,13,0,0
BRDA:166,13,1,0
BRDA:176,14,0,0
BRDA:176,14,1,0
BRDA:177,15,0,0
BRDA:177,15,1,0
BRDA:198,16,0,0
BRDA:198,16,1,0
BRDA:205,17,0,0
BRDA:205,17,1,0
BRDA:216,18,0,0
BRDA:216,18,1,0
BRDA:223,19,0,0
BRDA:223,19,1,0
BRDA:223,20,0,0
BRDA:223,20,1,0
BRDA:245,21,0,0
BRDA:245,21,1,0
BRDA:245,22,0,0
BRDA:245,22,1,0
BRDA:298,23,0,0
BRDA:298,23,1,0
BRDA:315,24,0,0
BRDA:315,24,1,0
BRDA:318,25,0,0
BRDA:318,25,1,0
BRDA:327,26,0,0
BRDA:327,26,1,0
BRDA:333,27,0,0
BRDA:333,27,1,0
BRDA:335,28,0,0
BRDA:335,28,1,0
BRDA:345,29,0,0
BRDA:345,29,1,0
BRDA:346,30,0,0
BRDA:346,30,1,0
BRDA:355,31,0,0
BRDA:355,31,1,0
BRDA:362,32,0,0
BRDA:362,32,1,0
BRDA:375,33,0,0
BRDA:375,33,1,0
BRDA:380,34,0,0
BRDA:380,34,1,0
BRDA:382,35,0,0
BRDA:382,35,1,0
BRDA:413,36,0,0
BRDA:413,36,1,0
BRDA:424,37,0,0
BRDA:424,37,1,0
BRDA:447,38,0,0
BRDA:447,38,1,0
BRDA:448,39,0,0
BRDA:448,39,1,0
BRDA:451,40,0,0
BRDA:451,40,1,0
BRDA:578,41,0,0
BRDA:578,41,1,0
BRDA:612,42,0,0
BRDA:612,42,1,0
BRF:84
BRH:0
end_of_record
TN:
SF:src\screens\CompleteProfileScreen.tsx
FN:140,CompleteProfileScreen
FN:170,(anonymous_1)
FN:174,(anonymous_2)
FN:219,(anonymous_3)
FN:227,(anonymous_4)
FN:229,(anonymous_5)
FN:243,(anonymous_6)
FN:286,(anonymous_7)
FN:287,(anonymous_8)
FN:360,(anonymous_9)
FN:372,(anonymous_10)
FN:382,(anonymous_11)
FN:410,(anonymous_12)
FN:412,(anonymous_13)
FN:418,(anonymous_14)
FN:431,(anonymous_15)
FN:438,(anonymous_16)
FN:470,(anonymous_17)
FN:510,(anonymous_18)
FN:523,(anonymous_19)
FN:536,(anonymous_20)
FN:558,(anonymous_21)
FN:624,(anonymous_22)
FN:640,(anonymous_23)
FN:653,(anonymous_24)
FN:665,(anonymous_25)
FN:679,(anonymous_26)
FN:687,(anonymous_27)
FN:701,(anonymous_28)
FN:709,(anonymous_29)
FN:725,(anonymous_30)
FN:738,(anonymous_31)
FN:742,(anonymous_32)
FN:743,(anonymous_33)
FN:745,(anonymous_34)
FN:760,(anonymous_35)
FN:784,(anonymous_36)
FN:791,(anonymous_37)
FN:798,(anonymous_38)
FN:811,(anonymous_39)
FN:823,(anonymous_40)
FN:835,(anonymous_41)
FN:848,(anonymous_42)
FN:861,(anonymous_43)
FN:877,(anonymous_44)
FN:889,(anonymous_45)
FN:901,(anonymous_46)
FN:918,(anonymous_47)
FN:928,(anonymous_48)
FNF:49
FNH:0
FNDA:0,CompleteProfileScreen
FNDA:0,(anonymous_1)
FNDA:0,(anonymous_2)
FNDA:0,(anonymous_3)
FNDA:0,(anonymous_4)
FNDA:0,(anonymous_5)
FNDA:0,(anonymous_6)
FNDA:0,(anonymous_7)
FNDA:0,(anonymous_8)
FNDA:0,(anonymous_9)
FNDA:0,(anonymous_10)
FNDA:0,(anonymous_11)
FNDA:0,(anonymous_12)
FNDA:0,(anonymous_13)
FNDA:0,(anonymous_14)
FNDA:0,(anonymous_15)
FNDA:0,(anonymous_16)
FNDA:0,(anonymous_17)
FNDA:0,(anonymous_18)
FNDA:0,(anonymous_19)
FNDA:0,(anonymous_20)
FNDA:0,(anonymous_21)
FNDA:0,(anonymous_22)
FNDA:0,(anonymous_23)
FNDA:0,(anonymous_24)
FNDA:0,(anonymous_25)
FNDA:0,(anonymous_26)
FNDA:0,(anonymous_27)
FNDA:0,(anonymous_28)
FNDA:0,(anonymous_29)
FNDA:0,(anonymous_30)
FNDA:0,(anonymous_31)
FNDA:0,(anonymous_32)
FNDA:0,(anonymous_33)
FNDA:0,(anonymous_34)
FNDA:0,(anonymous_35)
FNDA:0,(anonymous_36)
FNDA:0,(anonymous_37)
FNDA:0,(anonymous_38)
FNDA:0,(anonymous_39)
FNDA:0,(anonymous_40)
FNDA:0,(anonymous_41)
FNDA:0,(anonymous_42)
FNDA:0,(anonymous_43)
FNDA:0,(anonymous_44)
FNDA:0,(anonymous_45)
FNDA:0,(anonymous_46)
FNDA:0,(anonymous_47)
FNDA:0,(anonymous_48)
DA:35,0
DA:141,0
DA:142,0
DA:143,0
DA:144,0
DA:167,0
DA:168,0
DA:170,0
DA:171,0
DA:174,0
DA:175,0
DA:176,0
DA:178,0
DA:179,0
DA:180,0
DA:181,0
DA:182,0
DA:184,0
DA:209,0
DA:210,0
DA:219,0
DA:220,0
DA:222,0
DA:223,0
DA:227,0
DA:228,0
DA:229,0
DA:230,0
DA:231,0
DA:232,0
DA:235,0
DA:236,0
DA:240,0
DA:243,0
DA:244,0
DA:245,0
DA:246,0
DA:248,0
DA:251,0
DA:252,0
DA:253,0
DA:255,0
DA:257,0
DA:266,0
DA:267,0
DA:270,0
DA:271,0
DA:274,0
DA:275,0
DA:282,0
DA:286,0
DA:287,0
DA:288,0
DA:289,0
DA:297,0
DA:305,0
DA:306,0
DA:307,0
DA:310,0
DA:311,0
DA:314,0
DA:315,0
DA:318,0
DA:319,0
DA:320,0
DA:321,0
DA:322,0
DA:325,0
DA:326,0
DA:327,0
DA:328,0
DA:331,0
DA:332,0
DA:333,0
DA:334,0
DA:335,0
DA:338,0
DA:340,0
DA:341,0
DA:350,0
DA:351,0
DA:360,0
DA:361,0
DA:362,0
DA:372,0
DA:373,0
DA:376,0
DA:377,0
DA:383,0
DA:384,0
DA:390,0
DA:391,0
DA:392,0
DA:410,0
DA:411,0
DA:412,0
DA:418,0
DA:419,0
DA:426,0
DA:427,0
DA:431,0
DA:432,0
DA:439,0
DA:440,0
DA:441,0
DA:447,0
DA:450,0
DA:457,0
DA:458,0
DA:459,0
DA:471,0
DA:472,0
DA:473,0
DA:479,0
DA:482,0
DA:489,0
DA:490,0
DA:491,0
DA:510,0
DA:511,0
DA:523,0
DA:525,0
DA:526,0
DA:537,0
DA:538,0
DA:539,0
DA:541,0
DA:548,0
DA:558,0
DA:565,0
DA:624,0
DA:640,0
DA:653,0
DA:665,0
DA:679,0
DA:687,0
DA:701,0
DA:709,0
DA:725,0
DA:739,0
DA:743,0
DA:744,0
DA:745,0
DA:747,0
DA:760,0
DA:784,0
DA:791,0
DA:798,0
DA:811,0
DA:823,0
DA:835,0
DA:848,0
DA:861,0
DA:877,0
DA:889,0
DA:902,0
DA:903,0
DA:918,0
DA:928,0
DA:974,0
LF:160
LH:0
BRDA:176,0,0,0
BRDA:176,0,1,0
BRDA:179,1,0,0
BRDA:179,1,1,0
BRDA:182,2,0,0
BRDA:182,2,1,0
BRDA:185,3,0,0
BRDA:185,3,1,0
BRDA:187,4,0,0
BRDA:187,4,1,0
BRDA:188,5,0,0
BRDA:188,5,1,0
BRDA:189,6,0,0
BRDA:189,6,1,0
BRDA:190,7,0,0
BRDA:190,7,1,0
BRDA:191,8,0,0
BRDA:191,8,1,0
BRDA:194,9,0,0
BRDA:194,9,1,0
BRDA:195,10,0,0
BRDA:195,10,1,0
BRDA:196,11,0,0
BRDA:196,11,1,0
BRDA:199,12,0,0
BRDA:199,12,1,0
BRDA:200,13,0,0
BRDA:200,13,1,0
BRDA:201,14,0,0
BRDA:201,14,1,0
BRDA:202,15,0,0
BRDA:202,15,1,0
BRDA:204,16,0,0
BRDA:204,16,1,0
BRDA:205,17,0,0
BRDA:205,17,1,0
BRDA:222,18,0,0
BRDA:222,18,1,0
BRDA:228,19,0,0
BRDA:228,19,1,0
BRDA:228,20,0,0
BRDA:228,20,1,0
BRDA:228,20,2,0
BRDA:230,21,0,0
BRDA:230,21,1,0
BRDA:230,22,0,0
BRDA:230,22,1,0
BRDA:231,23,0,0
BRDA:231,23,1,0
BRDA:235,24,0,0
BRDA:235,24,1,0
BRDA:235,25,0,0
BRDA:235,25,1,0
BRDA:245,26,0,0
BRDA:245,26,1,0
BRDA:251,27,0,0
BRDA:251,27,1,0
BRDA:266,28,0,0
BRDA:266,28,1,0
BRDA:270,29,0,0
BRDA:270,29,1,0
BRDA:271,30,0,0
BRDA:271,30,1,0
BRDA:288,31,0,0
BRDA:288,31,1,0
BRDA:288,32,0,0
BRDA:288,32,1,0
BRDA:288,32,2,0
BRDA:361,33,0,0
BRDA:361,33,1,0
BRDA:376,34,0,0
BRDA:376,34,1,0
BRDA:383,35,0,0
BRDA:383,35,1,0
BRDA:390,36,0,0
BRDA:390,36,1,0
BRDA:411,37,0,0
BRDA:411,37,1,0
BRDA:426,38,0,0
BRDA:426,38,1,0
BRDA:440,39,0,0
BRDA:440,39,1,0
BRDA:457,40,0,0
BRDA:457,40,1,0
BRDA:472,41,0,0
BRDA:472,41,1,0
BRDA:489,42,0,0
BRDA:489,42,1,0
BRDA:525,43,0,0
BRDA:525,43,1,0
BRDA:572,44,0,0
BRDA:572,44,1,0
BRDA:591,45,0,0
BRDA:591,45,1,0
BRDA:594,46,0,0
BRDA:594,46,1,0
BRDA:680,47,0,0
BRDA:680,47,1,0
BRDA:681,48,0,0
BRDA:681,48,1,0
BRDA:688,49,0,0
BRDA:688,49,1,0
BRDA:689,50,0,0
BRDA:689,50,1,0
BRDA:702,51,0,0
BRDA:702,51,1,0
BRDA:703,52,0,0
BRDA:703,52,1,0
BRDA:710,53,0,0
BRDA:710,53,1,0
BRDA:711,54,0,0
BRDA:711,54,1,0
BRDA:720,55,0,0
BRDA:720,55,1,0
BRDA:730,56,0,0
BRDA:730,56,1,0
BRDA:734,57,0,0
BRDA:734,57,1,0
BRDA:734,57,2,0
BRDA:741,58,0,0
BRDA:741,58,1,0
BRDA:743,59,0,0
BRDA:743,59,1,0
BRDA:744,60,0,0
BRDA:744,60,1,0
BRDA:769,61,0,0
BRDA:769,61,1,0
BRDA:779,62,0,0
BRDA:779,62,1,0
BRDA:816,63,0,0
BRDA:816,63,1,0
BRDA:828,64,0,0
BRDA:828,64,1,0
BRDA:840,65,0,0
BRDA:840,65,1,0
BRDA:844,66,0,0
BRDA:844,66,1,0
BRDA:854,67,0,0
BRDA:854,67,1,0
BRDA:854,67,2,0
BRDA:866,68,0,0
BRDA:866,68,1,0
BRDA:882,69,0,0
BRDA:882,69,1,0
BRDA:894,70,0,0
BRDA:894,70,1,0
BRDA:902,71,0,0
BRDA:902,71,1,0
BRDA:908,72,0,0
BRDA:908,72,1,0
BRDA:911,73,0,0
BRDA:911,73,1,0
BRDA:911,73,2,0
BRDA:930,74,0,0
BRDA:930,74,1,0
BRDA:932,75,0,0
BRDA:932,75,1,0
BRDA:934,76,0,0
BRDA:934,76,1,0
BRF:159
BRH:0
end_of_record
TN:
SF:src\screens\DriverHomeScreen.tsx
FN:20,DriverHomeScreen
FN:28,(anonymous_1)
FN:29,(anonymous_2)
FN:38,(anonymous_3)
FN:59,(anonymous_4)
FN:61,(anonymous_5)
FN:68,(anonymous_6)
FN:74,(anonymous_7)
FN:78,(anonymous_8)
FN:80,(anonymous_9)
FN:81,(anonymous_10)
FN:84,(anonymous_11)
FN:90,(anonymous_12)
FN:95,(anonymous_13)
FN:135,(anonymous_14)
FN:142,(anonymous_15)
FN:148,(anonymous_16)
FN:150,(anonymous_17)
FN:157,(anonymous_18)
FN:160,(anonymous_19)
FN:165,(anonymous_20)
FN:174,(anonymous_21)
FN:202,(anonymous_22)
FN:230,(anonymous_23)
FN:240,(anonymous_24)
FN:286,(anonymous_25)
FN:296,(anonymous_26)
FN:308,(anonymous_27)
FNF:28
FNH:0
FNDA:0,DriverHomeScreen
FNDA:0,(anonymous_1)
FNDA:0,(anonymous_2)
FNDA:0,(anonymous_3)
FNDA:0,(anonymous_4)
FNDA:0,(anonymous_5)
FNDA:0,(anonymous_6)
FNDA:0,(anonymous_7)
FNDA:0,(anonymous_8)
FNDA:0,(anonymous_9)
FNDA:0,(anonymous_10)
FNDA:0,(anonymous_11)
FNDA:0,(anonymous_12)
FNDA:0,(anonymous_13)
FNDA:0,(anonymous_14)
FNDA:0,(anonymous_15)
FNDA:0,(anonymous_16)
FNDA:0,(anonymous_17)
FNDA:0,(anonymous_18)
FNDA:0,(anonymous_19)
FNDA:0,(anonymous_20)
FNDA:0,(anonymous_21)
FNDA:0,(anonymous_22)
FNDA:0,(anonymous_23)
FNDA:0,(anonymous_24)
FNDA:0,(anonymous_25)
FNDA:0,(anonymous_26)
FNDA:0,(anonymous_27)
DA:21,0
DA:22,0
DA:23,0
DA:24,0
DA:25,0
DA:26,0
DA:28,0
DA:29,0
DA:30,0
DA:31,0
DA:32,0
DA:35,0
DA:38,0
DA:39,0
DA:42,0
DA:43,0
DA:50,0
DA:58,0
DA:60,0
DA:61,0
DA:65,0
DA:66,0
DA:69,0
DA:70,0
DA:74,0
DA:78,0
DA:80,0
DA:81,0
DA:84,0
DA:85,0
DA:90,0
DA:91,0
DA:92,0
DA:93,0
DA:95,0
DA:96,0
DA:98,0
DA:99,0
DA:100,0
DA:103,0
DA:104,0
DA:111,0
DA:112,0
DA:123,0
DA:124,0
DA:126,0
DA:131,0
DA:132,0
DA:135,0
DA:136,0
DA:137,0
DA:142,0
DA:143,0
DA:144,0
DA:147,0
DA:148,0
DA:149,0
DA:151,0
DA:157,0
DA:158,0
DA:160,0
DA:161,0
DA:165,0
DA:166,0
DA:167,0
DA:168,0
DA:169,0
DA:170,0
DA:174,0
DA:175,0
DA:202,0
DA:230,0
DA:240,0
DA:242,0
DA:247,0
DA:286,0
DA:296,0
DA:308,0
DA:333,1
LF:79
LH:1
BRDA:30,0,0,0
BRDA:30,0,1,0
BRDA:42,1,0,0
BRDA:42,1,1,0
BRDA:91,2,0,0
BRDA:91,2,1,0
BRDA:96,3,0,0
BRDA:96,3,1,0
BRDA:136,4,0,0
BRDA:136,4,1,0
BRDA:136,5,0,0
BRDA:136,5,1,0
BRDA:147,6,0,0
BRDA:147,6,1,0
BRDA:166,7,0,0
BRDA:166,7,1,0
BRDA:166,7,2,0
BRDA:166,7,3,0
BRDA:177,8,0,0
BRDA:177,8,1,0
BRDA:209,9,0,0
BRDA:209,9,1,0
BRDA:209,9,2,0
BRDA:217,10,0,0
BRDA:217,10,1,0
BRDA:217,10,2,0
BRDA:254,11,0,0
BRDA:254,11,1,0
BRDA:268,12,0,0
BRDA:268,12,1,0
BRDA:277,13,0,0
BRDA:277,13,1,0
BRF:32
BRH:0
end_of_record
TN:
SF:src\screens\DriversListScreen.tsx
FN:35,DriversListScreen
FN:41,(anonymous_1)
FN:45,(anonymous_2)
FN:54,(anonymous_3)
FN:55,(anonymous_4)
FN:66,(anonymous_5)
FN:70,(anonymous_6)
FN:72,(anonymous_7)
FN:80,(anonymous_8)
FN:81,(anonymous_9)
FN:95,(anonymous_10)
FN:110,(anonymous_11)
FN:114,(anonymous_12)
FN:118,(anonymous_13)
FN:126,(anonymous_14)
FN:129,(anonymous_15)
FN:173,(anonymous_16)
FNF:17
FNH:0
FNDA:0,DriversListScreen
FNDA:0,(anonymous_1)
FNDA:0,(anonymous_2)
FNDA:0,(anonymous_3)
FNDA:0,(anonymous_4)
FNDA:0,(anonymous_5)
FNDA:0,(anonymous_6)
FNDA:0,(anonymous_7)
FNDA:0,(anonymous_8)
FNDA:0,(anonymous_9)
FNDA:0,(anonymous_10)
FNDA:0,(anonymous_11)
FNDA:0,(anonymous_12)
FNDA:0,(anonymous_13)
FNDA:0,(anonymous_14)
FNDA:0,(anonymous_15)
FNDA:0,(anonymous_16)
DA:36,0
DA:37,0
DA:38,0
DA:39,0
DA:41,0
DA:42,0
DA:43,0
DA:45,0
DA:46,0
DA:47,0
DA:49,0
DA:54,0
DA:55,0
DA:63,0
DA:66,0
DA:67,0
DA:70,0
DA:71,0
DA:72,0
DA:73,0
DA:74,0
DA:76,0
DA:80,0
DA:81,0
DA:82,0
DA:93,0
DA:96,0
DA:97,0
DA:101,0
DA:102,0
DA:104,0
DA:108,0
DA:110,0
DA:111,0
DA:112,0
DA:114,0
DA:118,0
DA:119,0
DA:126,0
DA:127,0
DA:129,0
DA:148,0
DA:149,0
DA:163,0
DA:173,0
DA:189,0
LF:46
LH:0
BRDA:57,0,0,0
BRDA:57,0,1,0
BRDA:76,1,0,0
BRDA:76,1,1,0
BRDA:76,1,2,0
BRDA:82,2,0,0
BRDA:82,2,1,0
BRDA:86,3,0,0
BRDA:86,3,1,0
BRDA:111,4,0,0
BRDA:111,4,1,0
BRDA:137,5,0,0
BRDA:137,5,1,0
BRDA:141,6,0,0
BRDA:141,6,1,0
BRDA:148,7,0,0
BRDA:148,7,1,0
BRF:17
BRH:0
end_of_record
TN:
SF:src\screens\InvoiceScreen.tsx
FN:67,InvoiceScreen
FN:76,(anonymous_1)
FN:81,(anonymous_2)
FN:88,(anonymous_3)
FN:106,(anonymous_4)
FN:115,(anonymous_5)
FN:134,(anonymous_6)
FN:250,(anonymous_7)
FN:258,(anonymous_8)
FN:259,(anonymous_9)
FN:285,(anonymous_10)
FN:286,(anonymous_11)
FN:322,(anonymous_12)
FN:405,(anonymous_13)
FN:416,(anonymous_14)
FN:466,(anonymous_15)
FN:476,(anonymous_16)
FNF:17
FNH:0
FNDA:0,InvoiceScreen
FNDA:0,(anonymous_1)
FNDA:0,(anonymous_2)
FNDA:0,(anonymous_3)
FNDA:0,(anonymous_4)
FNDA:0,(anonymous_5)
FNDA:0,(anonymous_6)
FNDA:0,(anonymous_7)
FNDA:0,(anonymous_8)
FNDA:0,(anonymous_9)
FNDA:0,(anonymous_10)
FNDA:0,(anonymous_11)
FNDA:0,(anonymous_12)
FNDA:0,(anonymous_13)
FNDA:0,(anonymous_14)
FNDA:0,(anonymous_15)
FNDA:0,(anonymous_16)
DA:68,0
DA:69,0
DA:70,0
DA:71,0
DA:72,0
DA:73,0
DA:74,0
DA:76,0
DA:77,0
DA:78,0
DA:81,0
DA:82,0
DA:83,0
DA:84,0
DA:85,0
DA:88,0
DA:89,0
DA:90,0
DA:93,0
DA:94,0
DA:96,0
DA:97,0
DA:99,0
DA:105,0
DA:106,0
DA:111,0
DA:114,0
DA:115,0
DA:116,0
DA:117,0
DA:118,0
DA:122,0
DA:123,0
DA:130,0
DA:134,0
DA:135,0
DA:136,0
DA:137,0
DA:210,0
DA:215,0
DA:216,0
DA:218,0
DA:219,0
DA:220,0
DA:222,0
DA:223,0
DA:228,0
DA:231,0
DA:238,0
DA:239,0
DA:246,0
DA:250,0
DA:251,0
DA:252,0
DA:258,0
DA:259,0
DA:260,0
DA:264,0
DA:265,0
DA:268,0
DA:275,0
DA:276,0
DA:285,0
DA:286,0
DA:287,0
DA:288,0
DA:322,0
DA:323,0
DA:325,0
DA:405,0
DA:416,0
DA:437,0
DA:438,0
DA:452,0
DA:467,0
DA:476,0
DA:488,0
LF:77
LH:0
BRDA:82,0,0,0
BRDA:82,0,1,0
BRDA:90,1,0,0
BRDA:90,1,1,0
BRDA:96,2,0,0
BRDA:96,2,1,0
BRDA:114,3,0,0
BRDA:114,3,1,0
BRDA:116,4,0,0
BRDA:116,4,1,0
BRDA:162,5,0,0
BRDA:162,5,1,0
BRDA:164,6,0,0
BRDA:164,6,1,0
BRDA:166,7,0,0
BRDA:166,7,1,0
BRDA:197,8,0,0
BRDA:197,8,1,0
BRDA:198,9,0,0
BRDA:198,9,1,0
BRDA:199,10,0,0
BRDA:199,10,1,0
BRDA:200,11,0,0
BRDA:200,11,1,0
BRDA:215,12,0,0
BRDA:215,12,1,0
BRDA:260,13,0,0
BRDA:260,13,1,0
BRDA:264,14,0,0
BRDA:264,14,1,0
BRDA:307,15,0,0
BRDA:307,15,1,0
BRDA:323,16,0,0
BRDA:323,16,1,0
BRDA:349,17,0,0
BRDA:349,17,1,0
BRDA:365,18,0,0
BRDA:365,18,1,0
BRDA:369,19,0,0
BRDA:369,19,1,0
BRDA:413,20,0,0
BRDA:413,20,1,0
BRDA:413,20,2,0
BRDA:427,21,0,0
BRDA:427,21,1,0
BRDA:437,22,0,0
BRDA:437,22,1,0
BRF:47
BRH:0
end_of_record
TN:
SF:src\screens\JobDetailsScreen.tsx
FN:32,JobDetailsScreen
FN:39,(anonymous_1)
FN:40,(anonymous_2)
FN:60,(anonymous_3)
FN:82,(anonymous_4)
FN:117,(anonymous_5)
FN:121,(anonymous_6)
FN:149,(anonymous_7)
FN:157,(anonymous_8)
FN:201,(anonymous_9)
FN:258,(anonymous_10)
FN:302,(anonymous_11)
FN:345,(anonymous_12)
FN:354,(anonymous_13)
FNF:14
FNH:0
FNDA:0,JobDetailsScreen
FNDA:0,(anonymous_1)
FNDA:0,(anonymous_2)
FNDA:0,(anonymous_3)
FNDA:0,(anonymous_4)
FNDA:0,(anonymous_5)
FNDA:0,(anonymous_6)
FNDA:0,(anonymous_7)
FNDA:0,(anonymous_8)
FNDA:0,(anonymous_9)
FNDA:0,(anonymous_10)
FNDA:0,(anonymous_11)
FNDA:0,(anonymous_12)
FNDA:0,(anonymous_13)
DA:33,0
DA:34,0
DA:35,0
DA:36,0
DA:37,0
DA:39,0
DA:40,0
DA:41,0
DA:42,0
DA:43,0
DA:44,0
DA:47,0
DA:48,0
DA:57,0
DA:60,0
DA:61,0
DA:63,0
DA:64,0
DA:65,0
DA:66,0
DA:68,0
DA:76,0
DA:81,0
DA:82,0
DA:83,0
DA:84,0
DA:85,0
DA:93,0
DA:95,0
DA:103,0
DA:105,0
DA:106,0
DA:113,0
DA:117,0
DA:118,0
DA:121,0
DA:122,0
DA:124,0
DA:125,0
DA:126,0
DA:128,0
DA:135,0
DA:137,0
DA:138,0
DA:145,0
DA:149,0
DA:150,0
DA:151,0
DA:152,0
DA:153,0
DA:154,0
DA:157,0
DA:158,0
DA:161,0
DA:162,0
DA:163,0
DA:164,0
DA:167,0
DA:168,0
DA:169,0
DA:172,0
DA:173,0
DA:174,0
DA:176,0
DA:180,0
DA:182,0
DA:183,0
DA:185,0
DA:188,0
DA:189,0
DA:190,0
DA:192,0
DA:195,0
DA:196,0
DA:198,0
DA:201,0
DA:202,0
DA:205,0
DA:206,0
DA:208,0
DA:209,0
DA:210,0
DA:213,0
DA:219,0
DA:220,0
DA:222,0
DA:248,0
DA:249,0
DA:250,0
DA:251,0
DA:253,0
DA:254,0
DA:258,0
DA:259,0
DA:260,0
DA:261,0
DA:264,0
DA:265,0
DA:266,0
DA:269,0
DA:270,0
DA:271,0
DA:273,0
DA:274,0
DA:277,0
DA:278,0
DA:279,0
DA:282,0
DA:288,0
DA:290,0
DA:291,0
DA:294,0
DA:299,0
DA:300,0
DA:302,0
DA:303,0
DA:304,0
DA:305,0
DA:313,0
DA:314,0
DA:316,0
DA:325,0
DA:328,0
DA:329,0
DA:337,0
DA:341,0
DA:342,0
DA:345,0
DA:346,0
DA:347,0
DA:348,0
DA:349,0
DA:350,0
DA:354,0
DA:355,0
DA:363,0
DA:364,0
DA:366,0
DA:455,0
LF:139
LH:0
BRDA:43,0,0,0
BRDA:43,0,1,0
BRDA:61,1,0,0
BRDA:61,1,1,0
BRDA:61,2,0,0
BRDA:61,2,1,0
BRDA:71,3,0,0
BRDA:71,3,1,0
BRDA:84,4,0,0
BRDA:84,4,1,0
BRDA:122,5,0,0
BRDA:122,5,1,0
BRDA:122,6,0,0
BRDA:122,6,1,0
BRDA:162,7,0,0
BRDA:162,7,1,0
BRDA:173,8,0,0
BRDA:173,8,1,0
BRDA:180,9,0,0
BRDA:180,9,1,0
BRDA:188,10,0,0
BRDA:188,10,1,0
BRDA:208,11,0,0
BRDA:208,11,1,0
BRDA:259,12,0,0
BRDA:259,12,1,0
BRDA:259,13,0,0
BRDA:259,13,1,0
BRDA:270,14,0,0
BRDA:270,14,1,0
BRDA:304,15,0,0
BRDA:304,15,1,0
BRDA:341,16,0,0
BRDA:341,16,1,0
BRDA:346,17,0,0
BRDA:346,17,1,0
BRDA:346,17,2,0
BRDA:346,17,3,0
BRDA:364,18,0,0
BRDA:364,18,1,0
BRDA:373,19,0,0
BRDA:373,19,1,0
BRDA:392,20,0,0
BRDA:392,20,1,0
BRDA:392,20,2,0
BRDA:405,21,0,0
BRDA:405,21,1,0
BRDA:405,21,2,0
BRDA:425,22,0,0
BRDA:425,22,1,0
BRDA:438,23,0,0
BRDA:438,23,1,0
BRF:52
BRH:0
end_of_record
TN:
SF:src\screens\LoginScreen.tsx
FN:33,LoginScreen
FN:40,(anonymous_1)
FN:106,(anonymous_2)
FN:173,(anonymous_3)
FN:223,(anonymous_4)
FN:302,(anonymous_5)
FN:337,(anonymous_6)
FNF:7
FNH:0
FNDA:0,LoginScreen
FNDA:0,(anonymous_1)
FNDA:0,(anonymous_2)
FNDA:0,(anonymous_3)
FNDA:0,(anonymous_4)
FNDA:0,(anonymous_5)
FNDA:0,(anonymous_6)
DA:26,0
DA:27,0
DA:34,0
DA:35,0
DA:36,0
DA:37,0
DA:38,0
DA:40,0
DA:41,0
DA:42,0
DA:48,0
DA:51,0
DA:52,0
DA:53,0
DA:56,0
DA:57,0
DA:60,0
DA:61,0
DA:62,0
DA:64,0
DA:65,0
DA:66,0
DA:69,0
DA:70,0
DA:73,0
DA:74,0
DA:75,0
DA:79,0
DA:81,0
DA:87,0
DA:88,0
DA:89,0
DA:91,0
DA:100,0
DA:107,0
DA:108,0
DA:109,0
DA:116,0
DA:125,0
DA:129,0
DA:130,0
DA:133,0
DA:140,0
DA:141,0
DA:144,0
DA:151,0
DA:152,0
DA:153,0
DA:154,0
DA:155,0
DA:156,0
DA:157,0
DA:158,0
DA:159,0
DA:162,0
DA:169,0
DA:173,0
DA:174,0
DA:175,0
DA:181,0
DA:184,0
DA:185,0
DA:186,0
DA:192,0
DA:195,0
DA:196,0
DA:197,0
DA:198,0
DA:205,0
DA:206,0
DA:207,0
DA:208,0
DA:209,0
DA:210,0
DA:212,0
DA:219,0
DA:223,0
DA:224,0
DA:226,0
DA:228,0
DA:230,0
DA:232,0
DA:234,0
DA:238,0
DA:302,0
DA:337,0
DA:353,0
LF:87
LH:0
BRDA:41,0,0,0
BRDA:41,0,1,0
BRDA:41,1,0,0
BRDA:41,1,1,0
BRDA:62,2,0,0
BRDA:62,2,1,0
BRDA:64,3,0,0
BRDA:64,3,1,0
BRDA:73,4,0,0
BRDA:73,4,1,0
BRDA:87,5,0,0
BRDA:87,5,1,0
BRDA:87,6,0,0
BRDA:87,6,1,0
BRDA:129,7,0,0
BRDA:129,7,1,0
BRDA:129,8,0,0
BRDA:129,8,1,0
BRDA:152,9,0,0
BRDA:152,9,1,0
BRDA:154,10,0,0
BRDA:154,10,1,0
BRDA:156,11,0,0
BRDA:156,11,1,0
BRDA:158,12,0,0
BRDA:158,12,1,0
BRDA:174,13,0,0
BRDA:174,13,1,0
BRDA:185,14,0,0
BRDA:185,14,1,0
BRDA:207,15,0,0
BRDA:207,15,1,0
BRDA:209,16,0,0
BRDA:209,16,1,0
BRDA:224,17,0,0
BRDA:224,17,1,0
BRDA:224,17,2,0
BRDA:224,17,3,0
BRDA:224,17,4,0
BRDA:241,18,0,0
BRDA:241,18,1,0
BRDA:301,19,0,0
BRDA:301,19,1,0
BRDA:317,20,0,0
BRDA:317,20,1,0
BRDA:373,21,0,0
BRDA:373,21,1,0
BRDA:383,22,0,0
BRDA:383,22,1,0
BRDA:384,23,0,0
BRDA:384,23,1,0
BRDA:400,24,0,0
BRDA:400,24,1,0
BRDA:408,25,0,0
BRDA:408,25,1,0
BRF:55
BRH:0
end_of_record
TN:
SF:src\screens\ProfileScreen.tsx
FN:40,ProfileScreen
FN:49,(anonymous_1)
FN:71,(anonymous_2)
FN:75,(anonymous_3)
FN:80,(anonymous_4)
FN:85,(anonymous_5)
FN:90,(anonymous_6)
FN:123,(anonymous_7)
FN:124,(anonymous_8)
FN:130,(anonymous_9)
FN:135,(anonymous_10)
FN:142,(anonymous_11)
FN:167,(anonymous_12)
FN:173,(anonymous_13)
FN:249,(anonymous_14)
FN:262,(anonymous_15)
FN:266,(anonymous_16)
FN:269,(anonymous_17)
FN:284,(anonymous_18)
FN:305,(anonymous_19)
FN:353,(anonymous_20)
FN:365,(anonymous_21)
FN:377,(anonymous_22)
FN:394,(anonymous_23)
FN:413,(anonymous_24)
FNF:25
FNH:0
FNDA:0,ProfileScreen
FNDA:0,(anonymous_1)
FNDA:0,(anonymous_2)
FNDA:0,(anonymous_3)
FNDA:0,(anonymous_4)
FNDA:0,(anonymous_5)
FNDA:0,(anonymous_6)
FNDA:0,(anonymous_7)
FNDA:0,(anonymous_8)
FNDA:0,(anonymous_9)
FNDA:0,(anonymous_10)
FNDA:0,(anonymous_11)
FNDA:0,(anonymous_12)
FNDA:0,(anonymous_13)
FNDA:0,(anonymous_14)
FNDA:0,(anonymous_15)
FNDA:0,(anonymous_16)
FNDA:0,(anonymous_17)
FNDA:0,(anonymous_18)
FNDA:0,(anonymous_19)
FNDA:0,(anonymous_20)
FNDA:0,(anonymous_21)
FNDA:0,(anonymous_22)
FNDA:0,(anonymous_23)
FNDA:0,(anonymous_24)
DA:27,0
DA:41,0
DA:42,0
DA:43,0
DA:44,0
DA:45,0
DA:46,0
DA:47,0
DA:49,0
DA:50,0
DA:51,0
DA:53,0
DA:54,0
DA:55,0
DA:58,0
DA:59,0
DA:66,0
DA:67,0
DA:71,0
DA:72,0
DA:75,0
DA:76,0
DA:77,0
DA:80,0
DA:81,0
DA:82,0
DA:85,0
DA:86,0
DA:87,0
DA:90,0
DA:91,0
DA:92,0
DA:93,0
DA:95,0
DA:96,0
DA:100,0
DA:101,0
DA:102,0
DA:104,0
DA:111,0
DA:112,0
DA:119,0
DA:123,0
DA:124,0
DA:130,0
DA:131,0
DA:135,0
DA:142,0
DA:143,0
DA:167,0
DA:173,0
DA:174,0
DA:182,0
DA:183,0
DA:197,0
DA:249,0
DA:263,0
DA:267,0
DA:268,0
DA:269,0
DA:271,0
DA:284,0
DA:306,0
DA:353,0
DA:365,0
DA:378,0
DA:379,0
DA:394,0
DA:413,0
DA:427,0
LF:70
LH:0
BRDA:51,0,0,0
BRDA:51,0,1,0
BRDA:54,1,0,0
BRDA:54,1,1,0
BRDA:92,2,0,0
BRDA:92,2,1,0
BRDA:134,3,0,0
BRDA:134,3,1,0
BRDA:145,4,0,0
BRDA:145,4,1,0
BRDA:182,5,0,0
BRDA:182,5,1,0
BRDA:214,6,0,0
BRDA:214,6,1,0
BRDA:219,7,0,0
BRDA:219,7,1,0
BRDA:220,8,0,0
BRDA:220,8,1,0
BRDA:226,9,0,0
BRDA:226,9,1,0
BRDA:228,10,0,0
BRDA:228,10,1,0
BRDA:244,11,0,0
BRDA:244,11,1,0
BRDA:248,12,0,0
BRDA:248,12,1,0
BRDA:254,13,0,0
BRDA:254,13,1,0
BRDA:258,14,0,0
BRDA:258,14,1,0
BRDA:265,15,0,0
BRDA:265,15,1,0
BRDA:267,16,0,0
BRDA:267,16,1,0
BRDA:268,17,0,0
BRDA:268,17,1,0
BRDA:283,18,0,0
BRDA:283,18,1,0
BRDA:292,19,0,0
BRDA:292,19,1,0
BRDA:305,20,0,0
BRDA:305,20,1,0
BRDA:322,21,0,0
BRDA:322,21,1,0
BRDA:328,22,0,0
BRDA:328,22,1,0
BRDA:328,22,2,0
BRDA:339,23,0,0
BRDA:339,23,1,0
BRDA:339,24,0,0
BRDA:339,24,1,0
BRDA:340,25,0,0
BRDA:340,25,1,0
BRDA:341,26,0,0
BRDA:341,26,1,0
BRDA:348,27,0,0
BRDA:348,27,1,0
BRDA:352,28,0,0
BRDA:352,28,1,0
BRDA:358,29,0,0
BRDA:358,29,1,0
BRDA:364,30,0,0
BRDA:364,30,1,0
BRDA:370,31,0,0
BRDA:370,31,1,0
BRDA:376,32,0,0
BRDA:376,32,1,0
BRDA:378,33,0,0
BRDA:378,33,1,0
BRDA:384,34,0,0
BRDA:384,34,1,0
BRDA:387,35,0,0
BRDA:387,35,1,0
BRDA:387,35,2,0
BRDA:393,36,0,0
BRDA:393,36,1,0
BRDA:404,37,0,0
BRDA:404,37,1,0
BRF:78
BRH:0
end_of_record
TN:
SF:src\screens\RegisterScreen.tsx
FN:35,RegisterScreen
FN:47,(anonymous_1)
FN:124,(anonymous_2)
FN:225,(anonymous_3)
FN:252,(anonymous_4)
FN:266,(anonymous_5)
FN:291,(anonymous_6)
FN:298,(anonymous_7)
FN:320,(anonymous_8)
FNF:9
FNH:0
FNDA:0,RegisterScreen
FNDA:0,(anonymous_1)
FNDA:0,(anonymous_2)
FNDA:0,(anonymous_3)
FNDA:0,(anonymous_4)
FNDA:0,(anonymous_5)
FNDA:0,(anonymous_6)
FNDA:0,(anonymous_7)
FNDA:0,(anonymous_8)
DA:28,0
DA:29,0
DA:36,0
DA:37,0
DA:38,0
DA:39,0
DA:40,0
DA:41,0
DA:42,0
DA:43,0
DA:44,0
DA:45,0
DA:47,0
DA:48,0
DA:49,0
DA:55,0
DA:58,0
DA:59,0
DA:65,0
DA:68,0
DA:69,0
DA:75,0
DA:78,0
DA:79,0
DA:80,0
DA:81,0
DA:84,0
DA:87,0
DA:98,0
DA:107,0
DA:108,0
DA:111,0
DA:112,0
DA:119,0
DA:124,0
DA:125,0
DA:127,0
DA:129,0
DA:131,0
DA:133,0
DA:135,0
DA:137,0
DA:141,0
DA:225,0
DA:252,0
DA:266,0
DA:291,0
DA:298,0
DA:320,0
DA:336,0
LF:50
LH:0
BRDA:48,0,0,0
BRDA:48,0,1,0
BRDA:48,1,0,0
BRDA:48,1,1,0
BRDA:48,1,2,0
BRDA:48,1,3,0
BRDA:58,2,0,0
BRDA:58,2,1,0
BRDA:68,3,0,0
BRDA:68,3,1,0
BRDA:115,4,0,0
BRDA:115,4,1,0
BRDA:125,5,0,0
BRDA:125,5,1,0
BRDA:125,5,2,0
BRDA:125,5,3,0
BRDA:125,5,4,0
BRDA:125,5,5,0
BRDA:144,6,0,0
BRDA:144,6,1,0
BRDA:224,7,0,0
BRDA:224,7,1,0
BRDA:251,8,0,0
BRDA:251,8,1,0
BRDA:273,9,0,0
BRDA:273,9,1,0
BRDA:281,10,0,0
BRDA:281,10,1,0
BRDA:290,11,0,0
BRDA:290,11,1,0
BRDA:356,12,0,0
BRDA:356,12,1,0
BRDA:366,13,0,0
BRDA:366,13,1,0
BRDA:367,14,0,0
BRDA:367,14,1,0
BRDA:383,15,0,0
BRDA:383,15,1,0
BRDA:391,16,0,0
BRDA:391,16,1,0
BRDA:422,17,0,0
BRDA:422,17,1,0
BRF:42
BRH:0
end_of_record
TN:
SF:src\screens\SettingsScreen.tsx
FN:17,SettingsScreen
FN:25,(anonymous_1)
FN:47,(anonymous_2)
FN:48,(anonymous_3)
FN:62,(anonymous_4)
FN:63,(anonymous_5)
FN:81,(anonymous_6)
FN:82,(anonymous_7)
FN:100,(anonymous_8)
FN:107,(anonymous_9)
FN:108,(anonymous_10)
FN:114,(anonymous_11)
FN:115,(anonymous_12)
FN:127,(anonymous_13)
FN:128,(anonymous_14)
FN:131,(anonymous_15)
FNF:16
FNH:0
FNDA:0,SettingsScreen
FNDA:0,(anonymous_1)
FNDA:0,(anonymous_2)
FNDA:0,(anonymous_3)
FNDA:0,(anonymous_4)
FNDA:0,(anonymous_5)
FNDA:0,(anonymous_6)
FNDA:0,(anonymous_7)
FNDA:0,(anonymous_8)
FNDA:0,(anonymous_9)
FNDA:0,(anonymous_10)
FNDA:0,(anonymous_11)
FNDA:0,(anonymous_12)
FNDA:0,(anonymous_13)
FNDA:0,(anonymous_14)
FNDA:0,(anonymous_15)
DA:18,0
DA:19,0
DA:20,0
DA:21,0
DA:22,0
DA:23,0
DA:25,0
DA:26,0
DA:32,0
DA:47,0
DA:49,0
DA:62,0
DA:64,0
DA:81,0
DA:83,0
DA:100,0
DA:107,0
DA:108,0
DA:114,0
DA:127,0
DA:129,0
DA:131,0
DA:146,0
LF:23
LH:0
BRDA:131,0,0,0
BRDA:131,0,1,0
BRF:2
BRH:0
end_of_record
TN:
SF:src\screens\TermsOfServiceScreen.tsx
FN:12,TermsOfServiceScreen
FN:23,(anonymous_1)
FN:27,(anonymous_2)
FN:33,(anonymous_3)
FN:39,(anonymous_4)
FN:57,(anonymous_5)
FN:129,(anonymous_6)
FN:136,(anonymous_7)
FN:155,(anonymous_8)
FN:155,(anonymous_9)
FNF:10
FNH:0
FNDA:0,TermsOfServiceScreen
FNDA:0,(anonymous_1)
FNDA:0,(anonymous_2)
FNDA:0,(anonymous_3)
FNDA:0,(anonymous_4)
FNDA:0,(anonymous_5)
FNDA:0,(anonymous_6)
FNDA:0,(anonymous_7)
FNDA:0,(anonymous_8)
FNDA:0,(anonymous_9)
DA:13,0
DA:14,0
DA:15,0
DA:16,0
DA:20,0
DA:21,0
DA:23,0
DA:24,0
DA:27,0
DA:28,0
DA:29,0
DA:30,0
DA:32,0
DA:33,0
DA:38,0
DA:39,0
DA:45,0
DA:46,0
DA:53,0
DA:57,0
DA:58,0
DA:60,0
DA:61,0
DA:64,0
DA:71,0
DA:77,0
DA:84,0
DA:85,0
DA:92,0
DA:96,0
DA:97,0
DA:110,0
DA:129,0
DA:136,0
DA:155,0
DA:191,0
LF:36
LH:0
BRDA:32,0,0,0
BRDA:32,0,1,0
BRDA:35,1,0,0
BRDA:35,1,1,0
BRDA:38,2,0,0
BRDA:38,2,1,0
BRDA:41,3,0,0
BRDA:41,3,1,0
BRDA:58,4,0,0
BRDA:58,4,1,0
BRDA:96,5,0,0
BRDA:96,5,1,0
BRDA:113,6,0,0
BRDA:113,6,1,0
BRDA:115,7,0,0
BRDA:115,7,1,0
BRDA:128,8,0,0
BRDA:128,8,1,0
BRDA:135,9,0,0
BRDA:135,9,1,0
BRDA:150,10,0,0
BRDA:150,10,1,0
BRDA:159,11,0,0
BRDA:159,11,1,0
BRDA:166,12,0,0
BRDA:166,12,1,0
BRDA:171,13,0,0
BRDA:171,13,1,0
BRDA:180,14,0,0
BRDA:180,14,1,0
BRF:30
BRH:0
end_of_record
TN:
SF:src\screens\UploadTermsScreen.tsx
FN:11,UploadTermsScreen
FN:16,(anonymous_1)
FN:20,(anonymous_2)
FN:42,(anonymous_3)
FNF:4
FNH:0
FNDA:0,UploadTermsScreen
FNDA:0,(anonymous_1)
FNDA:0,(anonymous_2)
FNDA:0,(anonymous_3)
DA:12,0
DA:13,0
DA:14,0
DA:16,0
DA:17,0
DA:20,0
DA:21,0
DA:22,0
DA:23,0
DA:25,0
DA:26,0
DA:28,0
DA:29,0
DA:32,0
DA:33,0
DA:42,0
DA:43,0
DA:44,0
DA:50,0
DA:53,0
DA:54,0
DA:57,0
DA:64,0
DA:70,0
DA:77,0
DA:78,0
DA:85,0
DA:89,0
DA:158,0
LF:29
LH:0
BRDA:25,0,0,0
BRDA:25,0,1,0
BRDA:26,1,0,0
BRDA:26,1,1,0
BRDA:28,2,0,0
BRDA:28,2,1,0
BRDA:29,3,0,0
BRDA:29,3,1,0
BRDA:43,4,0,0
BRDA:43,4,1,0
BRDA:43,5,0,0
BRDA:43,5,1,0
BRDA:146,6,0,0
BRDA:146,6,1,0
BRDA:146,6,2,0
BRF:15
BRH:0
end_of_record
TN:
SF:src\screens\WelcomeScreen.tsx
FN:31,WelcomeScreen
FN:38,(anonymous_1)
FN:57,(anonymous_2)
FN:69,(anonymous_3)
FN:73,(anonymous_4)
FN:86,(anonymous_5)
FN:100,(anonymous_6)
FN:189,(anonymous_7)
FN:190,(anonymous_8)
FNF:9
FNH:0
FNDA:0,WelcomeScreen
FNDA:0,(anonymous_1)
FNDA:0,(anonymous_2)
FNDA:0,(anonymous_3)
FNDA:0,(anonymous_4)
FNDA:0,(anonymous_5)
FNDA:0,(anonymous_6)
FNDA:0,(anonymous_7)
FNDA:0,(anonymous_8)
DA:23,0
DA:29,0
DA:32,0
DA:33,0
DA:34,0
DA:35,0
DA:36,0
DA:38,0
DA:40,0
DA:50,0
DA:57,0
DA:58,0
DA:59,0
DA:64,0
DA:69,0
DA:70,0
DA:73,0
DA:74,0
DA:75,0
DA:76,0
DA:77,0
DA:78,0
DA:81,0
DA:82,0
DA:86,0
DA:87,0
DA:88,0
DA:89,0
DA:90,0
DA:93,0
DA:95,0
DA:96,0
DA:100,0
DA:101,0
DA:102,0
DA:103,0
DA:104,0
DA:109,0
DA:189,0
DA:191,0
DA:192,0
DA:204,0
LF:42
LH:0
BRDA:58,0,0,0
BRDA:58,0,1,0
BRDA:77,1,0,0
BRDA:77,1,1,0
BRDA:88,2,0,0
BRDA:88,2,1,0
BRDA:101,3,0,0
BRDA:101,3,1,0
BRDA:101,4,0,0
BRDA:101,4,1,0
BRDA:103,5,0,0
BRDA:103,5,1,0
BRDA:174,6,0,0
BRDA:174,6,1,0
BRDA:183,7,0,0
BRDA:183,7,1,0
BRF:16
BRH:0
end_of_record
TN:
SF:src\styles\common.ts
FNF:0
FNH:0
DA:3,0
DA:14,0
LF:2
LH:0
BRF:0
BRH:0
end_of_record
TN:
SF:src\types\index.ts
FNF:0
FNH:0
LF:0
LH:0
BRF:0
BRH:0
end_of_record
TN:
SF:src\utils\dimensions.ts
FN:10,(anonymous_0)
FN:11,(anonymous_1)
FN:12,(anonymous_2)
FN:13,(anonymous_3)
FNF:4
FNH:0
FNDA:0,(anonymous_0)
FNDA:0,(anonymous_1)
FNDA:0,(anonymous_2)
FNDA:0,(anonymous_3)
DA:3,0
DA:6,0
DA:7,0
DA:10,0
DA:11,0
DA:12,0
DA:13,0
DA:16,0
DA:17,0
DA:18,0
DA:19,0
DA:22,0
DA:23,0
LF:13
LH:0
BRDA:12,0,0,0
BRDA:13,1,0,0
BRF:2
BRH:0
end_of_record
TN:
SF:src\utils\jobs.ts
FN:5,(anonymous_0)
FN:11,(anonymous_1)
FN:23,(anonymous_2)
FN:33,(anonymous_3)
FN:45,(anonymous_4)
FN:62,(anonymous_5)
FNF:6
FNH:0
FNDA:0,(anonymous_0)
FNDA:0,(anonymous_1)
FNDA:0,(anonymous_2)
FNDA:0,(anonymous_3)
FNDA:0,(anonymous_4)
FNDA:0,(anonymous_5)
DA:5,0
DA:6,0
DA:7,0
DA:8,0
DA:9,0
DA:11,0
DA:18,0
DA:19,0
DA:23,0
DA:24,0
DA:25,0
DA:26,0
DA:31,0
DA:33,0
DA:40,0
DA:41,0
DA:45,0
DA:46,0
DA:47,0
DA:50,0
DA:51,0
DA:57,0
DA:60,0
DA:62,0
DA:69,0
DA:70,0
LF:26
LH:0
BRDA:14,0,0,0
BRDA:14,0,1,0
BRDA:15,1,0,0
BRDA:15,1,1,0
BRDA:36,2,0,0
BRDA:36,2,1,0
BRDA:37,3,0,0
BRDA:37,3,1,0
BRDA:50,4,0,0
BRDA:50,4,1,0
BRDA:65,5,0,0
BRDA:65,5,1,0
BRDA:66,6,0,0
BRDA:66,6,1,0
BRF:14
BRH:0
end_of_record
TN:
SF:src\utils\maps.ts
FN:3,(anonymous_0)
FN:29,(anonymous_1)
FNF:2
FNH:0
FNDA:0,(anonymous_0)
FNDA:0,(anonymous_1)
DA:3,1
DA:4,0
DA:5,0
DA:6,0
DA:12,0
DA:14,0
DA:15,0
DA:18,0
DA:19,0
DA:22,0
DA:23,0
DA:30,0
DA:31,0
LF:13
LH:1
BRDA:14,0,0,0
BRDA:14,0,1,0
BRF:2
BRH:0
end_of_record
TN:
SF:src\utils\notifications.ts
FN:7,(anonymous_0)
FN:15,(anonymous_1)
FN:75,(anonymous_2)
FN:93,(anonymous_3)
FNF:4
FNH:0
FNDA:0,(anonymous_0)
FNDA:0,(anonymous_1)
FNDA:0,(anonymous_2)
FNDA:0,(anonymous_3)
DA:6,1
DA:7,0
DA:15,1
DA:17,0
DA:19,0
DA:20,0
DA:21,0
DA:32,0
DA:33,0
DA:34,0
DA:36,0
DA:37,0
DA:38,0
DA:39,0
DA:40,0
DA:43,0
DA:44,0
DA:45,0
DA:46,0
DA:49,0
DA:50,0
DA:51,0
DA:52,0
DA:53,0
DA:55,0
DA:58,0
DA:60,0
DA:61,0
DA:62,0
DA:68,0
DA:71,0
DA:75,1
DA:76,0
DA:77,0
DA:87,0
DA:89,0
DA:93,1
DA:94,0
DA:97,0
DA:99,0
DA:123,0
DA:124,0
DA:134,0
DA:135,0
DA:136,0
DA:137,0
DA:140,0
DA:141,0
DA:143,0
DA:144,0
DA:145,0
LF:51
LH:4
BRDA:19,0,0,0
BRDA:19,0,1,0
BRDA:36,1,0,0
BRDA:36,1,1,0
BRDA:43,2,0,0
BRDA:43,2,1,0
BRDA:52,3,0,0
BRDA:52,3,1,0
BRDA:61,4,0,0
BRDA:61,4,1,0
BRDA:134,5,0,0
BRDA:134,5,1,0
BRDA:144,6,0,0
BRDA:144,6,1,0
BRF:14
BRH:0
end_of_record
TN:
SF:src\utils\onlineStatus.ts
FN:4,(anonymous_0)
FN:18,(anonymous_1)
FN:19,(anonymous_2)
FN:25,(anonymous_3)
FN:30,(anonymous_4)
FNF:5
FNH:0
FNDA:0,(anonymous_0)
FNDA:0,(anonymous_1)
FNDA:0,(anonymous_2)
FNDA:0,(anonymous_3)
FNDA:0,(anonymous_4)
DA:4,0
DA:5,0
DA:7,0
DA:8,0
DA:9,0
DA:18,0
DA:19,0
DA:22,0
DA:25,0
DA:26,0
DA:30,0
DA:31,0
DA:32,0
LF:13
LH:0
BRDA:5,0,0,0
BRDA:5,0,1,0
BRDA:19,1,0,0
BRDA:19,1,1,0
BRF:4
BRH:0
end_of_record
